{
  "/Users/user/Desktop/repos/puc/mikbooks/src/components/Logo.tsx": {
    "path": "/Users/user/Desktop/repos/puc/mikbooks/src/components/Logo.tsx",
    "statementMap": {
      "0": {
        "start": {
          "line": 3,
          "column": 20
        },
        "end": {
          "line": 3,
          "column": 97
        }
      },
      "1": {
        "start": {
          "line": 6,
          "column": 0
        },
        "end": {
          "line": 16,
          "column": 1
        }
      },
      "2": {
        "start": {
          "line": 7,
          "column": 2
        },
        "end": {
          "line": 9,
          "column": 3
        }
      },
      "3": {
        "start": {
          "line": 8,
          "column": 4
        },
        "end": {
          "line": 8,
          "column": 165
        }
      },
      "4": {
        "start": {
          "line": 10,
          "column": 2
        },
        "end": {
          "line": 10,
          "column": 39
        }
      },
      "5": {
        "start": {
          "line": 11,
          "column": 2
        },
        "end": {
          "line": 11,
          "column": 39
        }
      },
      "6": {
        "start": {
          "line": 12,
          "column": 2
        },
        "end": {
          "line": 14,
          "column": 4
        }
      },
      "7": {
        "start": {
          "line": 13,
          "column": 4
        },
        "end": {
          "line": 13,
          "column": 106
        }
      },
      "8": {
        "start": {
          "line": 15,
          "column": 2
        },
        "end": {
          "line": 15,
          "column": 75
        }
      },
      "9": {
        "start": {
          "line": 19,
          "column": 2
        },
        "end": {
          "line": 23,
          "column": 11
        }
      },
      "10": {
        "start": {
          "line": 25,
          "column": 0
        },
        "end": {
          "line": 25,
          "column": 10
        }
      },
      "11": {
        "start": {
          "line": 27,
          "column": 0
        },
        "end": {
          "line": 27,
          "column": 25
        }
      },
      "12": {
        "start": {
          "line": 28,
          "column": 0
        },
        "end": {
          "line": 41,
          "column": 1
        }
      },
      "13": {
        "start": {
          "line": 29,
          "column": 2
        },
        "end": {
          "line": 29,
          "column": 39
        }
      },
      "14": {
        "start": {
          "line": 30,
          "column": 2
        },
        "end": {
          "line": 30,
          "column": 39
        }
      },
      "15": {
        "start": {
          "line": 31,
          "column": 2
        },
        "end": {
          "line": 40,
          "column": 5
        }
      },
      "16": {
        "start": {
          "line": 32,
          "column": 4
        },
        "end": {
          "line": 32,
          "column": 132
        }
      },
      "17": {
        "start": {
          "line": 33,
          "column": 4
        },
        "end": {
          "line": 39,
          "column": 7
        }
      },
      "18": {
        "start": {
          "line": 34,
          "column": 6
        },
        "end": {
          "line": 35,
          "column": 15
        }
      },
      "19": {
        "start": {
          "line": 35,
          "column": 8
        },
        "end": {
          "line": 35,
          "column": 15
        }
      },
      "20": {
        "start": {
          "line": 36,
          "column": 32
        },
        "end": {
          "line": 36,
          "column": 115
        }
      },
      "21": {
        "start": {
          "line": 37,
          "column": 6
        },
        "end": {
          "line": 38,
          "column": 54
        }
      },
      "22": {
        "start": {
          "line": 38,
          "column": 8
        },
        "end": {
          "line": 38,
          "column": 54
        }
      }
    },
    "fnMap": {
      "0": {
        "name": "(anonymous_0)",
        "decl": {
          "start": {
            "line": 12,
            "column": 24
          },
          "end": {
            "line": 12,
            "column": 25
          }
        },
        "loc": {
          "start": {
            "line": 12,
            "column": 38
          },
          "end": {
            "line": 14,
            "column": 3
          }
        },
        "line": 12
      },
      "1": {
        "name": "Logo",
        "decl": {
          "start": {
            "line": 18,
            "column": 24
          },
          "end": {
            "line": 18,
            "column": 28
          }
        },
        "loc": {
          "start": {
            "line": 18,
            "column": 43
          },
          "end": {
            "line": 24,
            "column": 1
          }
        },
        "line": 18
      },
      "2": {
        "name": "(anonymous_2)",
        "decl": {
          "start": {
            "line": 31,
            "column": 52
          },
          "end": {
            "line": 31,
            "column": 53
          }
        },
        "loc": {
          "start": {
            "line": 31,
            "column": 72
          },
          "end": {
            "line": 40,
            "column": 3
          }
        },
        "line": 31
      },
      "3": {
        "name": "(anonymous_3)",
        "decl": {
          "start": {
            "line": 33,
            "column": 27
          },
          "end": {
            "line": 33,
            "column": 28
          }
        },
        "loc": {
          "start": {
            "line": 33,
            "column": 44
          },
          "end": {
            "line": 39,
            "column": 5
          }
        },
        "line": 33
      }
    },
    "branchMap": {
      "0": {
        "loc": {
          "start": {
            "line": 3,
            "column": 20
          },
          "end": {
            "line": 3,
            "column": 97
          }
        },
        "type": "binary-expr",
        "locations": [
          {
            "start": {
              "line": 3,
              "column": 20
            },
            "end": {
              "line": 3,
              "column": 60
            }
          },
          {
            "start": {
              "line": 3,
              "column": 64
            },
            "end": {
              "line": 3,
              "column": 97
            }
          }
        ],
        "line": 3
      },
      "1": {
        "loc": {
          "start": {
            "line": 6,
            "column": 0
          },
          "end": {
            "line": 16,
            "column": 1
          }
        },
        "type": "if",
        "locations": [
          {
            "start": {
              "line": 6,
              "column": 0
            },
            "end": {
              "line": 16,
              "column": 1
            }
          },
          {
            "start": {},
            "end": {}
          }
        ],
        "line": 6
      },
      "2": {
        "loc": {
          "start": {
            "line": 6,
            "column": 4
          },
          "end": {
            "line": 6,
            "column": 35
          }
        },
        "type": "binary-expr",
        "locations": [
          {
            "start": {
              "line": 6,
              "column": 4
            },
            "end": {
              "line": 6,
              "column": 19
            }
          },
          {
            "start": {
              "line": 6,
              "column": 23
            },
            "end": {
              "line": 6,
              "column": 35
            }
          }
        ],
        "line": 6
      },
      "3": {
        "loc": {
          "start": {
            "line": 7,
            "column": 2
          },
          "end": {
            "line": 9,
            "column": 3
          }
        },
        "type": "if",
        "locations": [
          {
            "start": {
              "line": 7,
              "column": 2
            },
            "end": {
              "line": 9,
              "column": 3
            }
          },
          {
            "start": {},
            "end": {}
          }
        ],
        "line": 7
      },
      "4": {
        "loc": {
          "start": {
            "line": 28,
            "column": 0
          },
          "end": {
            "line": 41,
            "column": 1
          }
        },
        "type": "if",
        "locations": [
          {
            "start": {
              "line": 28,
              "column": 0
            },
            "end": {
              "line": 41,
              "column": 1
            }
          },
          {
            "start": {},
            "end": {}
          }
        ],
        "line": 28
      },
      "5": {
        "loc": {
          "start": {
            "line": 28,
            "column": 4
          },
          "end": {
            "line": 28,
            "column": 35
          }
        },
        "type": "binary-expr",
        "locations": [
          {
            "start": {
              "line": 28,
              "column": 4
            },
            "end": {
              "line": 28,
              "column": 19
            }
          },
          {
            "start": {
              "line": 28,
              "column": 23
            },
            "end": {
              "line": 28,
              "column": 35
            }
          }
        ],
        "line": 28
      },
      "6": {
        "loc": {
          "start": {
            "line": 34,
            "column": 6
          },
          "end": {
            "line": 35,
            "column": 15
          }
        },
        "type": "if",
        "locations": [
          {
            "start": {
              "line": 34,
              "column": 6
            },
            "end": {
              "line": 35,
              "column": 15
            }
          },
          {
            "start": {},
            "end": {}
          }
        ],
        "line": 34
      },
      "7": {
        "loc": {
          "start": {
            "line": 37,
            "column": 6
          },
          "end": {
            "line": 38,
            "column": 54
          }
        },
        "type": "if",
        "locations": [
          {
            "start": {
              "line": 37,
              "column": 6
            },
            "end": {
              "line": 38,
              "column": 54
            }
          },
          {
            "start": {},
            "end": {}
          }
        ],
        "line": 37
      }
    },
    "s": {
      "0": 1,
      "1": 1,
      "2": 1,
      "3": 0,
      "4": 1,
      "5": 1,
      "6": 1,
      "7": 1,
      "8": 1,
      "9": 2,
      "10": 1,
      "11": 1,
      "12": 1,
      "13": 1,
      "14": 1,
      "15": 1,
      "16": 0,
      "17": 0,
      "18": 0,
      "19": 0,
      "20": 0,
      "21": 0,
      "22": 0
    },
    "f": {
      "0": 1,
      "1": 2,
      "2": 0,
      "3": 0
    },
    "b": {
      "0": [
        1,
        0
      ],
      "1": [
        1,
        0
      ],
      "2": [
        1,
        1
      ],
      "3": [
        0,
        1
      ],
      "4": [
        1,
        0
      ],
      "5": [
        1,
        1
      ],
      "6": [
        0,
        0
      ],
      "7": [
        0,
        0
      ]
    },
    "inputSourceMap": {
      "version": 3,
      "mappings": "AAMS;AANT,2BAAoB;AAAsB;AAAA;AAAA;AAAA;AAAA;AAAA;AAAA;AAAA;AAAA;AAAA;AAAA;AAAA;AAAA;AAAA;AAAA;AAK1C,wBAAwBA,KAAK,EAAE,GAAGC,MAAwB,GAAG;AAC3D,SAAO,uBAAC,eAAY,aAAa,GAAG,MAAM,IAAI,GAAIA,SAA3C;AAAA;AAAA;AAAA;AAAA,SAAiD;AAC1D;AAACC,KAFuBF;AAAI,IAAAE;AAAAC,aAAAD,IAAA",
      "names": [
        "Logo",
        "props",
        "_c",
        "$RefreshReg$"
      ],
      "sources": [
        "/Users/user/Desktop/repos/puc/mikbooks/src/components/Logo.tsx"
      ],
      "file": "/Users/user/Desktop/repos/puc/mikbooks/src/components/Logo.tsx"
    },
    "_coverageSchema": "1a1c01bbd47fc00a2c39e90264f33305004495a9",
    "hash": "4803496f9c47e4b3424d1b808515e13a531281c8"
  },
  "/Users/user/Desktop/repos/puc/mikbooks/src/components/navbar/User.tsx": {
    "path": "/Users/user/Desktop/repos/puc/mikbooks/src/components/navbar/User.tsx",
    "statementMap": {
      "0": {
        "start": {
          "line": 3,
          "column": 20
        },
        "end": {
          "line": 3,
          "column": 97
        }
      },
      "1": {
        "start": {
          "line": 6,
          "column": 0
        },
        "end": {
          "line": 16,
          "column": 1
        }
      },
      "2": {
        "start": {
          "line": 7,
          "column": 2
        },
        "end": {
          "line": 9,
          "column": 3
        }
      },
      "3": {
        "start": {
          "line": 8,
          "column": 4
        },
        "end": {
          "line": 8,
          "column": 165
        }
      },
      "4": {
        "start": {
          "line": 10,
          "column": 2
        },
        "end": {
          "line": 10,
          "column": 39
        }
      },
      "5": {
        "start": {
          "line": 11,
          "column": 2
        },
        "end": {
          "line": 11,
          "column": 39
        }
      },
      "6": {
        "start": {
          "line": 12,
          "column": 2
        },
        "end": {
          "line": 14,
          "column": 4
        }
      },
      "7": {
        "start": {
          "line": 13,
          "column": 4
        },
        "end": {
          "line": 13,
          "column": 113
        }
      },
      "8": {
        "start": {
          "line": 15,
          "column": 2
        },
        "end": {
          "line": 15,
          "column": 75
        }
      },
      "9": {
        "start": {
          "line": 17,
          "column": 9
        },
        "end": {
          "line": 17,
          "column": 23
        }
      },
      "10": {
        "start": {
          "line": 29,
          "column": 2
        },
        "end": {
          "line": 29,
          "column": 7
        }
      },
      "11": {
        "start": {
          "line": 30,
          "column": 74
        },
        "end": {
          "line": 30,
          "column": 84
        }
      },
      "12": {
        "start": {
          "line": 31,
          "column": 2
        },
        "end": {
          "line": 54,
          "column": 6
        }
      },
      "13": {
        "start": {
          "line": 32,
          "column": 4
        },
        "end": {
          "line": 32,
          "column": 16
        }
      },
      "14": {
        "start": {
          "line": 33,
          "column": 7
        },
        "end": {
          "line": 54,
          "column": 6
        }
      },
      "15": {
        "start": {
          "line": 34,
          "column": 4
        },
        "end": {
          "line": 54,
          "column": 6
        }
      },
      "16": {
        "start": {
          "line": 43,
          "column": 23
        },
        "end": {
          "line": 43,
          "column": 42
        }
      },
      "17": {
        "start": {
          "line": 55,
          "column": 2
        },
        "end": {
          "line": 110,
          "column": 11
        }
      },
      "18": {
        "start": {
          "line": 86,
          "column": 23
        },
        "end": {
          "line": 86,
          "column": 31
        }
      },
      "19": {
        "start": {
          "line": 112,
          "column": 0
        },
        "end": {
          "line": 114,
          "column": 3
        }
      },
      "20": {
        "start": {
          "line": 113,
          "column": 2
        },
        "end": {
          "line": 113,
          "column": 20
        }
      },
      "21": {
        "start": {
          "line": 115,
          "column": 0
        },
        "end": {
          "line": 115,
          "column": 10
        }
      },
      "22": {
        "start": {
          "line": 117,
          "column": 0
        },
        "end": {
          "line": 117,
          "column": 25
        }
      },
      "23": {
        "start": {
          "line": 118,
          "column": 0
        },
        "end": {
          "line": 131,
          "column": 1
        }
      },
      "24": {
        "start": {
          "line": 119,
          "column": 2
        },
        "end": {
          "line": 119,
          "column": 39
        }
      },
      "25": {
        "start": {
          "line": 120,
          "column": 2
        },
        "end": {
          "line": 120,
          "column": 39
        }
      },
      "26": {
        "start": {
          "line": 121,
          "column": 2
        },
        "end": {
          "line": 130,
          "column": 5
        }
      },
      "27": {
        "start": {
          "line": 122,
          "column": 4
        },
        "end": {
          "line": 122,
          "column": 139
        }
      },
      "28": {
        "start": {
          "line": 123,
          "column": 4
        },
        "end": {
          "line": 129,
          "column": 7
        }
      },
      "29": {
        "start": {
          "line": 124,
          "column": 6
        },
        "end": {
          "line": 125,
          "column": 15
        }
      },
      "30": {
        "start": {
          "line": 125,
          "column": 8
        },
        "end": {
          "line": 125,
          "column": 15
        }
      },
      "31": {
        "start": {
          "line": 126,
          "column": 32
        },
        "end": {
          "line": 126,
          "column": 115
        }
      },
      "32": {
        "start": {
          "line": 127,
          "column": 6
        },
        "end": {
          "line": 128,
          "column": 54
        }
      },
      "33": {
        "start": {
          "line": 128,
          "column": 8
        },
        "end": {
          "line": 128,
          "column": 54
        }
      }
    },
    "fnMap": {
      "0": {
        "name": "(anonymous_0)",
        "decl": {
          "start": {
            "line": 12,
            "column": 24
          },
          "end": {
            "line": 12,
            "column": 25
          }
        },
        "loc": {
          "start": {
            "line": 12,
            "column": 38
          },
          "end": {
            "line": 14,
            "column": 3
          }
        },
        "line": 12
      },
      "1": {
        "name": "User",
        "decl": {
          "start": {
            "line": 28,
            "column": 24
          },
          "end": {
            "line": 28,
            "column": 28
          }
        },
        "loc": {
          "start": {
            "line": 28,
            "column": 31
          },
          "end": {
            "line": 111,
            "column": 1
          }
        },
        "line": 28
      },
      "2": {
        "name": "(anonymous_2)",
        "decl": {
          "start": {
            "line": 43,
            "column": 17
          },
          "end": {
            "line": 43,
            "column": 18
          }
        },
        "loc": {
          "start": {
            "line": 43,
            "column": 23
          },
          "end": {
            "line": 43,
            "column": 42
          }
        },
        "line": 43
      },
      "3": {
        "name": "(anonymous_3)",
        "decl": {
          "start": {
            "line": 86,
            "column": 17
          },
          "end": {
            "line": 86,
            "column": 18
          }
        },
        "loc": {
          "start": {
            "line": 86,
            "column": 23
          },
          "end": {
            "line": 86,
            "column": 31
          }
        },
        "line": 86
      },
      "4": {
        "name": "(anonymous_4)",
        "decl": {
          "start": {
            "line": 112,
            "column": 48
          },
          "end": {
            "line": 112,
            "column": 49
          }
        },
        "loc": {
          "start": {
            "line": 112,
            "column": 59
          },
          "end": {
            "line": 114,
            "column": 1
          }
        },
        "line": 112
      },
      "5": {
        "name": "(anonymous_5)",
        "decl": {
          "start": {
            "line": 121,
            "column": 52
          },
          "end": {
            "line": 121,
            "column": 53
          }
        },
        "loc": {
          "start": {
            "line": 121,
            "column": 72
          },
          "end": {
            "line": 130,
            "column": 3
          }
        },
        "line": 121
      },
      "6": {
        "name": "(anonymous_6)",
        "decl": {
          "start": {
            "line": 123,
            "column": 27
          },
          "end": {
            "line": 123,
            "column": 28
          }
        },
        "loc": {
          "start": {
            "line": 123,
            "column": 44
          },
          "end": {
            "line": 129,
            "column": 5
          }
        },
        "line": 123
      }
    },
    "branchMap": {
      "0": {
        "loc": {
          "start": {
            "line": 3,
            "column": 20
          },
          "end": {
            "line": 3,
            "column": 97
          }
        },
        "type": "binary-expr",
        "locations": [
          {
            "start": {
              "line": 3,
              "column": 20
            },
            "end": {
              "line": 3,
              "column": 60
            }
          },
          {
            "start": {
              "line": 3,
              "column": 64
            },
            "end": {
              "line": 3,
              "column": 97
            }
          }
        ],
        "line": 3
      },
      "1": {
        "loc": {
          "start": {
            "line": 6,
            "column": 0
          },
          "end": {
            "line": 16,
            "column": 1
          }
        },
        "type": "if",
        "locations": [
          {
            "start": {
              "line": 6,
              "column": 0
            },
            "end": {
              "line": 16,
              "column": 1
            }
          },
          {
            "start": {},
            "end": {}
          }
        ],
        "line": 6
      },
      "2": {
        "loc": {
          "start": {
            "line": 6,
            "column": 4
          },
          "end": {
            "line": 6,
            "column": 35
          }
        },
        "type": "binary-expr",
        "locations": [
          {
            "start": {
              "line": 6,
              "column": 4
            },
            "end": {
              "line": 6,
              "column": 19
            }
          },
          {
            "start": {
              "line": 6,
              "column": 23
            },
            "end": {
              "line": 6,
              "column": 35
            }
          }
        ],
        "line": 6
      },
      "3": {
        "loc": {
          "start": {
            "line": 7,
            "column": 2
          },
          "end": {
            "line": 9,
            "column": 3
          }
        },
        "type": "if",
        "locations": [
          {
            "start": {
              "line": 7,
              "column": 2
            },
            "end": {
              "line": 9,
              "column": 3
            }
          },
          {
            "start": {},
            "end": {}
          }
        ],
        "line": 7
      },
      "4": {
        "loc": {
          "start": {
            "line": 31,
            "column": 2
          },
          "end": {
            "line": 54,
            "column": 6
          }
        },
        "type": "if",
        "locations": [
          {
            "start": {
              "line": 31,
              "column": 2
            },
            "end": {
              "line": 54,
              "column": 6
            }
          },
          {
            "start": {
              "line": 33,
              "column": 7
            },
            "end": {
              "line": 54,
              "column": 6
            }
          }
        ],
        "line": 31
      },
      "5": {
        "loc": {
          "start": {
            "line": 33,
            "column": 7
          },
          "end": {
            "line": 54,
            "column": 6
          }
        },
        "type": "if",
        "locations": [
          {
            "start": {
              "line": 33,
              "column": 7
            },
            "end": {
              "line": 54,
              "column": 6
            }
          },
          {
            "start": {},
            "end": {}
          }
        ],
        "line": 33
      },
      "6": {
        "loc": {
          "start": {
            "line": 118,
            "column": 0
          },
          "end": {
            "line": 131,
            "column": 1
          }
        },
        "type": "if",
        "locations": [
          {
            "start": {
              "line": 118,
              "column": 0
            },
            "end": {
              "line": 131,
              "column": 1
            }
          },
          {
            "start": {},
            "end": {}
          }
        ],
        "line": 118
      },
      "7": {
        "loc": {
          "start": {
            "line": 118,
            "column": 4
          },
          "end": {
            "line": 118,
            "column": 35
          }
        },
        "type": "binary-expr",
        "locations": [
          {
            "start": {
              "line": 118,
              "column": 4
            },
            "end": {
              "line": 118,
              "column": 19
            }
          },
          {
            "start": {
              "line": 118,
              "column": 23
            },
            "end": {
              "line": 118,
              "column": 35
            }
          }
        ],
        "line": 118
      },
      "8": {
        "loc": {
          "start": {
            "line": 124,
            "column": 6
          },
          "end": {
            "line": 125,
            "column": 15
          }
        },
        "type": "if",
        "locations": [
          {
            "start": {
              "line": 124,
              "column": 6
            },
            "end": {
              "line": 125,
              "column": 15
            }
          },
          {
            "start": {},
            "end": {}
          }
        ],
        "line": 124
      },
      "9": {
        "loc": {
          "start": {
            "line": 127,
            "column": 6
          },
          "end": {
            "line": 128,
            "column": 54
          }
        },
        "type": "if",
        "locations": [
          {
            "start": {
              "line": 127,
              "column": 6
            },
            "end": {
              "line": 128,
              "column": 54
            }
          },
          {
            "start": {},
            "end": {}
          }
        ],
        "line": 127
      }
    },
    "s": {
      "0": 1,
      "1": 1,
      "2": 1,
      "3": 0,
      "4": 1,
      "5": 1,
      "6": 1,
      "7": 1,
      "8": 1,
      "9": 1,
      "10": 4,
      "11": 4,
      "12": 4,
      "13": 2,
      "14": 2,
      "15": 2,
      "16": 0,
      "17": 0,
      "18": 0,
      "19": 1,
      "20": 1,
      "21": 1,
      "22": 1,
      "23": 1,
      "24": 1,
      "25": 1,
      "26": 1,
      "27": 0,
      "28": 0,
      "29": 0,
      "30": 0,
      "31": 0,
      "32": 0,
      "33": 0
    },
    "f": {
      "0": 1,
      "1": 4,
      "2": 0,
      "3": 0,
      "4": 1,
      "5": 0,
      "6": 0
    },
    "b": {
      "0": [
        1,
        0
      ],
      "1": [
        1,
        0
      ],
      "2": [
        1,
        1
      ],
      "3": [
        0,
        1
      ],
      "4": [
        2,
        2
      ],
      "5": [
        2,
        0
      ],
      "6": [
        1,
        0
      ],
      "7": [
        1,
        1
      ],
      "8": [
        0,
        0
      ],
      "9": [
        0,
        0
      ]
    },
    "inputSourceMap": {
      "version": 3,
      "mappings": "AAiBsB;2BAjBtB;AAAoBA,oBAAkB,6BAAc;AAAA;AAAA;AAAA;AAAA;AAAA;AAAA;AAAA;AAAA;AAAA;AAAA;AAAA;AAAA;AAAA;AAAA;AAAA;AACpD;AAAA,EACEC;AAAAA,EACAC;AAAAA,EACAC;AAAAA,EACAC;AAAAA,EACAC;AAAAA,EACAC;AAAAA,OACK;AACP,SAASC,gBAAgB;AAEzB,wBAAwBC,OAAO;AAAAC,KAAA;AAC7B,QAAM,EAAEC,MAAMC,iBAAiBC,WAAWC,mBAAmBC,OAAO,IAAIP,SAAS;AACjF,MAAIK;AAAW,WAAO;AAAA,WACb,CAACD;AACR,WACE;AAAA,MAAC;AAAA;AAAA,QACC,cAAc,uBAAC,aAAU,MAAM,MAAjB;AAAA;AAAA;AAAA;AAAA,eAAoB;AAAA,QAClC,OAAM;AAAA,QACN,SAAS,MAAME,kBAAkB;AAAA,QAAE;AAAA;AAAA,MAHrC;AAAA;AAAA;AAAA;AAAA;AAAA;AAAA;AAAA;AAAA,IAMA;AAEJ,SACE,uBAAC,SAAI,WAAU,oCACb,iCAAC,YACC;AAAA,2BAAC,mBACC,iCAAC,UAAO,OAAM,WACZ;AAAA,6BAAC,UAAO,KAAKH,MAAMK,SAAS,KAAKL,MAAMM,MAAM,MAAK,QAAlD;AAAA;AAAA;AAAA;AAAA,aAAsD;AAAA,MACtD,uBAAC,UAAK,WAAU,gBAAgBN,gBAAMO,SAAtC;AAAA;AAAA;AAAA;AAAA,aAA4C;AAAA,SAF9C;AAAA;AAAA;AAAA;AAAA,WAGA,KAJF;AAAA;AAAA;AAAA;AAAA,WAKA;AAAA,IACA,uBAAC,gBAAa,cAAW,kBACvB;AAAA,MAAC;AAAA;AAAA,QAEC,WAAU;AAAA,QACV,OAAM;AAAA,QACN,cAAc,uBAAC,cAAW,MAAM,MAAlB;AAAA;AAAA;AAAA;AAAA,eAAqB;AAAA,QACnC,SAAS,MAAMH,OAAO;AAAA,QAAE;AAAA;AAAA,MAJpB;AAAA,MADN;AAAA;AAAA;AAAA;AAAA;AAAA;AAAA;AAAA,IAQA,KATF;AAAA;AAAA;AAAA;AAAA,WAUA;AAAA,OAjBF;AAAA;AAAA;AAAA;AAAA,SAkBA,KAnBF;AAAA;AAAA;AAAA;AAAA,SAoBA;AAEJ;AAACL,GApCuBD,MAAI;AAAA,UAC8CD,QAAQ;AAAA;AAAAW,KAD1DV;AAAI,IAAAU;AAAAC,aAAAD,IAAA",
      "names": [
        "LogOutIcon",
        "Avatar",
        "Button",
        "Dropdown",
        "DropdownTrigger",
        "DropdownMenu",
        "DropdownItem",
        "useAuth0",
        "User",
        "_s",
        "user",
        "isAuthenticated",
        "isLoading",
        "loginWithRedirect",
        "logout",
        "picture",
        "name",
        "email",
        "_c",
        "$RefreshReg$"
      ],
      "sources": [
        "/Users/user/Desktop/repos/puc/mikbooks/src/components/navbar/User.tsx"
      ],
      "file": "/Users/user/Desktop/repos/puc/mikbooks/src/components/navbar/User.tsx"
    },
    "_coverageSchema": "1a1c01bbd47fc00a2c39e90264f33305004495a9",
    "hash": "01aa4deb81d4fcfcfad44743aae7614cee8ea793"
  },
  "/Users/user/Desktop/repos/puc/mikbooks/src/hooks/useQueryParams.ts": {
    "path": "/Users/user/Desktop/repos/puc/mikbooks/src/hooks/useQueryParams.ts",
    "statementMap": {
      "0": {
        "start": {
          "line": 3,
          "column": 30
        },
        "end": {
          "line": 24,
          "column": 1
        }
      },
      "1": {
        "start": {
          "line": 4,
          "column": 19
        },
        "end": {
          "line": 4,
          "column": 32
        }
      },
      "2": {
        "start": {
          "line": 5,
          "column": 31
        },
        "end": {
          "line": 5,
          "column": 44
        }
      },
      "3": {
        "start": {
          "line": 6,
          "column": 16
        },
        "end": {
          "line": 6,
          "column": 68
        }
      },
      "4": {
        "start": {
          "line": 6,
          "column": 30
        },
        "end": {
          "line": 6,
          "column": 57
        }
      },
      "5": {
        "start": {
          "line": 7,
          "column": 22
        },
        "end": {
          "line": 7,
          "column": 71
        }
      },
      "6": {
        "start": {
          "line": 7,
          "column": 36
        },
        "end": {
          "line": 7,
          "column": 61
        }
      },
      "7": {
        "start": {
          "line": 8,
          "column": 19
        },
        "end": {
          "line": 12,
          "column": 3
        }
      },
      "8": {
        "start": {
          "line": 9,
          "column": 21
        },
        "end": {
          "line": 9,
          "column": 47
        }
      },
      "9": {
        "start": {
          "line": 10,
          "column": 4
        },
        "end": {
          "line": 10,
          "column": 29
        }
      },
      "10": {
        "start": {
          "line": 11,
          "column": 4
        },
        "end": {
          "line": 11,
          "column": 51
        }
      },
      "11": {
        "start": {
          "line": 13,
          "column": 22
        },
        "end": {
          "line": 17,
          "column": 3
        }
      },
      "12": {
        "start": {
          "line": 14,
          "column": 21
        },
        "end": {
          "line": 14,
          "column": 47
        }
      },
      "13": {
        "start": {
          "line": 15,
          "column": 4
        },
        "end": {
          "line": 15,
          "column": 25
        }
      },
      "14": {
        "start": {
          "line": 16,
          "column": 4
        },
        "end": {
          "line": 16,
          "column": 51
        }
      },
      "15": {
        "start": {
          "line": 18,
          "column": 2
        },
        "end": {
          "line": 23,
          "column": 4
        }
      }
    },
    "fnMap": {
      "0": {
        "name": "(anonymous_0)",
        "decl": {
          "start": {
            "line": 3,
            "column": 30
          },
          "end": {
            "line": 3,
            "column": 31
          }
        },
        "loc": {
          "start": {
            "line": 3,
            "column": 36
          },
          "end": {
            "line": 24,
            "column": 1
          }
        },
        "line": 3
      },
      "1": {
        "name": "(anonymous_1)",
        "decl": {
          "start": {
            "line": 6,
            "column": 24
          },
          "end": {
            "line": 6,
            "column": 25
          }
        },
        "loc": {
          "start": {
            "line": 6,
            "column": 30
          },
          "end": {
            "line": 6,
            "column": 57
          }
        },
        "line": 6
      },
      "2": {
        "name": "(anonymous_2)",
        "decl": {
          "start": {
            "line": 7,
            "column": 30
          },
          "end": {
            "line": 7,
            "column": 31
          }
        },
        "loc": {
          "start": {
            "line": 7,
            "column": 36
          },
          "end": {
            "line": 7,
            "column": 61
          }
        },
        "line": 7
      },
      "3": {
        "name": "(anonymous_3)",
        "decl": {
          "start": {
            "line": 8,
            "column": 19
          },
          "end": {
            "line": 8,
            "column": 20
          }
        },
        "loc": {
          "start": {
            "line": 8,
            "column": 35
          },
          "end": {
            "line": 12,
            "column": 3
          }
        },
        "line": 8
      },
      "4": {
        "name": "(anonymous_4)",
        "decl": {
          "start": {
            "line": 13,
            "column": 22
          },
          "end": {
            "line": 13,
            "column": 23
          }
        },
        "loc": {
          "start": {
            "line": 13,
            "column": 31
          },
          "end": {
            "line": 17,
            "column": 3
          }
        },
        "line": 13
      }
    },
    "branchMap": {},
    "s": {
      "0": 1,
      "1": 2,
      "2": 2,
      "3": 2,
      "4": 2,
      "5": 2,
      "6": 2,
      "7": 2,
      "8": 0,
      "9": 0,
      "10": 0,
      "11": 2,
      "12": 0,
      "13": 0,
      "14": 0,
      "15": 2
    },
    "f": {
      "0": 2,
      "1": 2,
      "2": 2,
      "3": 0,
      "4": 0
    },
    "b": {},
    "inputSourceMap": {
      "version": 3,
      "sources": [
        "/Users/user/Desktop/repos/puc/mikbooks/src/hooks/useQueryParams.ts"
      ],
      "mappings": "AAAA,SAAS,eAAe;AACxB,SAAS,aAAa,mBAAmB;AAWlC,aAAM,iBAAiB,MAAM;AAClC,QAAM,WAAW,YAAY;AAC7B,QAAM,EAAE,QAAQ,SAAS,IAAI,YAAY;AACzC,QAAM,QAAQ,QAAQ,MAAM,IAAI,gBAAgB,MAAM,GAAG,CAAC,MAAM,CAAC;AACjE,QAAM,cAAc,QAAQ,MAAM,OAAO,YAAY,KAAK,GAAG,CAAC,KAAK,CAAC;AAEpE,QAAM,WAAW,CAAC,KAAa,UAAkB;AAC/C,UAAM,WAAW,IAAI,gBAAgB,KAAK;AAC1C,aAAS,IAAI,KAAK,KAAK;AACvB,aAAS,GAAG,QAAQ,IAAI,SAAS,SAAS,CAAC,EAAE;AAAA,EAC/C;AAEA,QAAM,cAAc,CAAC,QAAgB;AACnC,UAAM,WAAW,IAAI,gBAAgB,KAAK;AAC1C,aAAS,OAAO,GAAG;AACnB,aAAS,GAAG,QAAQ,IAAI,SAAS,SAAS,CAAC,EAAE;AAAA,EAC/C;AAEA,SAAO;AAAA,IACL;AAAA,IACA;AAAA,IACA;AAAA,IACA;AAAA,EACF;AACF;",
      "names": []
    },
    "_coverageSchema": "1a1c01bbd47fc00a2c39e90264f33305004495a9",
    "hash": "9cbdc0c4ff70d36348795197dfe3bc1579e9b2fd"
  },
  "/Users/user/Desktop/repos/puc/mikbooks/src/components/navbar/SearchInput.tsx": {
    "path": "/Users/user/Desktop/repos/puc/mikbooks/src/components/navbar/SearchInput.tsx",
    "statementMap": {
      "0": {
        "start": {
          "line": 3,
          "column": 20
        },
        "end": {
          "line": 3,
          "column": 97
        }
      },
      "1": {
        "start": {
          "line": 6,
          "column": 0
        },
        "end": {
          "line": 16,
          "column": 1
        }
      },
      "2": {
        "start": {
          "line": 7,
          "column": 2
        },
        "end": {
          "line": 9,
          "column": 3
        }
      },
      "3": {
        "start": {
          "line": 8,
          "column": 4
        },
        "end": {
          "line": 8,
          "column": 165
        }
      },
      "4": {
        "start": {
          "line": 10,
          "column": 2
        },
        "end": {
          "line": 10,
          "column": 39
        }
      },
      "5": {
        "start": {
          "line": 11,
          "column": 2
        },
        "end": {
          "line": 11,
          "column": 39
        }
      },
      "6": {
        "start": {
          "line": 12,
          "column": 2
        },
        "end": {
          "line": 14,
          "column": 4
        }
      },
      "7": {
        "start": {
          "line": 13,
          "column": 4
        },
        "end": {
          "line": 13,
          "column": 120
        }
      },
      "8": {
        "start": {
          "line": 15,
          "column": 2
        },
        "end": {
          "line": 15,
          "column": 75
        }
      },
      "9": {
        "start": {
          "line": 17,
          "column": 9
        },
        "end": {
          "line": 17,
          "column": 23
        }
      },
      "10": {
        "start": {
          "line": 22,
          "column": 17
        },
        "end": {
          "line": 32,
          "column": 1
        }
      },
      "11": {
        "start": {
          "line": 24,
          "column": 2
        },
        "end": {
          "line": 31,
          "column": 4
        }
      },
      "12": {
        "start": {
          "line": 25,
          "column": 18
        },
        "end": {
          "line": 28,
          "column": 5
        }
      },
      "13": {
        "start": {
          "line": 26,
          "column": 6
        },
        "end": {
          "line": 26,
          "column": 28
        }
      },
      "14": {
        "start": {
          "line": 27,
          "column": 6
        },
        "end": {
          "line": 27,
          "column": 20
        }
      },
      "15": {
        "start": {
          "line": 29,
          "column": 4
        },
        "end": {
          "line": 29,
          "column": 26
        }
      },
      "16": {
        "start": {
          "line": 30,
          "column": 4
        },
        "end": {
          "line": 30,
          "column": 38
        }
      },
      "17": {
        "start": {
          "line": 34,
          "column": 2
        },
        "end": {
          "line": 34,
          "column": 7
        }
      },
      "18": {
        "start": {
          "line": 35,
          "column": 19
        },
        "end": {
          "line": 35,
          "column": 32
        }
      },
      "19": {
        "start": {
          "line": 36,
          "column": 19
        },
        "end": {
          "line": 36,
          "column": 32
        }
      },
      "20": {
        "start": {
          "line": 37,
          "column": 23
        },
        "end": {
          "line": 37,
          "column": 39
        }
      },
      "21": {
        "start": {
          "line": 38,
          "column": 23
        },
        "end": {
          "line": 44,
          "column": 9
        }
      },
      "22": {
        "start": {
          "line": 39,
          "column": 4
        },
        "end": {
          "line": 43,
          "column": 5
        }
      },
      "23": {
        "start": {
          "line": 40,
          "column": 6
        },
        "end": {
          "line": 40,
          "column": 41
        }
      },
      "24": {
        "start": {
          "line": 42,
          "column": 6
        },
        "end": {
          "line": 42,
          "column": 31
        }
      },
      "25": {
        "start": {
          "line": 45,
          "column": 2
        },
        "end": {
          "line": 71,
          "column": 4
        }
      },
      "26": {
        "start": {
          "line": 60,
          "column": 23
        },
        "end": {
          "line": 60,
          "column": 51
        }
      },
      "27": {
        "start": {
          "line": 73,
          "column": 0
        },
        "end": {
          "line": 75,
          "column": 3
        }
      },
      "28": {
        "start": {
          "line": 74,
          "column": 2
        },
        "end": {
          "line": 74,
          "column": 52
        }
      },
      "29": {
        "start": {
          "line": 76,
          "column": 0
        },
        "end": {
          "line": 76,
          "column": 17
        }
      },
      "30": {
        "start": {
          "line": 78,
          "column": 0
        },
        "end": {
          "line": 78,
          "column": 32
        }
      },
      "31": {
        "start": {
          "line": 79,
          "column": 0
        },
        "end": {
          "line": 92,
          "column": 1
        }
      },
      "32": {
        "start": {
          "line": 80,
          "column": 2
        },
        "end": {
          "line": 80,
          "column": 39
        }
      },
      "33": {
        "start": {
          "line": 81,
          "column": 2
        },
        "end": {
          "line": 81,
          "column": 39
        }
      },
      "34": {
        "start": {
          "line": 82,
          "column": 2
        },
        "end": {
          "line": 91,
          "column": 5
        }
      },
      "35": {
        "start": {
          "line": 83,
          "column": 4
        },
        "end": {
          "line": 83,
          "column": 146
        }
      },
      "36": {
        "start": {
          "line": 84,
          "column": 4
        },
        "end": {
          "line": 90,
          "column": 7
        }
      },
      "37": {
        "start": {
          "line": 85,
          "column": 6
        },
        "end": {
          "line": 86,
          "column": 15
        }
      },
      "38": {
        "start": {
          "line": 86,
          "column": 8
        },
        "end": {
          "line": 86,
          "column": 15
        }
      },
      "39": {
        "start": {
          "line": 87,
          "column": 32
        },
        "end": {
          "line": 87,
          "column": 115
        }
      },
      "40": {
        "start": {
          "line": 88,
          "column": 6
        },
        "end": {
          "line": 89,
          "column": 54
        }
      },
      "41": {
        "start": {
          "line": 89,
          "column": 8
        },
        "end": {
          "line": 89,
          "column": 54
        }
      }
    },
    "fnMap": {
      "0": {
        "name": "(anonymous_0)",
        "decl": {
          "start": {
            "line": 12,
            "column": 24
          },
          "end": {
            "line": 12,
            "column": 25
          }
        },
        "loc": {
          "start": {
            "line": 12,
            "column": 38
          },
          "end": {
            "line": 14,
            "column": 3
          }
        },
        "line": 12
      },
      "1": {
        "name": "(anonymous_1)",
        "decl": {
          "start": {
            "line": 22,
            "column": 17
          },
          "end": {
            "line": 22,
            "column": 18
          }
        },
        "loc": {
          "start": {
            "line": 22,
            "column": 33
          },
          "end": {
            "line": 32,
            "column": 1
          }
        },
        "line": 22
      },
      "2": {
        "name": "executedFunction",
        "decl": {
          "start": {
            "line": 24,
            "column": 18
          },
          "end": {
            "line": 24,
            "column": 34
          }
        },
        "loc": {
          "start": {
            "line": 24,
            "column": 44
          },
          "end": {
            "line": 31,
            "column": 3
          }
        },
        "line": 24
      },
      "3": {
        "name": "(anonymous_3)",
        "decl": {
          "start": {
            "line": 25,
            "column": 18
          },
          "end": {
            "line": 25,
            "column": 19
          }
        },
        "loc": {
          "start": {
            "line": 25,
            "column": 24
          },
          "end": {
            "line": 28,
            "column": 5
          }
        },
        "line": 25
      },
      "4": {
        "name": "SearchInput",
        "decl": {
          "start": {
            "line": 33,
            "column": 24
          },
          "end": {
            "line": 33,
            "column": 35
          }
        },
        "loc": {
          "start": {
            "line": 33,
            "column": 38
          },
          "end": {
            "line": 72,
            "column": 1
          }
        },
        "line": 33
      },
      "5": {
        "name": "(anonymous_5)",
        "decl": {
          "start": {
            "line": 38,
            "column": 32
          },
          "end": {
            "line": 38,
            "column": 33
          }
        },
        "loc": {
          "start": {
            "line": 38,
            "column": 43
          },
          "end": {
            "line": 44,
            "column": 3
          }
        },
        "line": 38
      },
      "6": {
        "name": "(anonymous_6)",
        "decl": {
          "start": {
            "line": 60,
            "column": 16
          },
          "end": {
            "line": 60,
            "column": 17
          }
        },
        "loc": {
          "start": {
            "line": 60,
            "column": 23
          },
          "end": {
            "line": 60,
            "column": 51
          }
        },
        "line": 60
      },
      "7": {
        "name": "(anonymous_7)",
        "decl": {
          "start": {
            "line": 73,
            "column": 55
          },
          "end": {
            "line": 73,
            "column": 56
          }
        },
        "loc": {
          "start": {
            "line": 73,
            "column": 66
          },
          "end": {
            "line": 75,
            "column": 1
          }
        },
        "line": 73
      },
      "8": {
        "name": "(anonymous_8)",
        "decl": {
          "start": {
            "line": 82,
            "column": 52
          },
          "end": {
            "line": 82,
            "column": 53
          }
        },
        "loc": {
          "start": {
            "line": 82,
            "column": 72
          },
          "end": {
            "line": 91,
            "column": 3
          }
        },
        "line": 82
      },
      "9": {
        "name": "(anonymous_9)",
        "decl": {
          "start": {
            "line": 84,
            "column": 27
          },
          "end": {
            "line": 84,
            "column": 28
          }
        },
        "loc": {
          "start": {
            "line": 84,
            "column": 44
          },
          "end": {
            "line": 90,
            "column": 5
          }
        },
        "line": 84
      }
    },
    "branchMap": {
      "0": {
        "loc": {
          "start": {
            "line": 3,
            "column": 20
          },
          "end": {
            "line": 3,
            "column": 97
          }
        },
        "type": "binary-expr",
        "locations": [
          {
            "start": {
              "line": 3,
              "column": 20
            },
            "end": {
              "line": 3,
              "column": 60
            }
          },
          {
            "start": {
              "line": 3,
              "column": 64
            },
            "end": {
              "line": 3,
              "column": 97
            }
          }
        ],
        "line": 3
      },
      "1": {
        "loc": {
          "start": {
            "line": 6,
            "column": 0
          },
          "end": {
            "line": 16,
            "column": 1
          }
        },
        "type": "if",
        "locations": [
          {
            "start": {
              "line": 6,
              "column": 0
            },
            "end": {
              "line": 16,
              "column": 1
            }
          },
          {
            "start": {},
            "end": {}
          }
        ],
        "line": 6
      },
      "2": {
        "loc": {
          "start": {
            "line": 6,
            "column": 4
          },
          "end": {
            "line": 6,
            "column": 35
          }
        },
        "type": "binary-expr",
        "locations": [
          {
            "start": {
              "line": 6,
              "column": 4
            },
            "end": {
              "line": 6,
              "column": 19
            }
          },
          {
            "start": {
              "line": 6,
              "column": 23
            },
            "end": {
              "line": 6,
              "column": 35
            }
          }
        ],
        "line": 6
      },
      "3": {
        "loc": {
          "start": {
            "line": 7,
            "column": 2
          },
          "end": {
            "line": 9,
            "column": 3
          }
        },
        "type": "if",
        "locations": [
          {
            "start": {
              "line": 7,
              "column": 2
            },
            "end": {
              "line": 9,
              "column": 3
            }
          },
          {
            "start": {},
            "end": {}
          }
        ],
        "line": 7
      },
      "4": {
        "loc": {
          "start": {
            "line": 39,
            "column": 4
          },
          "end": {
            "line": 43,
            "column": 5
          }
        },
        "type": "if",
        "locations": [
          {
            "start": {
              "line": 39,
              "column": 4
            },
            "end": {
              "line": 43,
              "column": 5
            }
          },
          {
            "start": {
              "line": 41,
              "column": 11
            },
            "end": {
              "line": 43,
              "column": 5
            }
          }
        ],
        "line": 39
      },
      "5": {
        "loc": {
          "start": {
            "line": 79,
            "column": 0
          },
          "end": {
            "line": 92,
            "column": 1
          }
        },
        "type": "if",
        "locations": [
          {
            "start": {
              "line": 79,
              "column": 0
            },
            "end": {
              "line": 92,
              "column": 1
            }
          },
          {
            "start": {},
            "end": {}
          }
        ],
        "line": 79
      },
      "6": {
        "loc": {
          "start": {
            "line": 79,
            "column": 4
          },
          "end": {
            "line": 79,
            "column": 35
          }
        },
        "type": "binary-expr",
        "locations": [
          {
            "start": {
              "line": 79,
              "column": 4
            },
            "end": {
              "line": 79,
              "column": 19
            }
          },
          {
            "start": {
              "line": 79,
              "column": 23
            },
            "end": {
              "line": 79,
              "column": 35
            }
          }
        ],
        "line": 79
      },
      "7": {
        "loc": {
          "start": {
            "line": 85,
            "column": 6
          },
          "end": {
            "line": 86,
            "column": 15
          }
        },
        "type": "if",
        "locations": [
          {
            "start": {
              "line": 85,
              "column": 6
            },
            "end": {
              "line": 86,
              "column": 15
            }
          },
          {
            "start": {},
            "end": {}
          }
        ],
        "line": 85
      },
      "8": {
        "loc": {
          "start": {
            "line": 88,
            "column": 6
          },
          "end": {
            "line": 89,
            "column": 54
          }
        },
        "type": "if",
        "locations": [
          {
            "start": {
              "line": 88,
              "column": 6
            },
            "end": {
              "line": 89,
              "column": 54
            }
          },
          {
            "start": {},
            "end": {}
          }
        ],
        "line": 88
      }
    },
    "s": {
      "0": 1,
      "1": 1,
      "2": 1,
      "3": 0,
      "4": 1,
      "5": 1,
      "6": 1,
      "7": 1,
      "8": 1,
      "9": 1,
      "10": 1,
      "11": 2,
      "12": 0,
      "13": 0,
      "14": 0,
      "15": 0,
      "16": 0,
      "17": 2,
      "18": 2,
      "19": 2,
      "20": 2,
      "21": 2,
      "22": 0,
      "23": 0,
      "24": 0,
      "25": 2,
      "26": 0,
      "27": 1,
      "28": 1,
      "29": 1,
      "30": 1,
      "31": 1,
      "32": 1,
      "33": 1,
      "34": 1,
      "35": 0,
      "36": 0,
      "37": 0,
      "38": 0,
      "39": 0,
      "40": 0,
      "41": 0
    },
    "f": {
      "0": 1,
      "1": 2,
      "2": 0,
      "3": 0,
      "4": 2,
      "5": 0,
      "6": 0,
      "7": 1,
      "8": 0,
      "9": 0
    },
    "b": {
      "0": [
        1,
        0
      ],
      "1": [
        1,
        0
      ],
      "2": [
        1,
        1
      ],
      "3": [
        0,
        1
      ],
      "4": [
        0,
        0
      ],
      "5": [
        1,
        0
      ],
      "6": [
        1,
        1
      ],
      "7": [
        0,
        0
      ],
      "8": [
        0,
        0
      ]
    },
    "inputSourceMap": {
      "version": 3,
      "mappings": "AAwCoB;2BAxCpB;AAAmB,MAAQ,cAAc;AAAA;AAAA;AAAA;AAAA;AAAA;AAAA;AAAA;AAAA;AAAA;AAAA;AAAA;AAAA;AAAA;AAAA;AAAA;AACzC,SAASA,aAAa;AACtB,SAASC,aAAaC,mBAAmB;AACzC,SAASC,sBAAsB;AAI/B,MAAMC,WAAWA,CAACC,MAAWC,SAAiB;AAC5C,MAAIC;AAEJ,SAAO,SAASC,oBAAoBC,MAAW;AAC7C,UAAMC,QAAQA,MAAM;AAClBC,mBAAaJ,OAAO;AACpBF,WAAK,GAAGI,IAAI;AAAA,IACd;AACAE,iBAAaJ,OAAO;AACpBA,cAAUK,WAAWF,OAAOJ,IAAI;AAAA,EAClC;AACF;AAEA,wBAAwBO,cAAc;AAAAC,KAAA;AACpC,QAAMC,WAAWd,YAAY;AAC7B,QAAMe,WAAWd,YAAY;AAC7B,QAAM,EAAEe,SAAS,IAAId,eAAe;AACpC,QAAMe,eAAed,SAAS,CAACe,UAAkB;AAC/C,QAAIH,SAASI,aAAa,WAAW;AACnCL,eAAS,iBAAiBI,KAAK,EAAE;AAAA,IACnC,OAAO;AACLF,eAAS,SAASE,KAAK;AAAA,IACzB;AAAA,EACF,GAAG,GAAG;AACN,SACE;AAAA,IAAC;AAAA;AAAA,MACC,YAAY;AAAA,QACVE,MAAM;AAAA,QACNC,aAAa;AAAA,QACbC,cAAc;AAAA,MAChB;AAAA,MACA,aAAY;AAAA,MACZ,MAAK;AAAA,MACL,cAAc,uBAAC,cAAW,MAAM,MAAlB;AAAA;AAAA;AAAA;AAAA,aAAqB;AAAA,MACnC,UAAU,CAACC,MAAMN,aAAaM,EAAEC,OAAON,KAAK;AAAA,MAC5C,MAAK;AAAA;AAAA,IAVP;AAAA;AAAA;AAAA;AAAA;AAAA;AAAA;AAAA;AAAA,EAUe;AAGnB;AAACL,GAzBuBD,aAAW;AAAA,UAChBZ,aACAC,aACIC,cAAc;AAAA;AAAAuB,KAHbb;AAAW,IAAAa;AAAAC,aAAAD,IAAA",
      "names": [
        "Input",
        "useNavigate",
        "useLocation",
        "useQueryParams",
        "debounce",
        "func",
        "wait",
        "timeout",
        "executedFunction",
        "args",
        "later",
        "clearTimeout",
        "setTimeout",
        "SearchInput",
        "_s",
        "navigate",
        "location",
        "addParam",
        "handleSearch",
        "value",
        "pathname",
        "base",
        "mainWrapper",
        "inputWrapper",
        "e",
        "target",
        "_c",
        "$RefreshReg$"
      ],
      "sources": [
        "/Users/user/Desktop/repos/puc/mikbooks/src/components/navbar/SearchInput.tsx"
      ],
      "file": "/Users/user/Desktop/repos/puc/mikbooks/src/components/navbar/SearchInput.tsx"
    },
    "_coverageSchema": "1a1c01bbd47fc00a2c39e90264f33305004495a9",
    "hash": "6e7299cb8fb7eae82b328db04d0f340536456dd9"
  },
  "/Users/user/Desktop/repos/puc/mikbooks/src/components/navbar/Navbar.tsx": {
    "path": "/Users/user/Desktop/repos/puc/mikbooks/src/components/navbar/Navbar.tsx",
    "statementMap": {
      "0": {
        "start": {
          "line": 3,
          "column": 20
        },
        "end": {
          "line": 3,
          "column": 97
        }
      },
      "1": {
        "start": {
          "line": 6,
          "column": 0
        },
        "end": {
          "line": 16,
          "column": 1
        }
      },
      "2": {
        "start": {
          "line": 7,
          "column": 2
        },
        "end": {
          "line": 9,
          "column": 3
        }
      },
      "3": {
        "start": {
          "line": 8,
          "column": 4
        },
        "end": {
          "line": 8,
          "column": 165
        }
      },
      "4": {
        "start": {
          "line": 10,
          "column": 2
        },
        "end": {
          "line": 10,
          "column": 39
        }
      },
      "5": {
        "start": {
          "line": 11,
          "column": 2
        },
        "end": {
          "line": 11,
          "column": 39
        }
      },
      "6": {
        "start": {
          "line": 12,
          "column": 2
        },
        "end": {
          "line": 14,
          "column": 4
        }
      },
      "7": {
        "start": {
          "line": 13,
          "column": 4
        },
        "end": {
          "line": 13,
          "column": 115
        }
      },
      "8": {
        "start": {
          "line": 15,
          "column": 2
        },
        "end": {
          "line": 15,
          "column": 75
        }
      },
      "9": {
        "start": {
          "line": 17,
          "column": 9
        },
        "end": {
          "line": 17,
          "column": 23
        }
      },
      "10": {
        "start": {
          "line": 24,
          "column": 2
        },
        "end": {
          "line": 24,
          "column": 7
        }
      },
      "11": {
        "start": {
          "line": 25,
          "column": 19
        },
        "end": {
          "line": 25,
          "column": 32
        }
      },
      "12": {
        "start": {
          "line": 26,
          "column": 2
        },
        "end": {
          "line": 69,
          "column": 11
        }
      },
      "13": {
        "start": {
          "line": 27,
          "column": 154
        },
        "end": {
          "line": 27,
          "column": 167
        }
      },
      "14": {
        "start": {
          "line": 71,
          "column": 0
        },
        "end": {
          "line": 73,
          "column": 3
        }
      },
      "15": {
        "start": {
          "line": 72,
          "column": 2
        },
        "end": {
          "line": 72,
          "column": 23
        }
      },
      "16": {
        "start": {
          "line": 74,
          "column": 0
        },
        "end": {
          "line": 74,
          "column": 12
        }
      },
      "17": {
        "start": {
          "line": 76,
          "column": 0
        },
        "end": {
          "line": 76,
          "column": 27
        }
      },
      "18": {
        "start": {
          "line": 77,
          "column": 0
        },
        "end": {
          "line": 90,
          "column": 1
        }
      },
      "19": {
        "start": {
          "line": 78,
          "column": 2
        },
        "end": {
          "line": 78,
          "column": 39
        }
      },
      "20": {
        "start": {
          "line": 79,
          "column": 2
        },
        "end": {
          "line": 79,
          "column": 39
        }
      },
      "21": {
        "start": {
          "line": 80,
          "column": 2
        },
        "end": {
          "line": 89,
          "column": 5
        }
      },
      "22": {
        "start": {
          "line": 81,
          "column": 4
        },
        "end": {
          "line": 81,
          "column": 141
        }
      },
      "23": {
        "start": {
          "line": 82,
          "column": 4
        },
        "end": {
          "line": 88,
          "column": 7
        }
      },
      "24": {
        "start": {
          "line": 83,
          "column": 6
        },
        "end": {
          "line": 84,
          "column": 15
        }
      },
      "25": {
        "start": {
          "line": 84,
          "column": 8
        },
        "end": {
          "line": 84,
          "column": 15
        }
      },
      "26": {
        "start": {
          "line": 85,
          "column": 32
        },
        "end": {
          "line": 85,
          "column": 115
        }
      },
      "27": {
        "start": {
          "line": 86,
          "column": 6
        },
        "end": {
          "line": 87,
          "column": 54
        }
      },
      "28": {
        "start": {
          "line": 87,
          "column": 8
        },
        "end": {
          "line": 87,
          "column": 54
        }
      }
    },
    "fnMap": {
      "0": {
        "name": "(anonymous_0)",
        "decl": {
          "start": {
            "line": 12,
            "column": 24
          },
          "end": {
            "line": 12,
            "column": 25
          }
        },
        "loc": {
          "start": {
            "line": 12,
            "column": 38
          },
          "end": {
            "line": 14,
            "column": 3
          }
        },
        "line": 12
      },
      "1": {
        "name": "Navbar",
        "decl": {
          "start": {
            "line": 23,
            "column": 24
          },
          "end": {
            "line": 23,
            "column": 30
          }
        },
        "loc": {
          "start": {
            "line": 23,
            "column": 33
          },
          "end": {
            "line": 70,
            "column": 1
          }
        },
        "line": 23
      },
      "2": {
        "name": "(anonymous_2)",
        "decl": {
          "start": {
            "line": 27,
            "column": 148
          },
          "end": {
            "line": 27,
            "column": 149
          }
        },
        "loc": {
          "start": {
            "line": 27,
            "column": 154
          },
          "end": {
            "line": 27,
            "column": 167
          }
        },
        "line": 27
      },
      "3": {
        "name": "(anonymous_3)",
        "decl": {
          "start": {
            "line": 71,
            "column": 50
          },
          "end": {
            "line": 71,
            "column": 51
          }
        },
        "loc": {
          "start": {
            "line": 71,
            "column": 61
          },
          "end": {
            "line": 73,
            "column": 1
          }
        },
        "line": 71
      },
      "4": {
        "name": "(anonymous_4)",
        "decl": {
          "start": {
            "line": 80,
            "column": 52
          },
          "end": {
            "line": 80,
            "column": 53
          }
        },
        "loc": {
          "start": {
            "line": 80,
            "column": 72
          },
          "end": {
            "line": 89,
            "column": 3
          }
        },
        "line": 80
      },
      "5": {
        "name": "(anonymous_5)",
        "decl": {
          "start": {
            "line": 82,
            "column": 27
          },
          "end": {
            "line": 82,
            "column": 28
          }
        },
        "loc": {
          "start": {
            "line": 82,
            "column": 44
          },
          "end": {
            "line": 88,
            "column": 5
          }
        },
        "line": 82
      }
    },
    "branchMap": {
      "0": {
        "loc": {
          "start": {
            "line": 3,
            "column": 20
          },
          "end": {
            "line": 3,
            "column": 97
          }
        },
        "type": "binary-expr",
        "locations": [
          {
            "start": {
              "line": 3,
              "column": 20
            },
            "end": {
              "line": 3,
              "column": 60
            }
          },
          {
            "start": {
              "line": 3,
              "column": 64
            },
            "end": {
              "line": 3,
              "column": 97
            }
          }
        ],
        "line": 3
      },
      "1": {
        "loc": {
          "start": {
            "line": 6,
            "column": 0
          },
          "end": {
            "line": 16,
            "column": 1
          }
        },
        "type": "if",
        "locations": [
          {
            "start": {
              "line": 6,
              "column": 0
            },
            "end": {
              "line": 16,
              "column": 1
            }
          },
          {
            "start": {},
            "end": {}
          }
        ],
        "line": 6
      },
      "2": {
        "loc": {
          "start": {
            "line": 6,
            "column": 4
          },
          "end": {
            "line": 6,
            "column": 35
          }
        },
        "type": "binary-expr",
        "locations": [
          {
            "start": {
              "line": 6,
              "column": 4
            },
            "end": {
              "line": 6,
              "column": 19
            }
          },
          {
            "start": {
              "line": 6,
              "column": 23
            },
            "end": {
              "line": 6,
              "column": 35
            }
          }
        ],
        "line": 6
      },
      "3": {
        "loc": {
          "start": {
            "line": 7,
            "column": 2
          },
          "end": {
            "line": 9,
            "column": 3
          }
        },
        "type": "if",
        "locations": [
          {
            "start": {
              "line": 7,
              "column": 2
            },
            "end": {
              "line": 9,
              "column": 3
            }
          },
          {
            "start": {},
            "end": {}
          }
        ],
        "line": 7
      },
      "4": {
        "loc": {
          "start": {
            "line": 77,
            "column": 0
          },
          "end": {
            "line": 90,
            "column": 1
          }
        },
        "type": "if",
        "locations": [
          {
            "start": {
              "line": 77,
              "column": 0
            },
            "end": {
              "line": 90,
              "column": 1
            }
          },
          {
            "start": {},
            "end": {}
          }
        ],
        "line": 77
      },
      "5": {
        "loc": {
          "start": {
            "line": 77,
            "column": 4
          },
          "end": {
            "line": 77,
            "column": 35
          }
        },
        "type": "binary-expr",
        "locations": [
          {
            "start": {
              "line": 77,
              "column": 4
            },
            "end": {
              "line": 77,
              "column": 19
            }
          },
          {
            "start": {
              "line": 77,
              "column": 23
            },
            "end": {
              "line": 77,
              "column": 35
            }
          }
        ],
        "line": 77
      },
      "6": {
        "loc": {
          "start": {
            "line": 83,
            "column": 6
          },
          "end": {
            "line": 84,
            "column": 15
          }
        },
        "type": "if",
        "locations": [
          {
            "start": {
              "line": 83,
              "column": 6
            },
            "end": {
              "line": 84,
              "column": 15
            }
          },
          {
            "start": {},
            "end": {}
          }
        ],
        "line": 83
      },
      "7": {
        "loc": {
          "start": {
            "line": 86,
            "column": 6
          },
          "end": {
            "line": 87,
            "column": 54
          }
        },
        "type": "if",
        "locations": [
          {
            "start": {
              "line": 86,
              "column": 6
            },
            "end": {
              "line": 87,
              "column": 54
            }
          },
          {
            "start": {},
            "end": {}
          }
        ],
        "line": 86
      }
    },
    "s": {
      "0": 1,
      "1": 1,
      "2": 1,
      "3": 0,
      "4": 1,
      "5": 1,
      "6": 1,
      "7": 1,
      "8": 1,
      "9": 1,
      "10": 2,
      "11": 2,
      "12": 2,
      "13": 0,
      "14": 1,
      "15": 1,
      "16": 1,
      "17": 1,
      "18": 1,
      "19": 1,
      "20": 1,
      "21": 1,
      "22": 0,
      "23": 0,
      "24": 0,
      "25": 0,
      "26": 0,
      "27": 0,
      "28": 0
    },
    "f": {
      "0": 1,
      "1": 2,
      "2": 0,
      "3": 1,
      "4": 0,
      "5": 0
    },
    "b": {
      "0": [
        1,
        0
      ],
      "1": [
        1,
        0
      ],
      "2": [
        1,
        1
      ],
      "3": [
        0,
        1
      ],
      "4": [
        1,
        0
      ],
      "5": [
        1,
        1
      ],
      "6": [
        0,
        0
      ],
      "7": [
        0,
        0
      ]
    },
    "inputSourceMap": {
      "version": 3,
      "mappings": "AAYU;2BAZV;AAAoB,oBAAQ,OAAkB;AAAA;AAAA;AAAA;AAAA;AAAA;AAAA;AAAA;AAAA;AAAA;AAAA;AAAA;AAAA;AAAA;AAAA;AAAA;AAC9C,SAASA,UAAUC,iBAAiBC,aAAaC,qBAAqB;AACtE,OAAOC,UAAU;AACjB,OAAOC,UAAU;AACjB,OAAOC,iBAAiB;AAExB,wBAAwBN,SAAS;AAAAO,KAAA;AAC/B,QAAMC,WAAWC,YAAY;AAC7B,SACE,uBAAC,mBAAgB,oBAAkB,MAAC,WAAU,6CAC5C;AAAA,2BAAC,iBAAc,SAAQ,SACrB,iCAAC,eAAY,WAAU,kBAAiB,SAAS,MAAMD,SAAS,GAAG,GACjE;AAAA,6BAAC,UAAD;AAAA;AAAA;AAAA;AAAA,aAAK;AAAA,MACL,uBAAC,UAAK,WAAU,sCAAqC,wBAArD;AAAA;AAAA;AAAA;AAAA,aAA6D;AAAA,SAF/D;AAAA;AAAA;AAAA;AAAA,WAGA,KAJF;AAAA;AAAA;AAAA;AAAA,WAKA;AAAA,IACA,uBAAC,iBAAc,SAAQ,UACrB,iCAAC,iBAAD;AAAA;AAAA;AAAA;AAAA,WAAY,KADd;AAAA;AAAA;AAAA;AAAA,WAEA;AAAA,IACA,uBAAC,iBAAc,SAAQ,OACrB,iCAAC,UAAD;AAAA;AAAA;AAAA;AAAA,WAAK,KADP;AAAA;AAAA;AAAA;AAAA,WAEA;AAAA,OAZF;AAAA;AAAA;AAAA;AAAA,SAaA;AAEJ;AAACD,GAlBuBP,QAAM;AAAA,UACXS,WAAW;AAAA;AAAAC,KADNV;AAAM,IAAAU;AAAAC,aAAAD,IAAA",
      "names": [
        "Navbar",
        "NavBarComponent",
        "NavbarBrand",
        "NavbarContent",
        "Logo",
        "User",
        "SearchInput",
        "_s",
        "navigate",
        "useNavigate",
        "_c",
        "$RefreshReg$"
      ],
      "sources": [
        "/Users/user/Desktop/repos/puc/mikbooks/src/components/navbar/Navbar.tsx"
      ],
      "file": "/Users/user/Desktop/repos/puc/mikbooks/src/components/navbar/Navbar.tsx"
    },
    "_coverageSchema": "1a1c01bbd47fc00a2c39e90264f33305004495a9",
    "hash": "dd996a94ed72b9ebaf1f7b422729eb2ec672523a"
  },
  "/Users/user/Desktop/repos/puc/mikbooks/src/components/FavoriteChip.tsx": {
    "path": "/Users/user/Desktop/repos/puc/mikbooks/src/components/FavoriteChip.tsx",
    "statementMap": {
      "0": {
        "start": {
          "line": 3,
          "column": 20
        },
        "end": {
          "line": 3,
          "column": 97
        }
      },
      "1": {
        "start": {
          "line": 6,
          "column": 0
        },
        "end": {
          "line": 16,
          "column": 1
        }
      },
      "2": {
        "start": {
          "line": 7,
          "column": 2
        },
        "end": {
          "line": 9,
          "column": 3
        }
      },
      "3": {
        "start": {
          "line": 8,
          "column": 4
        },
        "end": {
          "line": 8,
          "column": 165
        }
      },
      "4": {
        "start": {
          "line": 10,
          "column": 2
        },
        "end": {
          "line": 10,
          "column": 39
        }
      },
      "5": {
        "start": {
          "line": 11,
          "column": 2
        },
        "end": {
          "line": 11,
          "column": 39
        }
      },
      "6": {
        "start": {
          "line": 12,
          "column": 2
        },
        "end": {
          "line": 14,
          "column": 4
        }
      },
      "7": {
        "start": {
          "line": 13,
          "column": 4
        },
        "end": {
          "line": 13,
          "column": 114
        }
      },
      "8": {
        "start": {
          "line": 15,
          "column": 2
        },
        "end": {
          "line": 15,
          "column": 75
        }
      },
      "9": {
        "start": {
          "line": 24,
          "column": 2
        },
        "end": {
          "line": 45,
          "column": 4
        }
      },
      "10": {
        "start": {
          "line": 47,
          "column": 0
        },
        "end": {
          "line": 47,
          "column": 18
        }
      },
      "11": {
        "start": {
          "line": 49,
          "column": 0
        },
        "end": {
          "line": 49,
          "column": 33
        }
      },
      "12": {
        "start": {
          "line": 50,
          "column": 0
        },
        "end": {
          "line": 63,
          "column": 1
        }
      },
      "13": {
        "start": {
          "line": 51,
          "column": 2
        },
        "end": {
          "line": 51,
          "column": 39
        }
      },
      "14": {
        "start": {
          "line": 52,
          "column": 2
        },
        "end": {
          "line": 52,
          "column": 39
        }
      },
      "15": {
        "start": {
          "line": 53,
          "column": 2
        },
        "end": {
          "line": 62,
          "column": 5
        }
      },
      "16": {
        "start": {
          "line": 54,
          "column": 4
        },
        "end": {
          "line": 54,
          "column": 140
        }
      },
      "17": {
        "start": {
          "line": 55,
          "column": 4
        },
        "end": {
          "line": 61,
          "column": 7
        }
      },
      "18": {
        "start": {
          "line": 56,
          "column": 6
        },
        "end": {
          "line": 57,
          "column": 15
        }
      },
      "19": {
        "start": {
          "line": 57,
          "column": 8
        },
        "end": {
          "line": 57,
          "column": 15
        }
      },
      "20": {
        "start": {
          "line": 58,
          "column": 32
        },
        "end": {
          "line": 58,
          "column": 115
        }
      },
      "21": {
        "start": {
          "line": 59,
          "column": 6
        },
        "end": {
          "line": 60,
          "column": 54
        }
      },
      "22": {
        "start": {
          "line": 60,
          "column": 8
        },
        "end": {
          "line": 60,
          "column": 54
        }
      }
    },
    "fnMap": {
      "0": {
        "name": "(anonymous_0)",
        "decl": {
          "start": {
            "line": 12,
            "column": 24
          },
          "end": {
            "line": 12,
            "column": 25
          }
        },
        "loc": {
          "start": {
            "line": 12,
            "column": 38
          },
          "end": {
            "line": 14,
            "column": 3
          }
        },
        "line": 12
      },
      "1": {
        "name": "FavoriteChip",
        "decl": {
          "start": {
            "line": 19,
            "column": 24
          },
          "end": {
            "line": 19,
            "column": 36
          }
        },
        "loc": {
          "start": {
            "line": 23,
            "column": 3
          },
          "end": {
            "line": 46,
            "column": 1
          }
        },
        "line": 23
      },
      "2": {
        "name": "(anonymous_2)",
        "decl": {
          "start": {
            "line": 53,
            "column": 52
          },
          "end": {
            "line": 53,
            "column": 53
          }
        },
        "loc": {
          "start": {
            "line": 53,
            "column": 72
          },
          "end": {
            "line": 62,
            "column": 3
          }
        },
        "line": 53
      },
      "3": {
        "name": "(anonymous_3)",
        "decl": {
          "start": {
            "line": 55,
            "column": 27
          },
          "end": {
            "line": 55,
            "column": 28
          }
        },
        "loc": {
          "start": {
            "line": 55,
            "column": 44
          },
          "end": {
            "line": 61,
            "column": 5
          }
        },
        "line": 55
      }
    },
    "branchMap": {
      "0": {
        "loc": {
          "start": {
            "line": 3,
            "column": 20
          },
          "end": {
            "line": 3,
            "column": 97
          }
        },
        "type": "binary-expr",
        "locations": [
          {
            "start": {
              "line": 3,
              "column": 20
            },
            "end": {
              "line": 3,
              "column": 60
            }
          },
          {
            "start": {
              "line": 3,
              "column": 64
            },
            "end": {
              "line": 3,
              "column": 97
            }
          }
        ],
        "line": 3
      },
      "1": {
        "loc": {
          "start": {
            "line": 6,
            "column": 0
          },
          "end": {
            "line": 16,
            "column": 1
[...]
            "end": {}
          }
        ],
        "line": 67
      },
      "8": {
        "loc": {
          "start": {
            "line": 67,
            "column": 4
          },
          "end": {
            "line": 67,
            "column": 35
          }
        },
        "type": "binary-expr",
        "locations": [
          {
            "start": {
              "line": 67,
              "column": 4
            },
            "end": {
              "line": 67,
              "column": 19
            }
          },
          {
            "start": {
              "line": 67,
              "column": 23
            },
            "end": {
              "line": 67,
              "column": 35
            }
          }
        ],
        "line": 67
      },
      "9": {
        "loc": {
          "start": {
            "line": 73,
            "column": 6
          },
          "end": {
            "line": 74,
            "column": 15
          }
        },
        "type": "if",
        "locations": [
          {
            "start": {
              "line": 73,
              "column": 6
            },
            "end": {
              "line": 74,
              "column": 15
            }
          },
          {
            "start": {},
            "end": {}
          }
        ],
        "line": 73
      },
      "10": {
        "loc": {
          "start": {
            "line": 76,
            "column": 6
          },
          "end": {
            "line": 77,
            "column": 54
          }
        },
        "type": "if",
        "locations": [
          {
            "start": {
              "line": 76,
              "column": 6
            },
            "end": {
              "line": 77,
              "column": 54
            }
          },
          {
            "start": {},
            "end": {}
          }
        ],
        "line": 76
      }
    },
    "s": {
      "0": 1,
      "1": 1,
      "2": 1,
      "3": 0,
      "4": 1,
      "5": 1,
      "6": 1,
      "7": 2,
      "8": 1,
      "9": 1,
      "10": 1,
      "11": 0,
      "12": 0,
      "13": 0,
      "14": 0,
      "15": 0,
      "16": 1,
      "17": 0,
      "18": 1,
      "19": 1,
      "20": 0,
      "21": 0,
      "22": 0,
      "23": 0,
      "24": 0,
      "25": 0,
      "26": 1,
      "27": 0,
      "28": 1,
      "29": 1,
      "30": 1,
      "31": 1,
      "32": 1,
      "33": 1,
      "34": 1,
      "35": 0,
      "36": 0,
      "37": 0,
      "38": 0,
      "39": 0,
      "40": 0,
      "41": 0
    },
    "f": {
      "0": 2,
      "1": 0,
      "2": 0,
      "3": 0,
      "4": 0,
      "5": 0,
      "6": 0
    },
    "b": {
      "0": [
        1,
        0
      ],
      "1": [
        1,
        0
      ],
      "2": [
        1,
        1
      ],
      "3": [
        0,
        1
      ],
      "4": [
        0,
        0
      ],
      "5": [
        0,
        0
      ],
      "6": [
        0,
        0
      ],
      "7": [
        1,
        0
      ],
      "8": [
        1,
        1
      ],
      "9": [
        0,
        0
      ],
      "10": [
        0,
        0
      ]
    },
    "inputSourceMap": {
      "version": 3,
      "mappings": "AAOoB;;AAPpB,oBAAkB,OAAQ,sBAAkB;AAAA;AAAA;AAAA;AAAA;AAAA;AAAA;AAAA;AAAA;AAAA;AAAA;AAAA;AAAA;AAAA;AAAA;AAAA;AAC5C,SAASA,0BAAqC;AAC9C,OAAOC,gBAAgB;AAGvB,wBAAwBC,iBAAiB;AAAAC,KAAA;AACvC,QAAM,EAAEC,KAAK,IAAIC,UAAU;AAC3B,MAAI,CAACD;AAAM,WAAO,uBAAC,SAAI,mCAAL;AAAA;AAAA;AAAA;AAAA,WAAwB;AAC1C,SAAO,uBAAC,qBAAkB,QAAnB;AAAA;AAAA;AAAA;AAAA,SAA8B;AACvC;AAACD,GAJuBD,gBAAc;AAAA,UACnBG,SAAS;AAAA;AAAAC,KADJJ;AAMxB,MAAMK,oBAAoBA,CAAC,EAAEH,KAAuB,MAAM;AAAAI,MAAA;AACxD,QAAMC,gBAAgBT,mBAAmBI,IAAI;AAC7C,MAAIK,cAAcC;AAAW,WAAO,uBAAC,SAAI,4BAAL;AAAA;AAAA;AAAA;AAAA,WAAiB;AACrD,QAAMC,WAAWF,cAAcG,QAAS,CAAC;AACzC,SACE,uBAAC,SAAI,WAAU,0BACb,iCAAC,cAAW,MAAY,YAAxB;AAAA;AAAA;AAAA;AAAA,SAA2C,KAD7C;AAAA;AAAA;AAAA;AAAA,SAIA;AAEJ;AAACJ,IAXKD,mBAAiB;AAAA,UACCP,kBAAkB;AAAA;AAAAa,MADpCN;AAAiB,IAAAD,IAAAO;AAAAC,aAAAR,IAAA;AAAAQ,aAAAD,KAAA",
      "names": [
        "useBookByISBNQuery",
        "BookDetail",
        "BookDetailPage",
        "_s",
        "isbn",
        "useParams",
        "_c",
        "BookDetailSection",
        "_s2",
        "bookInfoQuery",
        "isLoading",
        "bookInfo",
        "data",
        "_c2",
        "$RefreshReg$"
      ],
      "sources": [
        "/Users/user/Desktop/repos/puc/mikbooks/src/pages/book-detail/BookDetailPage.tsx"
      ],
      "file": "/Users/user/Desktop/repos/puc/mikbooks/src/pages/book-detail/BookDetailPage.tsx"
    },
    "_coverageSchema": "1a1c01bbd47fc00a2c39e90264f33305004495a9",
    "hash": "93adf222a1af093371dc0b61f78f9767b2e364d2"
  },
  "/Users/user/Desktop/repos/puc/mikbooks/src/App.tsx": {
    "path": "/Users/user/Desktop/repos/puc/mikbooks/src/App.tsx",
    "statementMap": {
      "0": {
        "start": {
          "line": 3,
          "column": 20
        },
        "end": {
          "line": 3,
          "column": 97
        }
      },
      "1": {
        "start": {
          "line": 6,
          "column": 0
        },
        "end": {
          "line": 16,
          "column": 1
        }
      },
      "2": {
        "start": {
          "line": 7,
          "column": 2
        },
        "end": {
          "line": 9,
          "column": 3
        }
      },
      "3": {
        "start": {
          "line": 8,
          "column": 4
        },
        "end": {
          "line": 8,
          "column": 165
        }
      },
      "4": {
        "start": {
          "line": 10,
          "column": 2
        },
        "end": {
          "line": 10,
          "column": 39
        }
      },
      "5": {
        "start": {
          "line": 11,
          "column": 2
        },
        "end": {
          "line": 11,
          "column": 39
        }
      },
      "6": {
        "start": {
          "line": 12,
          "column": 2
        },
        "end": {
          "line": 14,
          "column": 4
        }
      },
      "7": {
        "start": {
          "line": 13,
          "column": 4
        },
        "end": {
          "line": 13,
          "column": 94
        }
      },
      "8": {
        "start": {
          "line": 15,
          "column": 2
        },
        "end": {
          "line": 15,
          "column": 75
        }
      },
      "9": {
        "start": {
          "line": 25,
          "column": 2
        },
        "end": {
          "line": 86,
          "column": 11
        }
      },
      "10": {
        "start": {
          "line": 88,
          "column": 0
        },
        "end": {
          "line": 88,
          "column": 9
        }
      },
      "11": {
        "start": {
          "line": 91,
          "column": 0
        },
        "end": {
          "line": 91,
          "column": 24
        }
      },
      "12": {
        "start": {
          "line": 92,
          "column": 0
        },
        "end": {
          "line": 105,
          "column": 1
        }
      },
      "13": {
        "start": {
          "line": 93,
          "column": 2
        },
        "end": {
          "line": 93,
          "column": 39
        }
      },
      "14": {
        "start": {
          "line": 94,
          "column": 2
        },
        "end": {
          "line": 94,
          "column": 39
        }
      },
      "15": {
        "start": {
          "line": 95,
          "column": 2
        },
        "end": {
          "line": 104,
          "column": 5
        }
      },
      "16": {
        "start": {
          "line": 96,
          "column": 4
        },
        "end": {
          "line": 96,
          "column": 120
        }
      },
      "17": {
        "start": {
          "line": 97,
          "column": 4
        },
        "end": {
          "line": 103,
          "column": 7
        }
      },
      "18": {
        "start": {
          "line": 98,
          "column": 6
        },
        "end": {
          "line": 99,
          "column": 15
        }
      },
      "19": {
        "start": {
          "line": 99,
          "column": 8
        },
        "end": {
          "line": 99,
          "column": 15
        }
      },
      "20": {
        "start": {
          "line": 100,
          "column": 32
        },
        "end": {
          "line": 100,
          "column": 115
        }
      },
      "21": {
        "start": {
          "line": 101,
          "column": 6
        },
        "end": {
          "line": 102,
          "column": 54
        }
      },
      "22": {
        "start": {
          "line": 102,
          "column": 8
        },
        "end": {
          "line": 102,
          "column": 54
        }
      }
    },
    "fnMap": {
      "0": {
        "name": "(anonymous_0)",
        "decl": {
          "start": {
            "line": 12,
            "column": 24
          },
          "end": {
            "line": 12,
            "column": 25
          }
        },
        "loc": {
          "start": {
            "line": 12,
            "column": 38
          },
          "end": {
            "line": 14,
            "column": 3
          }
        },
        "line": 12
      },
      "1": {
        "name": "App",
        "decl": {
          "start": {
            "line": 24,
            "column": 9
          },
          "end": {
            "line": 24,
            "column": 12
          }
        },
        "loc": {
          "start": {
            "line": 24,
            "column": 15
          },
          "end": {
            "line": 87,
            "column": 1
          }
        },
        "line": 24
      },
      "2": {
        "name": "(anonymous_2)",
        "decl": {
          "start": {
            "line": 95,
            "column": 52
          },
          "end": {
            "line": 95,
            "column": 53
          }
        },
        "loc": {
          "start": {
            "line": 95,
            "column": 72
          },
          "end": {
            "line": 104,
            "column": 3
          }
        },
        "line": 95
      },
      "3": {
        "name": "(anonymous_3)",
        "decl": {
          "start": {
            "line": 97,
            "column": 27
          },
          "end": {
            "line": 97,
            "column": 28
          }
        },
        "loc": {
          "start": {
            "line": 97,
            "column": 44
          },
          "end": {
            "line": 103,
            "column": 5
          }
        },
        "line": 97
      }
    },
    "branchMap": {
      "0": {
        "loc": {
          "start": {
            "line": 3,
            "column": 20
          },
          "end": {
            "line": 3,
            "column": 97
          }
        },
        "type": "binary-expr",
        "locations": [
          {
            "start": {
              "line": 3,
              "column": 20
            },
            "end": {
              "line": 3,
              "column": 60
            }
          },
          {
            "start": {
              "line": 3,
              "column": 64
            },
            "end": {
              "line": 3,
              "column": 97
            }
          }
        ],
        "line": 3
      },
      "1": {
        "loc": {
          "start": {
            "line": 6,
            "column": 0
          },
          "end": {
            "line": 16,
            "column": 1
          }
        },
        "type": "if",
        "locations": [
          {
            "start": {
              "line": 6,
              "column": 0
            },
            "end": {
              "line": 16,
              "column": 1
            }
          },
          {
            "start": {},
            "end": {}
          }
        ],
        "line": 6
      },
      "2": {
        "loc": {
          "start": {
            "line": 6,
            "column": 4
          },
          "end": {
            "line": 6,
            "column": 35
          }
        },
        "type": "binary-expr",
        "locations": [
          {
            "start": {
              "line": 6,
              "column": 4
            },
            "end": {
              "line": 6,
              "column": 19
            }
          },
          {
            "start": {
              "line": 6,
              "column": 23
            },
            "end": {
              "line": 6,
              "column": 35
            }
          }
        ],
        "line": 6
      },
      "3": {
        "loc": {
          "start": {
            "line": 7,
            "column": 2
          },
          "end": {
            "line": 9,
            "column": 3
          }
        },
        "type": "if",
        "locations": [
          {
            "start": {
              "line": 7,
              "column": 2
            },
            "end": {
              "line": 9,
              "column": 3
            }
          },
          {
            "start": {},
            "end": {}
          }
        ],
        "line": 7
      },
      "4": {
        "loc": {
          "start": {
            "line": 92,
            "column": 0
          },
          "end": {
            "line": 105,
            "column": 1
          }
        },
        "type": "if",
        "locations": [
          {
            "start": {
              "line": 92,
              "column": 0
            },
            "end": {
              "line": 105,
              "column": 1
            }
          },
          {
            "start": {},
            "end": {}
          }
        ],
        "line": 92
      },
      "5": {
        "loc": {
          "start": {
            "line": 92,
            "column": 4
          },
          "end": {
            "line": 92,
            "column": 35
          }
        },
        "type": "binary-expr",
        "locations": [
          {
            "start": {
              "line": 92,
              "column": 4
            },
            "end": {
              "line": 92,
              "column": 19
            }
          },
          {
            "start": {
              "line": 92,
              "column": 23
            },
            "end": {
              "line": 92,
              "column": 35
            }
          }
        ],
        "line": 92
      },
      "6": {
        "loc": {
          "start": {
            "line": 98,
            "column": 6
          },
          "end": {
            "line": 99,
            "column": 15
          }
        },
        "type": "if",
        "locations": [
          {
            "start": {
              "line": 98,
              "column": 6
            },
            "end": {
              "line": 99,
              "column": 15
            }
          },
          {
            "start": {},
            "end": {}
          }
        ],
        "line": 98
      },
      "7": {
        "loc": {
          "start": {
            "line": 101,
            "column": 6
          },
          "end": {
            "line": 102,
            "column": 54
          }
        },
        "type": "if",
        "locations": [
          {
            "start": {
              "line": 101,
              "column": 6
            },
            "end": {
              "line": 102,
              "column": 54
            }
          },
          {
            "start": {},
            "end": {}
          }
        ],
        "line": 101
      }
    },
    "s": {
      "0": 1,
      "1": 1,
      "2": 1,
      "3": 0,
      "4": 1,
      "5": 1,
      "6": 1,
      "7": 1,
      "8": 1,
      "9": 2,
      "10": 1,
      "11": 1,
      "12": 1,
      "13": 1,
      "14": 1,
      "15": 1,
      "16": 0,
      "17": 0,
      "18": 0,
      "19": 0,
      "20": 0,
      "21": 0,
      "22": 0
    },
    "f": {
      "0": 1,
      "1": 2,
      "2": 0,
      "3": 0
    },
    "b": {
      "0": [
        1,
        0
      ],
      "1": [
        1,
        0
      ],
      "2": [
        1,
        1
      ],
      "3": [
        0,
        1
      ],
      "4": [
        1,
        0
      ],
      "5": [
        1,
        1
      ],
      "6": [
        0,
        0
      ],
      "7": [
        0,
        0
      ]
    },
    "inputSourceMap": {
      "version": 3,
      "mappings": "AAUI,mBACE,cADF;AAVJ,2BAAsB;AAAQ,MAAkB;AAAA;AAAA;AAAA;AAAA;AAAA;AAAA;AAAA;AAAA;AAAA;AAAA;AAAA;AAAA;AAAA;AAAA;AAChD,OAAOA,YAAY;AACnB,OAAOC,iBAAiB;AACxB,OAAOC,cAAc;AACrB,OAAOC,YAAY;AACnB,OAAOC,WAAW;AAClB,OAAOC,oBAAoB;AAE3B,SAASC,MAAM;AACb,SACE,mCACE;AAAA,2BAAC,YAAD;AAAA;AAAA;AAAA;AAAA,WAAO;AAAA,IACP,uBAAC,UACC;AAAA,6BAAC,SAAM,MAAK,KAAI,SAAS,uBAAC,iBAAD;AAAA;AAAA;AAAA;AAAA,aAAY,KAArC;AAAA;AAAA;AAAA;AAAA,aAAyC;AAAA,MACzC,uBAAC,SAAM,MAAK,WAAU,SAAS,uBAAC,YAAD;AAAA;AAAA;AAAA;AAAA,aAAO,KAAtC;AAAA;AAAA;AAAA;AAAA,aAA0C;AAAA,MAC1C,uBAAC,SAAM,MAAK,gBAAe,SAAS,uBAAC,oBAAD;AAAA;AAAA;AAAA;AAAA,aAAe,KAAnD;AAAA;AAAA;AAAA;AAAA,aAAuD;AAAA,MACvD,uBAAC,SAAM,MAAK,UAAS,SAAS,uBAAC,WAAD;AAAA;AAAA;AAAA;AAAA,aAAM,KAApC;AAAA;AAAA;AAAA;AAAA,aAAwC;AAAA,MACxC,uBAAC,SAAM,MAAK,MAAK,SAAS,uBAAC,cAAD;AAAA;AAAA;AAAA;AAAA,aAAS,KAAnC;AAAA;AAAA;AAAA;AAAA,aAAuC;AAAA,SALzC;AAAA;AAAA;AAAA;AAAA,WAMA;AAAA,OARF;AAAA;AAAA;AAAA;AAAA,SASA;AAEJ;AAACC,KAbQD;AAeT,eAAeA;AAAG,IAAAC;AAAAC,aAAAD,IAAA",
      "names": [
        "Navbar",
        "LandingPage",
        "NotFound",
        "Search",
        "Admin",
        "BookDetailPage",
        "App",
        "_c",
        "$RefreshReg$"
      ],
      "sources": [
        "/Users/user/Desktop/repos/puc/mikbooks/src/App.tsx"
      ],
      "file": "/Users/user/Desktop/repos/puc/mikbooks/src/App.tsx"
    },
    "_coverageSchema": "1a1c01bbd47fc00a2c39e90264f33305004495a9",
    "hash": "28945ad760b6b7ab3ec5895ddfee21508c28bdb8"
  },
  "/Users/user/Desktop/repos/puc/mikbooks/src/main.tsx": {
    "path": "/Users/user/Desktop/repos/puc/mikbooks/src/main.tsx",
    "statementMap": {
      "0": {
        "start": {
          "line": 10,
          "column": 20
        },
        "end": {
          "line": 10,
          "column": 37
        }
      },
      "1": {
        "start": {
          "line": 11,
          "column": 0
        },
        "end": {
          "line": 52,
          "column": 2
        }
      }
    },
    "fnMap": {},
    "branchMap": {},
    "s": {
      "0": 1,
      "1": 1
    },
    "f": {},
    "b": {},
    "inputSourceMap": {
      "version": 3,
      "mappings": "AAwBY;AAxBZ,OAAOA,WAAW;AAClB,OAAOC,cAAc;AACrB,OAAO;AACP,SAASC,sBAAsB;AAC/B,SAASC,qBAAqB;AAC9B,SAASC,aAAaC,2BAA2B;AACjD,SAASC,qBAAqB;AAC9B,OAAOC,SAAS;AAEhB,MAAMC,cAAc,IAAIJ,YAAY;AAEpCH,SAASQ,WAAWC,SAASC,eAAe,MAAM,CAAE,EAAEC;AAAAA,EACpD,uBAAC,MAAM,YAAN,EACC;AAAA,IAAC;AAAA;AAAA,MACC,QAAQC,YAAYC,IAAIC;AAAAA,MACxB,UAAUF,YAAYC,IAAIE;AAAAA,MAC1B,qBAAqB;AAAA,QACnBC,cAAcC,OAAOC,SAASC;AAAAA,QAC9BC,UAAUR,YAAYC,IAAIQ;AAAAA,MAC5B;AAAA,MAEA,iCAAC,uBAAoB,QAAQd,aAC3B,iCAAC,iBACC,iCAAC,kBACC,iCAAC,SAAD;AAAA;AAAA;AAAA;AAAA,aAAI,KADN;AAAA;AAAA;AAAA;AAAA,aAEA,KAHF;AAAA;AAAA;AAAA;AAAA,aAIA,KALF;AAAA;AAAA;AAAA;AAAA,aAMA;AAAA;AAAA,IAdF;AAAA;AAAA;AAAA;AAAA;AAAA;AAAA;AAAA;AAAA,EAeA,KAhBF;AAAA;AAAA;AAAA;AAAA,SAiBA;AACF",
      "names": [
        "React",
        "ReactDOM",
        "NextUIProvider",
        "BrowserRouter",
        "QueryClient",
        "QueryClientProvider",
        "Auth0Provider",
        "App",
        "queryClient",
        "createRoot",
        "document",
        "getElementById",
        "render",
        "import",
        "env",
        "VITE_AUTH0_DOMAIN",
        "VITE_AUTH0_CLIENT_ID",
        "redirect_uri",
        "window",
        "location",
        "origin",
        "audience",
        "VITE_AUTH0_AUDIENCE"
      ],
      "sources": [
        "/Users/user/Desktop/repos/puc/mikbooks/src/main.tsx"
      ],
      "file": "/Users/user/Desktop/repos/puc/mikbooks/src/main.tsx"
    },
    "_coverageSchema": "1a1c01bbd47fc00a2c39e90264f33305004495a9",
    "hash": "5685ae325cbb285c7e5ca48f61c803030bd17856"
  }
}