<?xml version="1.0" encoding="UTF-8"?>
<coverage generated="1719372211159" clover="3.2.0">
  <project timestamp="1719372211159" name="All files">
    <metrics statements="284" coveredstatements="208" conditionals="157" coveredconditionals="105" methods="129" coveredmethods="81" elements="570" coveredelements="394" complexity="0" loc="284" ncloc="284" packages="13" files="32" classes="32"/>
    <package name="src">
      <metrics statements="6" coveredstatements="6" conditionals="3" coveredconditionals="3" methods="2" coveredmethods="2"/>
      <file name="App.tsx" path="/home/marjorie/uc/ds/snuffleevees-paltanchez.github.io/src/App.tsx">
        <metrics statements="4" coveredstatements="4" conditionals="3" coveredconditionals="3" methods="2" coveredmethods="2"/>
        <line num="1" count="544" type="cond" truecount="3" falsecount="0"/>
        <line num="10" count="140" type="stmt"/>
        <line num="22" count="68" type="stmt"/>
        <line num="24" count="68" type="stmt"/>
      </file>
      <file name="main.tsx" path="/home/marjorie/uc/ds/snuffleevees-paltanchez.github.io/src/main.tsx">
        <metrics statements="2" coveredstatements="2" conditionals="0" coveredconditionals="0" methods="0" coveredmethods="0"/>
        <line num="10" count="68" type="stmt"/>
        <line num="12" count="68" type="stmt"/>
      </file>
    </package>
    <package name="src.api">
      <metrics statements="24" coveredstatements="18" conditionals="9" coveredconditionals="4" methods="8" coveredmethods="5"/>
      <file name="client.ts" path="/home/marjorie/uc/ds/snuffleevees-paltanchez.github.io/src/api/client.ts">
        <metrics statements="24" coveredstatements="18" conditionals="9" coveredconditionals="4" methods="8" coveredmethods="5"/>
        <line num="7" count="68" type="stmt"/>
        <line num="8" count="53" type="stmt"/>
        <line num="9" count="477" type="cond" truecount="1" falsecount="1"/>
        <line num="11" count="53" type="stmt"/>
        <line num="12" count="53" type="cond" truecount="1" falsecount="0"/>
        <line num="13" count="53" type="stmt"/>
        <line num="15" count="0" type="stmt"/>
        <line num="18" count="68" type="stmt"/>
        <line num="23" count="69" type="stmt"/>
        <line num="30" count="69" type="stmt"/>
        <line num="32" count="69" type="cond" truecount="1" falsecount="0"/>
        <line num="33" count="53" type="stmt"/>
        <line num="36" count="69" type="stmt"/>
        <line num="37" count="69" type="stmt"/>
        <line num="39" count="53" type="cond" truecount="0" falsecount="1"/>
        <line num="40" count="0" type="stmt"/>
        <line num="43" count="53" type="stmt"/>
        <line num="44" count="53" type="stmt"/>
        <line num="46" count="0" type="stmt"/>
        <line num="59" count="252" type="stmt"/>
        <line num="61" count="69" type="stmt"/>
        <line num="63" count="0" type="stmt"/>
        <line num="65" count="0" type="stmt"/>
        <line num="67" count="0" type="stmt"/>
      </file>
    </package>
    <package name="src.components">
      <metrics statements="47" coveredstatements="31" conditionals="41" coveredconditionals="27" methods="24" coveredmethods="12"/>
      <file name="BookCard.tsx" path="/home/marjorie/uc/ds/snuffleevees-paltanchez.github.io/src/components/BookCard.tsx">
        <metrics statements="12" coveredstatements="10" conditionals="7" coveredconditionals="5" methods="6" coveredmethods="4"/>
        <line num="1" count="612" type="cond" truecount="4" falsecount="1"/>
        <line num="7" count="1680" type="cond" truecount="1" falsecount="0"/>
        <line num="8" count="1680" type="stmt"/>
        <line num="9" count="1680" type="cond" truecount="0" falsecount="1"/>
        <line num="10" count="1680" type="stmt"/>
        <line num="17" count="0" type="stmt"/>
        <line num="46" count="1602" type="stmt"/>
        <line num="48" count="136" type="stmt"/>
        <line num="49" count="0" type="stmt"/>
        <line num="50" count="105" type="stmt"/>
        <line num="52" count="68" type="stmt"/>
        <line num="63" count="68" type="stmt"/>
      </file>
      <file name="BookImage.tsx" path="/home/marjorie/uc/ds/snuffleevees-paltanchez.github.io/src/components/BookImage.tsx">
        <metrics statements="4" coveredstatements="4" conditionals="8" coveredconditionals="5" methods="2" coveredmethods="2"/>
        <line num="1" count="544" type="cond" truecount="3" falsecount="0"/>
        <line num="9" count="68" type="stmt"/>
        <line num="15" count="1720" type="stmt"/>
        <line num="26" count="68" type="stmt"/>
      </file>
      <file name="ClipboardButton.tsx" path="/home/marjorie/uc/ds/snuffleevees-paltanchez.github.io/src/components/ClipboardButton.tsx">
        <metrics statements="12" coveredstatements="3" conditionals="8" coveredconditionals="4" methods="6" coveredmethods="1"/>
        <line num="1" count="544" type="cond" truecount="4" falsecount="1"/>
        <line num="5" count="68" type="stmt"/>
        <line num="6" count="0" type="stmt"/>
        <line num="7" count="0" type="stmt"/>
        <line num="8" count="0" type="cond" truecount="0" falsecount="1"/>
        <line num="9" count="0" type="stmt"/>
        <line num="10" count="0" type="stmt"/>
        <line num="12" count="0" type="stmt"/>
        <line num="15" count="0" type="stmt"/>
        <line num="19" count="0" type="stmt"/>
        <line num="20" count="0" type="stmt"/>
        <line num="28" count="68" type="stmt"/>
      </file>
      <file name="FiltersMenu.tsx" path="/home/marjorie/uc/ds/snuffleevees-paltanchez.github.io/src/components/FiltersMenu.tsx">
        <metrics statements="4" coveredstatements="3" conditionals="5" coveredconditionals="4" methods="2" coveredmethods="1"/>
        <line num="1" count="476" type="cond" truecount="4" falsecount="1"/>
        <line num="5" count="68" type="stmt"/>
        <line num="14" count="0" type="stmt"/>
        <line num="32" count="68" type="stmt"/>
      </file>
      <file name="LoadingSpinner.tsx" path="/home/marjorie/uc/ds/snuffleevees-paltanchez.github.io/src/components/LoadingSpinner.tsx">
        <metrics statements="4" coveredstatements="3" conditionals="3" coveredconditionals="3" methods="2" coveredmethods="1"/>
        <line num="1" count="544" type="cond" truecount="3" falsecount="0"/>
        <line num="3" count="68" type="stmt"/>
        <line num="4" count="0" type="stmt"/>
        <line num="9" count="68" type="stmt"/>
      </file>
      <file name="Logo.tsx" path="/home/marjorie/uc/ds/snuffleevees-paltanchez.github.io/src/components/Logo.tsx">
        <metrics statements="4" coveredstatements="4" conditionals="3" coveredconditionals="3" methods="2" coveredmethods="2"/>
        <line num="1" count="544" type="cond" truecount="3" falsecount="0"/>
        <line num="6" count="68" type="stmt"/>
        <line num="7" count="138" type="stmt"/>
        <line num="8" count="68" type="stmt"/>
      </file>
      <file name="PasswordInput.tsx" path="/home/marjorie/uc/ds/snuffleevees-paltanchez.github.io/src/components/PasswordInput.tsx">
        <metrics statements="7" coveredstatements="4" conditionals="7" coveredconditionals="3" methods="4" coveredmethods="1"/>
        <line num="1" count="680" type="cond" truecount="3" falsecount="0"/>
        <line num="5" count="68" type="stmt"/>
        <line num="6" count="0" type="stmt"/>
        <line num="7" count="0" type="stmt"/>
        <line num="9" count="0" type="stmt"/>
        <line num="33" count="68" type="stmt"/>
        <line num="35" count="136" type="stmt"/>
      </file>
    </package>
    <package name="src.components.BookDetail">
      <metrics statements="21" coveredstatements="21" conditionals="9" coveredconditionals="9" methods="9" coveredmethods="9"/>
      <file name="BookDetail.tsx" path="/home/marjorie/uc/ds/snuffleevees-paltanchez.github.io/src/components/BookDetail/BookDetail.tsx">
        <metrics statements="4" coveredstatements="4" conditionals="3" coveredconditionals="3" methods="2" coveredmethods="2"/>
        <line num="1" count="544" type="cond" truecount="3" falsecount="0"/>
        <line num="6" count="68" type="stmt"/>
        <line num="7" count="40" type="stmt"/>
        <line num="28" count="68" type="stmt"/>
      </file>
      <file name="PriceTable.tsx" path="/home/marjorie/uc/ds/snuffleevees-paltanchez.github.io/src/components/BookDetail/PriceTable.tsx">
        <metrics statements="17" coveredstatements="17" conditionals="6" coveredconditionals="6" methods="7" coveredmethods="7"/>
        <line num="1" count="612" type="cond" truecount="3" falsecount="0"/>
        <line num="13" count="68" type="stmt"/>
        <line num="14" count="40" type="stmt"/>
        <line num="19" count="40" type="stmt"/>
        <line num="20" count="40" type="stmt"/>
        <line num="26" count="40" type="stmt"/>
        <line num="29" count="80" type="stmt"/>
        <line num="33" count="40" type="stmt"/>
        <line num="35" count="64" type="cond" truecount="2" falsecount="0"/>
        <line num="36" count="64" type="cond" truecount="1" falsecount="0"/>
        <line num="37" count="24" type="stmt"/>
        <line num="39" count="40" type="stmt"/>
        <line num="52" count="68" type="stmt"/>
        <line num="54" count="68" type="stmt"/>
        <line num="55" count="40" type="stmt"/>
        <line num="56" count="24" type="stmt"/>
        <line num="57" count="68" type="stmt"/>
      </file>
    </package>
    <package name="src.components.Rating">
      <metrics statements="10" coveredstatements="10" conditionals="5" coveredconditionals="4" methods="3" coveredmethods="3"/>
      <file name="Stars.tsx" path="/home/marjorie/uc/ds/snuffleevees-paltanchez.github.io/src/components/Rating/Stars.tsx">
        <metrics statements="10" coveredstatements="10" conditionals="5" coveredconditionals="4" methods="3" coveredmethods="3"/>
        <line num="1" count="544" type="cond" truecount="3" falsecount="0"/>
        <line num="4" count="68" type="stmt"/>
        <line num="5" count="40" type="stmt"/>
        <line num="6" count="40" type="stmt"/>
        <line num="7" count="40" type="stmt"/>
        <line num="8" count="200" type="cond" truecount="1" falsecount="1"/>
        <line num="9" count="200" type="stmt"/>
        <line num="11" count="40" type="stmt"/>
        <line num="13" count="40" type="stmt"/>
        <line num="14" count="68" type="stmt"/>
      </file>
    </package>
    <package name="src.components.navbar">
      <metrics statements="30" coveredstatements="20" conditionals="21" coveredconditionals="16" methods="16" coveredmethods="9"/>
      <file name="Navbar.tsx" path="/home/marjorie/uc/ds/snuffleevees-paltanchez.github.io/src/components/navbar/Navbar.tsx">
        <metrics statements="6" coveredstatements="5" conditionals="5" coveredconditionals="4" methods="4" coveredmethods="3"/>
        <line num="1" count="544" type="cond" truecount="4" falsecount="1"/>
        <line num="7" count="138" type="stmt"/>
        <line num="8" count="138" type="stmt"/>
        <line num="9" count="138" type="stmt"/>
        <line num="12" count="0" type="stmt"/>
        <line num="25" count="68" type="stmt"/>
      </file>
      <file name="SearchInput.tsx" path="/home/marjorie/uc/ds/snuffleevees-paltanchez.github.io/src/components/navbar/SearchInput.tsx">
        <metrics statements="15" coveredstatements="9" conditionals="8" coveredconditionals="5" methods="7" coveredmethods="3"/>
        <line num="1" count="612" type="cond" truecount="3" falsecount="0"/>
        <line num="7" count="138" type="stmt"/>
        <line num="8" count="138" type="stmt"/>
        <line num="9" count="138" type="stmt"/>
        <line num="10" count="138" type="stmt"/>
        <line num="11" count="138" type="cond" truecount="2" falsecount="0"/>
        <line num="12" count="138" type="stmt"/>
        <line num="13" count="0" type="cond" truecount="0" falsecount="2"/>
        <line num="14" count="0" type="stmt"/>
        <line num="16" count="0" type="stmt"/>
        <line num="19" count="138" type="stmt"/>
        <line num="31" count="0" type="cond" truecount="0" falsecount="1"/>
        <line num="33" count="0" type="stmt"/>
        <line num="39" count="0" type="stmt"/>
        <line num="46" count="68" type="stmt"/>
      </file>
      <file name="User.tsx" path="/home/marjorie/uc/ds/snuffleevees-paltanchez.github.io/src/components/navbar/User.tsx">
        <metrics statements="9" coveredstatements="6" conditionals="8" coveredconditionals="7" methods="5" coveredmethods="3"/>
        <line num="1" count="544" type="cond" truecount="4" falsecount="1"/>
        <line num="12" count="274" type="stmt"/>
        <line num="13" count="274" type="stmt"/>
        <line num="14" count="274" type="cond" truecount="3" falsecount="0"/>
        <line num="16" count="138" type="stmt"/>
        <line num="20" count="0" type="stmt"/>
        <line num="25" count="0" type="stmt"/>
        <line num="40" count="0" type="stmt"/>
        <line num="48" count="68" type="stmt"/>
      </file>
    </package>
    <package name="src.hooks">
      <metrics statements="20" coveredstatements="11" conditionals="3" coveredconditionals="0" methods="8" coveredmethods="4"/>
      <file name="useClients.ts" path="/home/marjorie/uc/ds/snuffleevees-paltanchez.github.io/src/hooks/useClients.ts">
        <metrics statements="6" coveredstatements="4" conditionals="0" coveredconditionals="0" methods="2" coveredmethods="1"/>
        <line num="7" count="68" type="stmt"/>
        <line num="8" count="0" type="stmt"/>
        <line num="9" count="0" type="stmt"/>
        <line num="16" count="68" type="stmt"/>
        <line num="17" count="252" type="stmt"/>
        <line num="18" count="252" type="stmt"/>
      </file>
      <file name="useQueryParams.ts" path="/home/marjorie/uc/ds/snuffleevees-paltanchez.github.io/src/hooks/useQueryParams.ts">
        <metrics statements="14" coveredstatements="7" conditionals="3" coveredconditionals="0" methods="6" coveredmethods="3"/>
        <line num="12" count="68" type="stmt"/>
        <line num="13" count="138" type="stmt"/>
        <line num="14" count="138" type="stmt"/>
        <line num="15" count="138" type="stmt"/>
        <line num="16" count="138" type="stmt"/>
        <line num="18" count="138" type="stmt"/>
        <line num="25" count="0" type="stmt"/>
        <line num="26" count="0" type="stmt"/>
        <line num="27" count="0" type="cond" truecount="0" falsecount="1"/>
        <line num="28" count="0" type="stmt"/>
        <line num="31" count="0" type="stmt"/>
        <line num="32" count="0" type="stmt"/>
        <line num="34" count="0" type="stmt"/>
        <line num="37" count="138" type="stmt"/>
      </file>
    </package>
    <package name="src.hooks.queries.useBooks">
      <metrics statements="40" coveredstatements="40" conditionals="3" coveredconditionals="2" methods="17" coveredmethods="17"/>
      <file name="apiCalls.ts" path="/home/marjorie/uc/ds/snuffleevees-paltanchez.github.io/src/hooks/queries/useBooks/apiCalls.ts">
        <metrics statements="7" coveredstatements="7" conditionals="0" coveredconditionals="0" methods="3" coveredmethods="3"/>
        <line num="4" count="68" type="stmt"/>
        <line num="5" count="252" type="stmt"/>
        <line num="11" count="252" type="stmt"/>
        <line num="22" count="53" type="stmt"/>
        <line num="37" count="252" type="stmt"/>
        <line num="38" count="16" type="stmt"/>
        <line num="41" count="252" type="stmt"/>
      </file>
      <file name="dataTransforms.ts" path="/home/marjorie/uc/ds/snuffleevees-paltanchez.github.io/src/hooks/queries/useBooks/dataTransforms.ts">
        <metrics statements="16" coveredstatements="16" conditionals="3" coveredconditionals="2" methods="8" coveredmethods="8"/>
        <line num="7" count="68" type="stmt"/>
        <line num="8" count="252" type="stmt"/>
        <line num="9" count="37" type="stmt"/>
        <line num="10" count="37" type="stmt"/>
        <line num="17" count="252" type="stmt"/>
        <line num="18" count="436" type="stmt"/>
        <line num="21" count="446" type="stmt"/>
        <line num="29" count="252" type="stmt"/>
        <line num="35" count="68" type="stmt"/>
        <line num="36" count="882" type="stmt"/>
        <line num="39" count="68" type="stmt"/>
        <line num="40" count="436" type="cond" truecount="1" falsecount="1"/>
        <line num="48" count="68" type="stmt"/>
        <line num="49" count="436" type="cond" truecount="1" falsecount="0"/>
        <line num="50" count="10" type="stmt"/>
        <line num="51" count="10" type="stmt"/>
      </file>
      <file name="index.ts" path="/home/marjorie/uc/ds/snuffleevees-paltanchez.github.io/src/hooks/queries/useBooks/index.ts">
        <metrics statements="14" coveredstatements="14" conditionals="0" coveredconditionals="0" methods="4" coveredmethods="4"/>
        <line num="14" count="68" type="stmt"/>
        <line num="15" count="180" type="stmt"/>
        <line num="16" count="180" type="stmt"/>
        <line num="17" count="180" type="stmt"/>
        <line num="18" count="180" type="stmt"/>
        <line num="20" count="53" type="stmt"/>
        <line num="22" count="180" type="stmt"/>
        <line num="30" count="68" type="stmt"/>
        <line num="31" count="72" type="stmt"/>
        <line num="32" count="72" type="stmt"/>
        <line num="33" count="72" type="stmt"/>
        <line num="34" count="72" type="stmt"/>
        <line num="36" count="16" type="stmt"/>
        <line num="38" count="72" type="stmt"/>
      </file>
      <file name="queryKeys.ts" path="/home/marjorie/uc/ds/snuffleevees-paltanchez.github.io/src/hooks/queries/useBooks/queryKeys.ts">
        <metrics statements="3" coveredstatements="3" conditionals="0" coveredconditionals="0" methods="2" coveredmethods="2"/>
        <line num="3" count="68" type="stmt"/>
        <line num="5" count="180" type="stmt"/>
        <line num="6" count="72" type="stmt"/>
      </file>
    </package>
    <package name="src.pages">
      <metrics statements="15" coveredstatements="6" conditionals="10" coveredconditionals="6" methods="6" coveredmethods="2"/>
      <file name="Admin.tsx" path="/home/marjorie/uc/ds/snuffleevees-paltanchez.github.io/src/pages/Admin.tsx">
        <metrics statements="12" coveredstatements="4" conditionals="7" coveredconditionals="3" methods="5" coveredmethods="1"/>
        <line num="1" count="612" type="cond" truecount="3" falsecount="0"/>
        <line num="9" count="68" type="stmt"/>
        <line num="10" count="68" type="stmt"/>
        <line num="11" count="0" type="stmt"/>
        <line num="12" count="0" type="stmt"/>
        <line num="13" count="0" type="cond" truecount="0" falsecount="1"/>
        <line num="14" count="0" type="stmt"/>
        <line num="15" count="0" type="stmt"/>
        <line num="19" count="0" type="cond" truecount="0" falsecount="3"/>
        <line num="20" count="0" type="stmt"/>
        <line num="21" count="0" type="stmt"/>
        <line num="39" count="68" type="stmt"/>
      </file>
      <file name="NotFound.tsx" path="/home/marjorie/uc/ds/snuffleevees-paltanchez.github.io/src/pages/NotFound.tsx">
        <metrics statements="3" coveredstatements="2" conditionals="3" coveredconditionals="3" methods="1" coveredmethods="1"/>
        <line num="1" count="544" type="cond" truecount="3" falsecount="0"/>
        <line num="2" count="0" type="stmt"/>
        <line num="3" count="68" type="stmt"/>
      </file>
    </package>
    <package name="src.pages.book-detail">
      <metrics statements="13" coveredstatements="13" conditionals="9" coveredconditionals="6" methods="6" coveredmethods="6"/>
      <file name="BookDetailPage.tsx" path="/home/marjorie/uc/ds/snuffleevees-paltanchez.github.io/src/pages/book-detail/BookDetailPage.tsx">
        <metrics statements="13" coveredstatements="13" conditionals="9" coveredconditionals="6" methods="6" coveredmethods="6"/>
        <line num="1" count="680" type="cond" truecount="4" falsecount="1"/>
        <line num="6" count="36" type="stmt"/>
        <line num="7" count="68" type="stmt"/>
        <line num="8" count="32" type="cond" truecount="0" falsecount="1"/>
        <line num="9" count="32" type="stmt"/>
        <line num="10" count="68" type="stmt"/>
        <line num="12" count="170" type="stmt"/>
        <line num="13" count="72" type="stmt"/>
        <line num="14" count="72" type="cond" truecount="1" falsecount="0"/>
        <line num="15" count="40" type="cond" truecount="1" falsecount="1"/>
        <line num="16" count="50" type="stmt"/>
        <line num="18" count="24" type="stmt"/>
        <line num="23" count="34" type="stmt"/>
      </file>
    </package>
    <package name="src.pages.landing-page">
      <metrics statements="13" coveredstatements="13" conditionals="13" coveredconditionals="12" methods="7" coveredmethods="7"/>
      <file name="LandingPage.tsx" path="/home/marjorie/uc/ds/snuffleevees-paltanchez.github.io/src/pages/landing-page/LandingPage.tsx">
        <metrics statements="8" coveredstatements="8" conditionals="10" coveredconditionals="9" methods="4" coveredmethods="4"/>
        <line num="1" count="544" type="cond" truecount="4" falsecount="1"/>
        <line num="4" count="180" type="cond" truecount="2" falsecount="0"/>
        <line num="5" count="180" type="stmt"/>
        <line num="6" count="180" type="cond" truecount="2" falsecount="0"/>
        <line num="7" count="180" type="cond" truecount="1" falsecount="0"/>
        <line num="8" count="74" type="stmt"/>
        <line num="9" count="40" type="stmt"/>
        <line num="15" count="57" type="stmt"/>
      </file>
      <file name="LandingPageSection.tsx" path="/home/marjorie/uc/ds/snuffleevees-paltanchez.github.io/src/pages/landing-page/LandingPageSection.tsx">
        <metrics statements="5" coveredstatements="5" conditionals="3" coveredconditionals="3" methods="3" coveredmethods="3"/>
        <line num="1" count="544" type="cond" truecount="3" falsecount="0"/>
        <line num="5" count="68" type="stmt"/>
        <line num="12" count="148" type="stmt"/>
        <line num="18" count="1680" type="stmt"/>
        <line num="24" count="68" type="stmt"/>
      </file>
    </package>
    <package name="src.pages.search">
      <metrics statements="16" coveredstatements="7" conditionals="14" coveredconditionals="6" methods="7" coveredmethods="2"/>
      <file name="SearchNoResults.tsx" path="/home/marjorie/uc/ds/snuffleevees-paltanchez.github.io/src/pages/search/SearchNoResults.tsx">
        <metrics statements="4" coveredstatements="3" conditionals="3" coveredconditionals="3" methods="2" coveredmethods="1"/>
        <line num="1" count="544" type="cond" truecount="3" falsecount="0"/>
        <line num="3" count="68" type="stmt"/>
        <line num="4" count="0" type="stmt"/>
        <line num="11" count="68" type="stmt"/>
      </file>
      <file name="SearchPage.tsx" path="/home/marjorie/uc/ds/snuffleevees-paltanchez.github.io/src/pages/search/SearchPage.tsx">
        <metrics statements="12" coveredstatements="4" conditionals="11" coveredconditionals="3" methods="5" coveredmethods="1"/>
        <line num="1" count="612" type="cond" truecount="3" falsecount="0"/>
        <line num="10" count="68" type="stmt"/>
        <line num="11" count="0" type="stmt"/>
        <line num="12" count="0" type="cond" truecount="0" falsecount="2"/>
        <line num="13" count="68" type="stmt"/>
        <line num="15" count="0" type="cond" truecount="0" falsecount="2"/>
        <line num="17" count="0" type="stmt"/>
        <line num="18" count="0" type="stmt"/>
        <line num="19" count="0" type="stmt"/>
        <line num="22" count="0" type="stmt"/>
        <line num="33" count="0" type="stmt"/>
        <line num="49" count="68" type="stmt"/>
      </file>
    </package>
    <package name="src.pages.search.filters">
      <metrics statements="29" coveredstatements="12" conditionals="17" coveredconditionals="10" methods="16" coveredmethods="3"/>
      <file name="SearchFilters.tsx" path="/home/marjorie/uc/ds/snuffleevees-paltanchez.github.io/src/pages/search/filters/SearchFilters.tsx">
        <metrics statements="5" coveredstatements="4" conditionals="5" coveredconditionals="4" methods="3" coveredmethods="1"/>
        <line num="1" count="544" type="cond" truecount="4" falsecount="1"/>
        <line num="6" count="68" type="stmt"/>
        <line num="7" count="68" type="stmt"/>
        <line num="8" count="0" type="stmt"/>
        <line num="20" count="68" type="stmt"/>
      </file>
      <file name="SearchFiltersItemsPerPage.tsx" path="/home/marjorie/uc/ds/snuffleevees-paltanchez.github.io/src/pages/search/filters/SearchFiltersItemsPerPage.tsx">
        <metrics statements="10" coveredstatements="4" conditionals="5" coveredconditionals="3" methods="5" coveredmethods="1"/>
        <line num="1" count="612" type="cond" truecount="3" falsecount="0"/>
        <line num="5" count="68" type="stmt"/>
        <line num="6" count="68" type="stmt"/>
        <line num="7" count="0" type="cond" truecount="0" falsecount="2"/>
        <line num="8" count="0" type="stmt"/>
        <line num="9" count="0" type="stmt"/>
        <line num="10" count="0" type="stmt"/>
        <line num="13" count="0" type="stmt"/>
        <line num="20" count="0" type="stmt"/>
        <line num="28" count="68" type="stmt"/>
      </file>
      <file name="SearchFiltersPriceRange.tsx" path="/home/marjorie/uc/ds/snuffleevees-paltanchez.github.io/src/pages/search/filters/SearchFiltersPriceRange.tsx">
        <metrics statements="14" coveredstatements="4" conditionals="7" coveredconditionals="3" methods="8" coveredmethods="1"/>
        <line num="1" count="612" type="cond" truecount="3" falsecount="0"/>
        <line num="11" count="68" type="stmt"/>
        <line num="12" count="68" type="stmt"/>
        <line num="13" count="0" type="stmt"/>
        <line num="18" count="0" type="stmt"/>
        <line num="19" count="0" type="stmt"/>
        <line num="20" count="0" type="stmt"/>
        <line num="21" count="0" type="stmt"/>
        <line num="25" count="0" type="stmt"/>
        <line num="26" count="0" type="stmt"/>
        <line num="33" count="0" type="stmt"/>
        <line num="47" count="0" type="stmt"/>
        <line num="58" count="0" type="stmt"/>
        <line num="66" count="68" type="stmt"/>
      </file>
    </package>
  </project>
</coverage>
