<?xml version="1.0" encoding="UTF-8"?>
<coverage generated="1719010616049" clover="3.2.0">
  <project timestamp="1719010616049" name="All files">
    <metrics statements="292" coveredstatements="153" conditionals="153" coveredconditionals="88" methods="125" coveredmethods="50" elements="570" coveredelements="291" complexity="0" loc="292" ncloc="292" packages="13" files="32" classes="32"/>
    <package name="src">
      <metrics statements="6" coveredstatements="6" conditionals="3" coveredconditionals="3" methods="2" coveredmethods="2"/>
      <file name="App.tsx" path="/Users/user/Desktop/repos/puc/mikbooks/src/App.tsx">
        <metrics statements="4" coveredstatements="4" conditionals="3" coveredconditionals="3" methods="2" coveredmethods="2"/>
        <line num="1" count="8" type="cond" truecount="3" falsecount="0"/>
        <line num="10" count="2" type="stmt"/>
        <line num="22" count="1" type="stmt"/>
        <line num="24" count="1" type="stmt"/>
      </file>
      <file name="main.tsx" path="/Users/user/Desktop/repos/puc/mikbooks/src/main.tsx">
        <metrics statements="2" coveredstatements="2" conditionals="0" coveredconditionals="0" methods="0" coveredmethods="0"/>
        <line num="10" count="1" type="stmt"/>
        <line num="12" count="1" type="stmt"/>
      </file>
    </package>
    <package name="src.api">
      <metrics statements="24" coveredstatements="15" conditionals="9" coveredconditionals="3" methods="8" coveredmethods="5"/>
      <file name="client.ts" path="/Users/user/Desktop/repos/puc/mikbooks/src/api/client.ts">
        <metrics statements="24" coveredstatements="15" conditionals="9" coveredconditionals="3" methods="8" coveredmethods="5"/>
        <line num="7" count="1" type="stmt"/>
        <line num="8" count="1" type="stmt"/>
        <line num="9" count="9" type="cond" truecount="1" falsecount="1"/>
        <line num="11" count="1" type="stmt"/>
        <line num="12" count="1" type="cond" truecount="1" falsecount="0"/>
        <line num="13" count="1" type="stmt"/>
        <line num="15" count="0" type="stmt"/>
        <line num="18" count="1" type="stmt"/>
        <line num="23" count="1" type="stmt"/>
        <line num="30" count="1" type="stmt"/>
        <line num="32" count="1" type="cond" truecount="1" falsecount="0"/>
        <line num="33" count="1" type="stmt"/>
        <line num="36" count="1" type="stmt"/>
        <line num="37" count="1" type="stmt"/>
        <line num="39" count="0" type="cond" truecount="0" falsecount="1"/>
        <line num="40" count="0" type="stmt"/>
        <line num="43" count="0" type="stmt"/>
        <line num="44" count="0" type="stmt"/>
        <line num="46" count="0" type="stmt"/>
        <line num="59" count="2" type="stmt"/>
        <line num="61" count="1" type="stmt"/>
        <line num="63" count="0" type="stmt"/>
        <line num="65" count="0" type="stmt"/>
        <line num="67" count="0" type="stmt"/>
      </file>
    </package>
    <package name="src.components">
      <metrics statements="46" coveredstatements="25" conditionals="41" coveredconditionals="23" methods="23" coveredmethods="8"/>
      <file name="BookCard.tsx" path="/Users/user/Desktop/repos/puc/mikbooks/src/components/BookCard.tsx">
        <metrics statements="11" coveredstatements="5" conditionals="8" coveredconditionals="4" methods="5" coveredmethods="1"/>
        <line num="1" count="9" type="cond" truecount="4" falsecount="1"/>
        <line num="8" count="0" type="stmt"/>
        <line num="16" count="0" type="stmt"/>
        <line num="17" count="1" type="stmt"/>
        <line num="18" count="0" type="cond" truecount="0" falsecount="1"/>
        <line num="19" count="0" type="stmt"/>
        <line num="23" count="0" type="stmt"/>
        <line num="46" count="1" type="stmt"/>
        <line num="48" count="2" type="stmt"/>
        <line num="49" count="0" type="stmt"/>
        <line num="63" count="1" type="stmt"/>
      </file>
      <file name="BookImage.tsx" path="/Users/user/Desktop/repos/puc/mikbooks/src/components/BookImage.tsx">
        <metrics statements="4" coveredstatements="3" conditionals="8" coveredconditionals="3" methods="2" coveredmethods="1"/>
        <line num="1" count="8" type="cond" truecount="3" falsecount="0"/>
        <line num="9" count="1" type="stmt"/>
        <line num="15" count="0" type="stmt"/>
        <line num="26" count="1" type="stmt"/>
      </file>
      <file name="ClipboardButton.tsx" path="/Users/user/Desktop/repos/puc/mikbooks/src/components/ClipboardButton.tsx">
        <metrics statements="12" coveredstatements="3" conditionals="8" coveredconditionals="4" methods="6" coveredmethods="1"/>
        <line num="1" count="8" type="cond" truecount="4" falsecount="1"/>
        <line num="5" count="1" type="stmt"/>
        <line num="6" count="0" type="stmt"/>
        <line num="7" count="0" type="stmt"/>
        <line num="8" count="0" type="cond" truecount="0" falsecount="1"/>
        <line num="9" count="0" type="stmt"/>
        <line num="10" count="0" type="stmt"/>
        <line num="12" count="0" type="stmt"/>
        <line num="15" count="0" type="stmt"/>
        <line num="19" count="0" type="stmt"/>
        <line num="20" count="0" type="stmt"/>
        <line num="28" count="1" type="stmt"/>
      </file>
      <file name="FavoriteChip.tsx" path="/Users/user/Desktop/repos/puc/mikbooks/src/components/FavoriteChip.tsx">
        <metrics statements="4" coveredstatements="3" conditionals="4" coveredconditionals="3" methods="2" coveredmethods="1"/>
        <line num="1" count="8" type="cond" truecount="3" falsecount="0"/>
        <line num="9" count="1" type="stmt"/>
        <line num="14" count="0" type="stmt"/>
        <line num="24" count="1" type="stmt"/>
      </file>
      <file name="LoadingSpinner.tsx" path="/Users/user/Desktop/repos/puc/mikbooks/src/components/LoadingSpinner.tsx">
        <metrics statements="4" coveredstatements="3" conditionals="3" coveredconditionals="3" methods="2" coveredmethods="1"/>
        <line num="1" count="8" type="cond" truecount="3" falsecount="0"/>
        <line num="3" count="1" type="stmt"/>
        <line num="4" count="0" type="stmt"/>
        <line num="9" count="1" type="stmt"/>
      </file>
      <file name="Logo.tsx" path="/Users/user/Desktop/repos/puc/mikbooks/src/components/Logo.tsx">
        <metrics statements="4" coveredstatements="4" conditionals="3" coveredconditionals="3" methods="2" coveredmethods="2"/>
        <line num="1" count="8" type="cond" truecount="3" falsecount="0"/>
        <line num="6" count="1" type="stmt"/>
        <line num="7" count="2" type="stmt"/>
        <line num="8" count="1" type="stmt"/>
      </file>
      <file name="PasswordInput.tsx" path="/Users/user/Desktop/repos/puc/mikbooks/src/components/PasswordInput.tsx">
        <metrics statements="7" coveredstatements="4" conditionals="7" coveredconditionals="3" methods="4" coveredmethods="1"/>
        <line num="1" count="10" type="cond" truecount="3" falsecount="0"/>
        <line num="5" count="1" type="stmt"/>
        <line num="6" count="0" type="stmt"/>
        <line num="7" count="0" type="stmt"/>
        <line num="9" count="0" type="stmt"/>
        <line num="33" count="1" type="stmt"/>
        <line num="35" count="2" type="stmt"/>
      </file>
    </package>
    <package name="src.components.BookDetail">
      <metrics statements="21" coveredstatements="8" conditionals="9" coveredconditionals="6" methods="9" coveredmethods="2"/>
      <file name="BookDetail.tsx" path="/Users/user/Desktop/repos/puc/mikbooks/src/components/BookDetail/BookDetail.tsx">
        <metrics statements="4" coveredstatements="3" conditionals="3" coveredconditionals="3" methods="2" coveredmethods="1"/>
        <line num="1" count="8" type="cond" truecount="3" falsecount="0"/>
        <line num="9" count="1" type="stmt"/>
        <line num="10" count="0" type="stmt"/>
        <line num="37" count="1" type="stmt"/>
      </file>
      <file name="PriceTable.tsx" path="/Users/user/Desktop/repos/puc/mikbooks/src/components/BookDetail/PriceTable.tsx">
        <metrics statements="17" coveredstatements="5" conditionals="6" coveredconditionals="3" methods="7" coveredmethods="1"/>
        <line num="1" count="9" type="cond" truecount="3" falsecount="0"/>
        <line num="13" count="1" type="stmt"/>
        <line num="14" count="0" type="stmt"/>
        <line num="19" count="0" type="stmt"/>
        <line num="20" count="0" type="stmt"/>
        <line num="26" count="0" type="stmt"/>
        <line num="29" count="0" type="stmt"/>
        <line num="33" count="0" type="stmt"/>
        <line num="35" count="0" type="cond" truecount="0" falsecount="2"/>
        <line num="36" count="0" type="cond" truecount="0" falsecount="1"/>
        <line num="37" count="0" type="stmt"/>
        <line num="39" count="0" type="stmt"/>
        <line num="52" count="1" type="stmt"/>
        <line num="54" count="1" type="stmt"/>
        <line num="55" count="0" type="stmt"/>
        <line num="56" count="0" type="stmt"/>
        <line num="57" count="1" type="stmt"/>
      </file>
    </package>
    <package name="src.components.Rating">
      <metrics statements="10" coveredstatements="3" conditionals="5" coveredconditionals="3" methods="3" coveredmethods="1"/>
      <file name="Stars.tsx" path="/Users/user/Desktop/repos/puc/mikbooks/src/components/Rating/Stars.tsx">
        <metrics statements="10" coveredstatements="3" conditionals="5" coveredconditionals="3" methods="3" coveredmethods="1"/>
        <line num="1" count="8" type="cond" truecount="3" falsecount="0"/>
        <line num="4" count="1" type="stmt"/>
        <line num="5" count="0" type="stmt"/>
        <line num="6" count="0" type="stmt"/>
        <line num="7" count="0" type="stmt"/>
        <line num="8" count="0" type="cond" truecount="0" falsecount="2"/>
        <line num="9" count="0" type="stmt"/>
        <line num="11" count="0" type="stmt"/>
        <line num="13" count="0" type="stmt"/>
        <line num="14" count="1" type="stmt"/>
      </file>
    </package>
    <package name="src.components.navbar">
      <metrics statements="34" coveredstatements="21" conditionals="18" coveredconditionals="14" methods="17" coveredmethods="10"/>
      <file name="Navbar.tsx" path="/Users/user/Desktop/repos/puc/mikbooks/src/components/navbar/Navbar.tsx">
        <metrics statements="6" coveredstatements="5" conditionals="5" coveredconditionals="4" methods="4" coveredmethods="3"/>
        <line num="1" count="8" type="cond" truecount="4" falsecount="1"/>
        <line num="7" count="2" type="stmt"/>
        <line num="8" count="2" type="stmt"/>
        <line num="9" count="2" type="stmt"/>
        <line num="12" count="0" type="stmt"/>
        <line num="25" count="1" type="stmt"/>
      </file>
      <file name="SearchInput.tsx" path="/Users/user/Desktop/repos/puc/mikbooks/src/components/navbar/SearchInput.tsx">
        <metrics statements="19" coveredstatements="10" conditionals="5" coveredconditionals="3" methods="8" coveredmethods="4"/>
        <line num="1" count="9" type="cond" truecount="3" falsecount="0"/>
        <line num="8" count="1" type="stmt"/>
        <line num="11" count="2" type="stmt"/>
        <line num="12" count="0" type="stmt"/>
        <line num="13" count="0" type="stmt"/>
        <line num="14" count="0" type="stmt"/>
        <line num="16" count="0" type="stmt"/>
        <line num="17" count="0" type="stmt"/>
        <line num="21" count="2" type="stmt"/>
        <line num="22" count="2" type="stmt"/>
        <line num="23" count="2" type="stmt"/>
        <line num="24" count="2" type="stmt"/>
        <line num="25" count="2" type="stmt"/>
        <line num="26" count="0" type="cond" truecount="0" falsecount="2"/>
        <line num="27" count="0" type="stmt"/>
        <line num="29" count="0" type="stmt"/>
        <line num="32" count="2" type="stmt"/>
        <line num="42" count="0" type="stmt"/>
        <line num="46" count="1" type="stmt"/>
      </file>
      <file name="User.tsx" path="/Users/user/Desktop/repos/puc/mikbooks/src/components/navbar/User.tsx">
        <metrics statements="9" coveredstatements="6" conditionals="8" coveredconditionals="7" methods="5" coveredmethods="3"/>
        <line num="1" count="8" type="cond" truecount="4" falsecount="1"/>
        <line num="12" count="4" type="stmt"/>
        <line num="13" count="4" type="stmt"/>
        <line num="14" count="4" type="cond" truecount="3" falsecount="0"/>
        <line num="16" count="2" type="stmt"/>
        <line num="20" count="0" type="stmt"/>
        <line num="25" count="0" type="stmt"/>
        <line num="40" count="0" type="stmt"/>
        <line num="48" count="1" type="stmt"/>
      </file>
    </package>
    <package name="src.hooks">
      <metrics statements="20" coveredstatements="12" conditionals="0" coveredconditionals="0" methods="7" coveredmethods="4"/>
      <file name="useClients.ts" path="/Users/user/Desktop/repos/puc/mikbooks/src/hooks/useClients.ts">
        <metrics statements="6" coveredstatements="4" conditionals="0" coveredconditionals="0" methods="2" coveredmethods="1"/>
        <line num="7" count="1" type="stmt"/>
        <line num="8" count="0" type="stmt"/>
        <line num="9" count="0" type="stmt"/>
        <line num="16" count="1" type="stmt"/>
        <line num="17" count="2" type="stmt"/>
        <line num="18" count="2" type="stmt"/>
      </file>
      <file name="useQueryParams.ts" path="/Users/user/Desktop/repos/puc/mikbooks/src/hooks/useQueryParams.ts">
        <metrics statements="14" coveredstatements="8" conditionals="0" coveredconditionals="0" methods="5" coveredmethods="3"/>
        <line num="13" count="1" type="stmt"/>
        <line num="14" count="2" type="stmt"/>
        <line num="15" count="2" type="stmt"/>
        <line num="16" count="2" type="stmt"/>
        <line num="17" count="2" type="stmt"/>
        <line num="19" count="2" type="stmt"/>
        <line num="20" count="0" type="stmt"/>
        <line num="21" count="0" type="stmt"/>
        <line num="22" count="0" type="stmt"/>
        <line num="25" count="2" type="stmt"/>
        <line num="26" count="0" type="stmt"/>
        <line num="27" count="0" type="stmt"/>
        <line num="28" count="0" type="stmt"/>
        <line num="31" count="2" type="stmt"/>
      </file>
    </package>
    <package name="src.hooks.queries.useBooks">
      <metrics statements="43" coveredstatements="23" conditionals="4" coveredconditionals="0" methods="17" coveredmethods="6"/>
      <file name="apiCalls.ts" path="/Users/user/Desktop/repos/puc/mikbooks/src/hooks/queries/useBooks/apiCalls.ts">
        <metrics statements="7" coveredstatements="6" conditionals="0" coveredconditionals="0" methods="3" coveredmethods="2"/>
        <line num="4" count="1" type="stmt"/>
        <line num="5" count="2" type="stmt"/>
        <line num="11" count="2" type="stmt"/>
        <line num="22" count="1" type="stmt"/>
        <line num="37" count="2" type="stmt"/>
        <line num="38" count="0" type="stmt"/>
        <line num="41" count="2" type="stmt"/>
      </file>
      <file name="dataTransforms.ts" path="/Users/user/Desktop/repos/puc/mikbooks/src/hooks/queries/useBooks/dataTransforms.ts">
        <metrics statements="19" coveredstatements="7" conditionals="4" coveredconditionals="0" methods="8" coveredmethods="1"/>
        <line num="7" count="1" type="stmt"/>
        <line num="8" count="2" type="stmt"/>
        <line num="9" count="0" type="stmt"/>
        <line num="10" count="0" type="stmt"/>
        <line num="17" count="2" type="stmt"/>
        <line num="18" count="0" type="stmt"/>
        <line num="21" count="0" type="stmt"/>
        <line num="29" count="2" type="stmt"/>
        <line num="35" count="1" type="stmt"/>
        <line num="36" count="0" type="stmt"/>
        <line num="38" count="0" type="cond" truecount="0" falsecount="1"/>
        <line num="39" count="0" type="stmt"/>
        <line num="41" count="0" type="stmt"/>
        <line num="44" count="1" type="stmt"/>
        <line num="45" count="0" type="cond" truecount="0" falsecount="2"/>
        <line num="53" count="1" type="stmt"/>
        <line num="54" count="0" type="cond" truecount="0" falsecount="1"/>
        <line num="55" count="0" type="stmt"/>
        <line num="56" count="0" type="stmt"/>
      </file>
      <file name="index.ts" path="/Users/user/Desktop/repos/puc/mikbooks/src/hooks/queries/useBooks/index.ts">
        <metrics statements="14" coveredstatements="8" conditionals="0" coveredconditionals="0" methods="4" coveredmethods="2"/>
        <line num="14" count="1" type="stmt"/>
        <line num="15" count="2" type="stmt"/>
        <line num="16" count="2" type="stmt"/>
        <line num="17" count="2" type="stmt"/>
        <line num="18" count="2" type="stmt"/>
        <line num="20" count="1" type="stmt"/>
        <line num="22" count="2" type="stmt"/>
        <line num="30" count="1" type="stmt"/>
        <line num="31" count="0" type="stmt"/>
        <line num="32" count="0" type="stmt"/>
        <line num="33" count="0" type="stmt"/>
        <line num="34" count="0" type="stmt"/>
        <line num="36" count="0" type="stmt"/>
        <line num="38" count="0" type="stmt"/>
      </file>
      <file name="queryKeys.ts" path="/Users/user/Desktop/repos/puc/mikbooks/src/hooks/queries/useBooks/queryKeys.ts">
        <metrics statements="3" coveredstatements="2" conditionals="0" coveredconditionals="0" methods="2" coveredmethods="1"/>
        <line num="3" count="1" type="stmt"/>
        <line num="5" count="2" type="stmt"/>
        <line num="6" count="0" type="stmt"/>
      </file>
    </package>
    <package name="src.pages">
      <metrics statements="15" coveredstatements="6" conditionals="10" coveredconditionals="6" methods="6" coveredmethods="2"/>
      <file name="Admin.tsx" path="/Users/user/Desktop/repos/puc/mikbooks/src/pages/Admin.tsx">
        <metrics statements="12" coveredstatements="4" conditionals="7" coveredconditionals="3" methods="5" coveredmethods="1"/>
        <line num="1" count="9" type="cond" truecount="3" falsecount="0"/>
        <line num="9" count="1" type="stmt"/>
        <line num="10" count="1" type="stmt"/>
        <line num="11" count="0" type="stmt"/>
        <line num="12" count="0" type="stmt"/>
        <line num="13" count="0" type="cond" truecount="0" falsecount="1"/>
        <line num="14" count="0" type="stmt"/>
        <line num="15" count="0" type="stmt"/>
        <line num="19" count="0" type="cond" truecount="0" falsecount="3"/>
        <line num="20" count="0" type="stmt"/>
        <line num="21" count="0" type="stmt"/>
        <line num="39" count="1" type="stmt"/>
      </file>
      <file name="NotFound.tsx" path="/Users/user/Desktop/repos/puc/mikbooks/src/pages/NotFound.tsx">
        <metrics statements="3" coveredstatements="2" conditionals="3" coveredconditionals="3" methods="1" coveredmethods="1"/>
        <line num="1" count="8" type="cond" truecount="3" falsecount="0"/>
        <line num="2" count="0" type="stmt"/>
        <line num="3" count="1" type="stmt"/>
      </file>
    </package>
    <package name="src.pages.book-detail">
      <metrics statements="12" coveredstatements="6" conditionals="9" coveredconditionals="4" methods="5" coveredmethods="1"/>
      <file name="BookDetailPage.tsx" path="/Users/user/Desktop/repos/puc/mikbooks/src/pages/book-detail/BookDetailPage.tsx">
        <metrics statements="12" coveredstatements="6" conditionals="9" coveredconditionals="4" methods="5" coveredmethods="1"/>
        <line num="1" count="10" type="cond" truecount="4" falsecount="1"/>
        <line num="6" count="0" type="stmt"/>
        <line num="7" count="1" type="stmt"/>
        <line num="8" count="0" type="cond" truecount="0" falsecount="1"/>
        <line num="9" count="0" type="stmt"/>
        <line num="10" count="1" type="stmt"/>
        <line num="12" count="2" type="stmt"/>
        <line num="13" count="1" type="stmt"/>
        <line num="14" count="0" type="cond" truecount="0" falsecount="1"/>
        <line num="15" count="0" type="cond" truecount="0" falsecount="2"/>
        <line num="16" count="0" type="stmt"/>
        <line num="23" count="1" type="stmt"/>
      </file>
    </package>
    <package name="src.pages.landing-page">
      <metrics statements="12" coveredstatements="9" conditionals="11" coveredconditionals="10" methods="6" coveredmethods="4"/>
      <file name="LandingPage.tsx" path="/Users/user/Desktop/repos/puc/mikbooks/src/pages/landing-page/LandingPage.tsx">
        <metrics statements="7" coveredstatements="6" conditionals="8" coveredconditionals="7" methods="3" coveredmethods="3"/>
        <line num="1" count="8" type="cond" truecount="4" falsecount="1"/>
        <line num="4" count="2" type="stmt"/>
        <line num="5" count="2" type="stmt"/>
        <line num="6" count="2" type="cond" truecount="2" falsecount="0"/>
        <line num="7" count="2" type="cond" truecount="1" falsecount="0"/>
        <line num="8" count="0" type="stmt"/>
        <line num="14" count="1" type="stmt"/>
      </file>
      <file name="LandingPageSection.tsx" path="/Users/user/Desktop/repos/puc/mikbooks/src/pages/landing-page/LandingPageSection.tsx">
        <metrics statements="5" coveredstatements="3" conditionals="3" coveredconditionals="3" methods="3" coveredmethods="1"/>
        <line num="1" count="8" type="cond" truecount="3" falsecount="0"/>
        <line num="5" count="1" type="stmt"/>
        <line num="12" count="0" type="stmt"/>
        <line num="18" count="0" type="stmt"/>
        <line num="24" count="1" type="stmt"/>
      </file>
    </package>
    <package name="src.pages.search">
      <metrics statements="18" coveredstatements="7" conditionals="15" coveredconditionals="6" methods="7" coveredmethods="2"/>
      <file name="Search.tsx" path="/Users/user/Desktop/repos/puc/mikbooks/src/pages/search/Search.tsx">
        <metrics statements="14" coveredstatements="4" conditionals="12" coveredconditionals="3" methods="5" coveredmethods="1"/>
        <line num="1" count="9" type="cond" truecount="3" falsecount="0"/>
        <line num="10" count="1" type="stmt"/>
        <line num="11" count="0" type="stmt"/>
        <line num="12" count="0" type="cond" truecount="0" falsecount="2"/>
        <line num="13" count="1" type="stmt"/>
        <line num="15" count="0" type="cond" truecount="0" falsecount="2"/>
        <line num="17" count="0" type="stmt"/>
        <line num="18" count="0" type="stmt"/>
        <line num="19" count="0" type="stmt"/>
        <line num="21" count="0" type="cond" truecount="0" falsecount="1"/>
        <line num="22" count="0" type="stmt"/>
        <line num="25" count="0" type="stmt"/>
        <line num="36" count="0" type="stmt"/>
        <line num="52" count="1" type="stmt"/>
      </file>
      <file name="SearchNoResults.tsx" path="/Users/user/Desktop/repos/puc/mikbooks/src/pages/search/SearchNoResults.tsx">
        <metrics statements="4" coveredstatements="3" conditionals="3" coveredconditionals="3" methods="2" coveredmethods="1"/>
        <line num="1" count="8" type="cond" truecount="3" falsecount="0"/>
        <line num="3" count="1" type="stmt"/>
        <line num="4" count="0" type="stmt"/>
        <line num="11" count="1" type="stmt"/>
      </file>
    </package>
    <package name="src.pages.search.filters">
      <metrics statements="31" coveredstatements="12" conditionals="19" coveredconditionals="10" methods="15" coveredmethods="3"/>
      <file name="SearchFilters.tsx" path="/Users/user/Desktop/repos/puc/mikbooks/src/pages/search/filters/SearchFilters.tsx">
        <metrics statements="5" coveredstatements="4" conditionals="5" coveredconditionals="4" methods="3" coveredmethods="1"/>
        <line num="1" count="8" type="cond" truecount="4" falsecount="1"/>
        <line num="6" count="1" type="stmt"/>
        <line num="7" count="1" type="stmt"/>
        <line num="8" count="0" type="stmt"/>
        <line num="20" count="1" type="stmt"/>
      </file>
      <file name="SearchFiltersItemsPerPage.tsx" path="/Users/user/Desktop/repos/puc/mikbooks/src/pages/search/filters/SearchFiltersItemsPerPage.tsx">
        <metrics statements="10" coveredstatements="4" conditionals="5" coveredconditionals="3" methods="5" coveredmethods="1"/>
        <line num="1" count="9" type="cond" truecount="3" falsecount="0"/>
        <line num="5" count="1" type="stmt"/>
        <line num="6" count="1" type="stmt"/>
        <line num="7" count="0" type="cond" truecount="0" falsecount="2"/>
        <line num="8" count="0" type="stmt"/>
        <line num="9" count="0" type="stmt"/>
        <line num="10" count="0" type="stmt"/>
        <line num="13" count="0" type="stmt"/>
        <line num="20" count="0" type="stmt"/>
        <line num="28" count="1" type="stmt"/>
      </file>
      <file name="SearchFiltersPriceRange.tsx" path="/Users/user/Desktop/repos/puc/mikbooks/src/pages/search/filters/SearchFiltersPriceRange.tsx">
        <metrics statements="16" coveredstatements="4" conditionals="9" coveredconditionals="3" methods="7" coveredmethods="1"/>
        <line num="1" count="9" type="cond" truecount="3" falsecount="0"/>
        <line num="10" count="1" type="stmt"/>
        <line num="11" count="1" type="stmt"/>
        <line num="12" count="0" type="stmt"/>
        <line num="17" count="0" type="stmt"/>
        <line num="18" count="0" type="cond" truecount="0" falsecount="1"/>
        <line num="19" count="0" type="stmt"/>
        <line num="21" count="0" type="cond" truecount="0" falsecount="1"/>
        <line num="22" count="0" type="stmt"/>
        <line num="24" count="0" type="stmt"/>
        <line num="25" count="0" type="stmt"/>
        <line num="26" count="0" type="stmt"/>
        <line num="29" count="0" type="stmt"/>
        <line num="41" count="0" type="stmt"/>
        <line num="52" count="0" type="stmt"/>
        <line num="58" count="1" type="stmt"/>
      </file>
    </package>
  </project>
</coverage>
