{"total": {"lines":{"total":292,"covered":153,"skipped":0,"pct":52.39},"statements":{"total":356,"covered":182,"skipped":0,"pct":51.12},"functions":{"total":125,"covered":50,"skipped":0,"pct":40},"branches":{"total":153,"covered":88,"skipped":0,"pct":57.51},"branchesTrue":{"total":0,"covered":0,"skipped":0,"pct":100}}
,"/Users/user/Desktop/repos/puc/mikbooks/src/App.tsx": {"lines":{"total":4,"covered":4,"skipped":0,"pct":100},"functions":{"total":2,"covered":2,"skipped":0,"pct":100},"statements":{"total":4,"covered":4,"skipped":0,"pct":100},"branches":{"total":3,"covered":3,"skipped":0,"pct":100}}
,"/Users/user/Desktop/repos/puc/mikbooks/src/main.tsx": {"lines":{"total":2,"covered":2,"skipped":0,"pct":100},"functions":{"total":0,"covered":0,"skipped":0,"pct":100},"statements":{"total":2,"covered":2,"skipped":0,"pct":100},"branches":{"total":0,"covered":0,"skipped":0,"pct":100}}
,"/Users/user/Desktop/repos/puc/mikbooks/src/api/client.ts": {"lines":{"total":24,"covered":15,"skipped":0,"pct":62.5},"functions":{"total":8,"covered":5,"skipped":0,"pct":62.5},"statements":{"total":25,"covered":16,"skipped":0,"pct":64},"branches":{"total":9,"covered":3,"skipped":0,"pct":33.33}}
,"/Users/user/Desktop/repos/puc/mikbooks/src/components/BookCard.tsx": {"lines":{"total":11,"covered":5,"skipped":0,"pct":45.45},"functions":{"total":5,"covered":1,"skipped":0,"pct":20},"statements":{"total":15,"covered":7,"skipped":0,"pct":46.66},"branches":{"total":8,"covered":4,"skipped":0,"pct":50}}
,"/Users/user/Desktop/repos/puc/mikbooks/src/components/BookImage.tsx": {"lines":{"total":4,"covered":3,"skipped":0,"pct":75},"functions":{"total":2,"covered":1,"skipped":0,"pct":50},"statements":{"total":4,"covered":3,"skipped":0,"pct":75},"branches":{"total":8,"covered":3,"skipped":0,"pct":37.5}}
,"/Users/user/Desktop/repos/puc/mikbooks/src/components/ClipboardButton.tsx": {"lines":{"total":12,"covered":3,"skipped":0,"pct":25},"functions":{"total":6,"covered":1,"skipped":0,"pct":16.66},"statements":{"total":16,"covered":5,"skipped":0,"pct":31.25},"branches":{"total":8,"covered":4,"skipped":0,"pct":50}}
,"/Users/user/Desktop/repos/puc/mikbooks/src/components/FavoriteChip.tsx": {"lines":{"total":4,"covered":3,"skipped":0,"pct":75},"functions":{"total":2,"covered":1,"skipped":0,"pct":50},"statements":{"total":4,"covered":3,"skipped":0,"pct":75},"branches":{"total":4,"covered":3,"skipped":0,"pct":75}}
,"/Users/user/Desktop/repos/puc/mikbooks/src/components/LoadingSpinner.tsx": {"lines":{"total":4,"covered":3,"skipped":0,"pct":75},"functions":{"total":2,"covered":1,"skipped":0,"pct":50},"statements":{"total":4,"covered":3,"skipped":0,"pct":75},"branches":{"total":3,"covered":3,"skipped":0,"pct":100}}
,"/Users/user/Desktop/repos/puc/mikbooks/src/components/Logo.tsx": {"lines":{"total":4,"covered":4,"skipped":0,"pct":100},"functions":{"total":2,"covered":2,"skipped":0,"pct":100},"statements":{"total":4,"covered":4,"skipped":0,"pct":100},"branches":{"total":3,"covered":3,"skipped":0,"pct":100}}
,"/Users/user/Desktop/repos/puc/mikbooks/src/components/PasswordInput.tsx": {"lines":{"total":7,"covered":4,"skipped":0,"pct":57.14},"functions":{"total":4,"covered":1,"skipped":0,"pct":25},"statements":{"total":10,"covered":4,"skipped":0,"pct":40},"branches":{"total":7,"covered":3,"skipped":0,"pct":42.85}}
,"/Users/user/Desktop/repos/puc/mikbooks/src/components/BookDetail/BookDetail.tsx": {"lines":{"total":4,"covered":3,"skipped":0,"pct":75},"functions":{"total":2,"covered":1,"skipped":0,"pct":50},"statements":{"total":4,"covered":3,"skipped":0,"pct":75},"branches":{"total":3,"covered":3,"skipped":0,"pct":100}}
,"/Users/user/Desktop/repos/puc/mikbooks/src/components/BookDetail/PriceTable.tsx": {"lines":{"total":17,"covered":5,"skipped":0,"pct":29.41},"functions":{"total":7,"covered":1,"skipped":0,"pct":14.28},"statements":{"total":18,"covered":5,"skipped":0,"pct":27.77},"branches":{"total":6,"covered":3,"skipped":0,"pct":50}}
,"/Users/user/Desktop/repos/puc/mikbooks/src/components/Rating/Stars.tsx": {"lines":{"total":10,"covered":3,"skipped":0,"pct":30},"functions":{"total":3,"covered":1,"skipped":0,"pct":33.33},"statements":{"total":11,"covered":3,"skipped":0,"pct":27.27},"branches":{"total":5,"covered":3,"skipped":0,"pct":60}}
,"/Users/user/Desktop/repos/puc/mikbooks/src/components/navbar/Navbar.tsx": {"lines":{"total":6,"covered":5,"skipped":0,"pct":83.33},"functions":{"total":4,"covered":3,"skipped":0,"pct":75},"statements":{"total":10,"covered":9,"skipped":0,"pct":90},"branches":{"total":5,"covered":4,"skipped":0,"pct":80}}
,"/Users/user/Desktop/repos/puc/mikbooks/src/components/navbar/SearchInput.tsx": {"lines":{"total":19,"covered":10,"skipped":0,"pct":52.63},"functions":{"total":8,"covered":4,"skipped":0,"pct":50},"statements":{"total":22,"covered":13,"skipped":0,"pct":59.09},"branches":{"total":5,"covered":3,"skipped":0,"pct":60}}
,"/Users/user/Desktop/repos/puc/mikbooks/src/components/navbar/User.tsx": {"lines":{"total":9,"covered":6,"skipped":0,"pct":66.66},"functions":{"total":5,"covered":3,"skipped":0,"pct":60},"statements":{"total":15,"covered":12,"skipped":0,"pct":80},"branches":{"total":8,"covered":7,"skipped":0,"pct":87.5}}
,"/Users/user/Desktop/repos/puc/mikbooks/src/hooks/useClients.ts": {"lines":{"total":6,"covered":4,"skipped":0,"pct":66.66},"functions":{"total":2,"covered":1,"skipped":0,"pct":50},"statements":{"total":6,"covered":4,"skipped":0,"pct":66.66},"branches":{"total":0,"covered":0,"skipped":0,"pct":100}}
,"/Users/user/Desktop/repos/puc/mikbooks/src/hooks/useQueryParams.ts": {"lines":{"total":14,"covered":8,"skipped":0,"pct":57.14},"functions":{"total":5,"covered":3,"skipped":0,"pct":60},"statements":{"total":16,"covered":10,"skipped":0,"pct":62.5},"branches":{"total":0,"covered":0,"skipped":0,"pct":100}}
,"/Users/user/Desktop/repos/puc/mikbooks/src/hooks/queries/useBooks/apiCalls.ts": {"lines":{"total":7,"covered":6,"skipped":0,"pct":85.71},"functions":{"total":3,"covered":2,"skipped":0,"pct":66.66},"statements":{"total":7,"covered":6,"skipped":0,"pct":85.71},"branches":{"total":0,"covered":0,"skipped":0,"pct":100}}
,"/Users/user/Desktop/repos/puc/mikbooks/src/hooks/queries/useBooks/dataTransforms.ts": {"lines":{"total":19,"covered":7,"skipped":0,"pct":36.84},"functions":{"total":8,"covered":1,"skipped":0,"pct":12.5},"statements":{"total":21,"covered":7,"skipped":0,"pct":33.33},"branches":{"total":4,"covered":0,"skipped":0,"pct":0}}
,"/Users/user/Desktop/repos/puc/mikbooks/src/hooks/queries/useBooks/index.ts": {"lines":{"total":14,"covered":8,"skipped":0,"pct":57.14},"functions":{"total":4,"covered":2,"skipped":0,"pct":50},"statements":{"total":14,"covered":8,"skipped":0,"pct":57.14},"branches":{"total":0,"covered":0,"skipped":0,"pct":100}}
,"/Users/user/Desktop/repos/puc/mikbooks/src/hooks/queries/useBooks/queryKeys.ts": {"lines":{"total":3,"covered":2,"skipped":0,"pct":66.66},"functions":{"total":2,"covered":1,"skipped":0,"pct":50},"statements":{"total":3,"covered":2,"skipped":0,"pct":66.66},"branches":{"total":0,"covered":0,"skipped":0,"pct":100}}
,"/Users/user/Desktop/repos/puc/mikbooks/src/pages/Admin.tsx": {"lines":{"total":12,"covered":4,"skipped":0,"pct":33.33},"functions":{"total":5,"covered":1,"skipped":0,"pct":20},"statements":{"total":17,"covered":4,"skipped":0,"pct":23.52},"branches":{"total":7,"covered":3,"skipped":0,"pct":42.85}}
,"/Users/user/Desktop/repos/puc/mikbooks/src/pages/NotFound.tsx": {"lines":{"total":3,"covered":2,"skipped":0,"pct":66.66},"functions":{"total":1,"covered":1,"skipped":0,"pct":100},"statements":{"total":4,"covered":3,"skipped":0,"pct":75},"branches":{"total":3,"covered":3,"skipped":0,"pct":100}}
,"/Users/user/Desktop/repos/puc/mikbooks/src/pages/book-detail/BookDetailPage.tsx": {"lines":{"total":12,"covered":6,"skipped":0,"pct":50},"functions":{"total":5,"covered":1,"skipped":0,"pct":20},"statements":{"total":21,"covered":8,"skipped":0,"pct":38.09},"branches":{"total":9,"covered":4,"skipped":0,"pct":44.44}}
,"/Users/user/Desktop/repos/puc/mikbooks/src/pages/landing-page/LandingPage.tsx": {"lines":{"total":7,"covered":6,"skipped":0,"pct":85.71},"functions":{"total":3,"covered":3,"skipped":0,"pct":100},"statements":{"total":12,"covered":11,"skipped":0,"pct":91.66},"branches":{"total":8,"covered":7,"skipped":0,"pct":87.5}}
,"/Users/user/Desktop/repos/puc/mikbooks/src/pages/landing-page/LandingPageSection.tsx": {"lines":{"total":5,"covered":3,"skipped":0,"pct":60},"functions":{"total":3,"covered":1,"skipped":0,"pct":33.33},"statements":{"total":5,"covered":3,"skipped":0,"pct":60},"branches":{"total":3,"covered":3,"skipped":0,"pct":100}}
,"/Users/user/Desktop/repos/puc/mikbooks/src/pages/search/Search.tsx": {"lines":{"total":14,"covered":4,"skipped":0,"pct":28.57},"functions":{"total":5,"covered":1,"skipped":0,"pct":20},"statements":{"total":17,"covered":4,"skipped":0,"pct":23.52},"branches":{"total":12,"covered":3,"skipped":0,"pct":25}}
,"/Users/user/Desktop/repos/puc/mikbooks/src/pages/search/SearchNoResults.tsx": {"lines":{"total":4,"covered":3,"skipped":0,"pct":75},"functions":{"total":2,"covered":1,"skipped":0,"pct":50},"statements":{"total":4,"covered":3,"skipped":0,"pct":75},"branches":{"total":3,"covered":3,"skipped":0,"pct":100}}
,"/Users/user/Desktop/repos/puc/mikbooks/src/pages/search/filters/SearchFilters.tsx": {"lines":{"total":5,"covered":4,"skipped":0,"pct":80},"functions":{"total":3,"covered":1,"skipped":0,"pct":33.33},"statements":{"total":9,"covered":5,"skipped":0,"pct":55.55},"branches":{"total":5,"covered":4,"skipped":0,"pct":80}}
,"/Users/user/Desktop/repos/puc/mikbooks/src/pages/search/filters/SearchFiltersItemsPerPage.tsx": {"lines":{"total":10,"covered":4,"skipped":0,"pct":40},"functions":{"total":5,"covered":1,"skipped":0,"pct":20},"statements":{"total":13,"covered":4,"skipped":0,"pct":30.76},"branches":{"total":5,"covered":3,"skipped":0,"pct":60}}
,"/Users/user/Desktop/repos/puc/mikbooks/src/pages/search/filters/SearchFiltersPriceRange.tsx": {"lines":{"total":16,"covered":4,"skipped":0,"pct":25},"functions":{"total":7,"covered":1,"skipped":0,"pct":14.28},"statements":{"total":19,"covered":4,"skipped":0,"pct":21.05},"branches":{"total":9,"covered":3,"skipped":0,"pct":33.33}}
}
