{"total": {"lines":{"total":284,"covered":208,"skipped":0,"pct":73.23},"statements":{"total":359,"covered":258,"skipped":0,"pct":71.86},"functions":{"total":129,"covered":81,"skipped":0,"pct":62.79},"branches":{"total":157,"covered":105,"skipped":0,"pct":66.87},"branchesTrue":{"total":0,"covered":0,"skipped":0,"pct":100}}
,"/home/marjorie/uc/ds/snuffleevees-paltanchez.github.io/src/App.tsx": {"lines":{"total":4,"covered":4,"skipped":0,"pct":100},"functions":{"total":2,"covered":2,"skipped":0,"pct":100},"statements":{"total":4,"covered":4,"skipped":0,"pct":100},"branches":{"total":3,"covered":3,"skipped":0,"pct":100}}
,"/home/marjorie/uc/ds/snuffleevees-paltanchez.github.io/src/main.tsx": {"lines":{"total":2,"covered":2,"skipped":0,"pct":100},"functions":{"total":0,"covered":0,"skipped":0,"pct":100},"statements":{"total":2,"covered":2,"skipped":0,"pct":100},"branches":{"total":0,"covered":0,"skipped":0,"pct":100}}
,"/home/marjorie/uc/ds/snuffleevees-paltanchez.github.io/src/api/client.ts": {"lines":{"total":24,"covered":18,"skipped":0,"pct":75},"functions":{"total":8,"covered":5,"skipped":0,"pct":62.5},"statements":{"total":25,"covered":19,"skipped":0,"pct":76},"branches":{"total":9,"covered":4,"skipped":0,"pct":44.44}}
,"/home/marjorie/uc/ds/snuffleevees-paltanchez.github.io/src/components/BookCard.tsx": {"lines":{"total":12,"covered":10,"skipped":0,"pct":83.33},"functions":{"total":6,"covered":4,"skipped":0,"pct":66.66},"statements":{"total":18,"covered":15,"skipped":0,"pct":83.33},"branches":{"total":7,"covered":5,"skipped":0,"pct":71.42}}
,"/home/marjorie/uc/ds/snuffleevees-paltanchez.github.io/src/components/BookImage.tsx": {"lines":{"total":4,"covered":4,"skipped":0,"pct":100},"functions":{"total":2,"covered":2,"skipped":0,"pct":100},"statements":{"total":4,"covered":4,"skipped":0,"pct":100},"branches":{"total":8,"covered":5,"skipped":0,"pct":62.5}}
,"/home/marjorie/uc/ds/snuffleevees-paltanchez.github.io/src/components/ClipboardButton.tsx": {"lines":{"total":12,"covered":3,"skipped":0,"pct":25},"functions":{"total":6,"covered":1,"skipped":0,"pct":16.66},"statements":{"total":16,"covered":5,"skipped":0,"pct":31.25},"branches":{"total":8,"covered":4,"skipped":0,"pct":50}}
,"/home/marjorie/uc/ds/snuffleevees-paltanchez.github.io/src/components/FiltersMenu.tsx": {"lines":{"total":4,"covered":3,"skipped":0,"pct":75},"functions":{"total":2,"covered":1,"skipped":0,"pct":50},"statements":{"total":5,"covered":4,"skipped":0,"pct":80},"branches":{"total":5,"covered":4,"skipped":0,"pct":80}}
,"/home/marjorie/uc/ds/snuffleevees-paltanchez.github.io/src/components/LoadingSpinner.tsx": {"lines":{"total":4,"covered":3,"skipped":0,"pct":75},"functions":{"total":2,"covered":1,"skipped":0,"pct":50},"statements":{"total":4,"covered":3,"skipped":0,"pct":75},"branches":{"total":3,"covered":3,"skipped":0,"pct":100}}
,"/home/marjorie/uc/ds/snuffleevees-paltanchez.github.io/src/components/Logo.tsx": {"lines":{"total":4,"covered":4,"skipped":0,"pct":100},"functions":{"total":2,"covered":2,"skipped":0,"pct":100},"statements":{"total":4,"covered":4,"skipped":0,"pct":100},"branches":{"total":3,"covered":3,"skipped":0,"pct":100}}
,"/home/marjorie/uc/ds/snuffleevees-paltanchez.github.io/src/components/PasswordInput.tsx": {"lines":{"total":7,"covered":4,"skipped":0,"pct":57.14},"functions":{"total":4,"covered":1,"skipped":0,"pct":25},"statements":{"total":10,"covered":4,"skipped":0,"pct":40},"branches":{"total":7,"covered":3,"skipped":0,"pct":42.85}}
,"/home/marjorie/uc/ds/snuffleevees-paltanchez.github.io/src/components/BookDetail/BookDetail.tsx": {"lines":{"total":4,"covered":4,"skipped":0,"pct":100},"functions":{"total":2,"covered":2,"skipped":0,"pct":100},"statements":{"total":4,"covered":4,"skipped":0,"pct":100},"branches":{"total":3,"covered":3,"skipped":0,"pct":100}}
,"/home/marjorie/uc/ds/snuffleevees-paltanchez.github.io/src/components/BookDetail/PriceTable.tsx": {"lines":{"total":17,"covered":17,"skipped":0,"pct":100},"functions":{"total":7,"covered":7,"skipped":0,"pct":100},"statements":{"total":18,"covered":18,"skipped":0,"pct":100},"branches":{"total":6,"covered":6,"skipped":0,"pct":100}}
,"/home/marjorie/uc/ds/snuffleevees-paltanchez.github.io/src/components/Rating/Stars.tsx": {"lines":{"total":10,"covered":10,"skipped":0,"pct":100},"functions":{"total":3,"covered":3,"skipped":0,"pct":100},"statements":{"total":11,"covered":11,"skipped":0,"pct":100},"branches":{"total":5,"covered":4,"skipped":0,"pct":80}}
,"/home/marjorie/uc/ds/snuffleevees-paltanchez.github.io/src/components/navbar/Navbar.tsx": {"lines":{"total":6,"covered":5,"skipped":0,"pct":83.33},"functions":{"total":4,"covered":3,"skipped":0,"pct":75},"statements":{"total":10,"covered":9,"skipped":0,"pct":90},"branches":{"total":5,"covered":4,"skipped":0,"pct":80}}
,"/home/marjorie/uc/ds/snuffleevees-paltanchez.github.io/src/components/navbar/SearchInput.tsx": {"lines":{"total":15,"covered":9,"skipped":0,"pct":60},"functions":{"total":7,"covered":3,"skipped":0,"pct":42.85},"statements":{"total":19,"covered":12,"skipped":0,"pct":63.15},"branches":{"total":8,"covered":5,"skipped":0,"pct":62.5}}
,"/home/marjorie/uc/ds/snuffleevees-paltanchez.github.io/src/components/navbar/User.tsx": {"lines":{"total":9,"covered":6,"skipped":0,"pct":66.66},"functions":{"total":5,"covered":3,"skipped":0,"pct":60},"statements":{"total":15,"covered":12,"skipped":0,"pct":80},"branches":{"total":8,"covered":7,"skipped":0,"pct":87.5}}
,"/home/marjorie/uc/ds/snuffleevees-paltanchez.github.io/src/hooks/useClients.ts": {"lines":{"total":6,"covered":4,"skipped":0,"pct":66.66},"functions":{"total":2,"covered":1,"skipped":0,"pct":50},"statements":{"total":6,"covered":4,"skipped":0,"pct":66.66},"branches":{"total":0,"covered":0,"skipped":0,"pct":100}}
,"/home/marjorie/uc/ds/snuffleevees-paltanchez.github.io/src/hooks/useQueryParams.ts": {"lines":{"total":14,"covered":7,"skipped":0,"pct":50},"functions":{"total":6,"covered":3,"skipped":0,"pct":50},"statements":{"total":16,"covered":9,"skipped":0,"pct":56.25},"branches":{"total":3,"covered":0,"skipped":0,"pct":0}}
,"/home/marjorie/uc/ds/snuffleevees-paltanchez.github.io/src/hooks/queries/useBooks/apiCalls.ts": {"lines":{"total":7,"covered":7,"skipped":0,"pct":100},"functions":{"total":3,"covered":3,"skipped":0,"pct":100},"statements":{"total":7,"covered":7,"skipped":0,"pct":100},"branches":{"total":0,"covered":0,"skipped":0,"pct":100}}
,"/home/marjorie/uc/ds/snuffleevees-paltanchez.github.io/src/hooks/queries/useBooks/dataTransforms.ts": {"lines":{"total":16,"covered":16,"skipped":0,"pct":100},"functions":{"total":8,"covered":8,"skipped":0,"pct":100},"statements":{"total":18,"covered":18,"skipped":0,"pct":100},"branches":{"total":3,"covered":2,"skipped":0,"pct":66.66}}
,"/home/marjorie/uc/ds/snuffleevees-paltanchez.github.io/src/hooks/queries/useBooks/index.ts": {"lines":{"total":14,"covered":14,"skipped":0,"pct":100},"functions":{"total":4,"covered":4,"skipped":0,"pct":100},"statements":{"total":14,"covered":14,"skipped":0,"pct":100},"branches":{"total":0,"covered":0,"skipped":0,"pct":100}}
,"/home/marjorie/uc/ds/snuffleevees-paltanchez.github.io/src/hooks/queries/useBooks/queryKeys.ts": {"lines":{"total":3,"covered":3,"skipped":0,"pct":100},"functions":{"total":2,"covered":2,"skipped":0,"pct":100},"statements":{"total":3,"covered":3,"skipped":0,"pct":100},"branches":{"total":0,"covered":0,"skipped":0,"pct":100}}
,"/home/marjorie/uc/ds/snuffleevees-paltanchez.github.io/src/pages/Admin.tsx": {"lines":{"total":12,"covered":4,"skipped":0,"pct":33.33},"functions":{"total":5,"covered":1,"skipped":0,"pct":20},"statements":{"total":17,"covered":4,"skipped":0,"pct":23.52},"branches":{"total":7,"covered":3,"skipped":0,"pct":42.85}}
,"/home/marjorie/uc/ds/snuffleevees-paltanchez.github.io/src/pages/NotFound.tsx": {"lines":{"total":3,"covered":2,"skipped":0,"pct":66.66},"functions":{"total":1,"covered":1,"skipped":0,"pct":100},"statements":{"total":4,"covered":3,"skipped":0,"pct":75},"branches":{"total":3,"covered":3,"skipped":0,"pct":100}}
,"/home/marjorie/uc/ds/snuffleevees-paltanchez.github.io/src/pages/book-detail/BookDetailPage.tsx": {"lines":{"total":13,"covered":13,"skipped":0,"pct":100},"functions":{"total":6,"covered":6,"skipped":0,"pct":100},"statements":{"total":25,"covered":24,"skipped":0,"pct":96},"branches":{"total":9,"covered":6,"skipped":0,"pct":66.66}}
,"/home/marjorie/uc/ds/snuffleevees-paltanchez.github.io/src/pages/landing-page/LandingPage.tsx": {"lines":{"total":8,"covered":8,"skipped":0,"pct":100},"functions":{"total":4,"covered":4,"skipped":0,"pct":100},"statements":{"total":17,"covered":17,"skipped":0,"pct":100},"branches":{"total":10,"covered":9,"skipped":0,"pct":90}}
,"/home/marjorie/uc/ds/snuffleevees-paltanchez.github.io/src/pages/landing-page/LandingPageSection.tsx": {"lines":{"total":5,"covered":5,"skipped":0,"pct":100},"functions":{"total":3,"covered":3,"skipped":0,"pct":100},"statements":{"total":5,"covered":5,"skipped":0,"pct":100},"branches":{"total":3,"covered":3,"skipped":0,"pct":100}}
,"/home/marjorie/uc/ds/snuffleevees-paltanchez.github.io/src/pages/search/SearchNoResults.tsx": {"lines":{"total":4,"covered":3,"skipped":0,"pct":75},"functions":{"total":2,"covered":1,"skipped":0,"pct":50},"statements":{"total":4,"covered":3,"skipped":0,"pct":75},"branches":{"total":3,"covered":3,"skipped":0,"pct":100}}
,"/home/marjorie/uc/ds/snuffleevees-paltanchez.github.io/src/pages/search/SearchPage.tsx": {"lines":{"total":12,"covered":4,"skipped":0,"pct":33.33},"functions":{"total":5,"covered":1,"skipped":0,"pct":20},"statements":{"total":15,"covered":4,"skipped":0,"pct":26.66},"branches":{"total":11,"covered":3,"skipped":0,"pct":27.27}}
,"/home/marjorie/uc/ds/snuffleevees-paltanchez.github.io/src/pages/search/filters/SearchFilters.tsx": {"lines":{"total":5,"covered":4,"skipped":0,"pct":80},"functions":{"total":3,"covered":1,"skipped":0,"pct":33.33},"statements":{"total":9,"covered":5,"skipped":0,"pct":55.55},"branches":{"total":5,"covered":4,"skipped":0,"pct":80}}
,"/home/marjorie/uc/ds/snuffleevees-paltanchez.github.io/src/pages/search/filters/SearchFiltersItemsPerPage.tsx": {"lines":{"total":10,"covered":4,"skipped":0,"pct":40},"functions":{"total":5,"covered":1,"skipped":0,"pct":20},"statements":{"total":13,"covered":4,"skipped":0,"pct":30.76},"branches":{"total":5,"covered":3,"skipped":0,"pct":60}}
,"/home/marjorie/uc/ds/snuffleevees-paltanchez.github.io/src/pages/search/filters/SearchFiltersPriceRange.tsx": {"lines":{"total":14,"covered":4,"skipped":0,"pct":28.57},"functions":{"total":8,"covered":1,"skipped":0,"pct":12.5},"statements":{"total":17,"covered":4,"skipped":0,"pct":23.52},"branches":{"total":7,"covered":3,"skipped":0,"pct":42.85}}
}
