{"/Users/user/Desktop/repos/puc/mikbooks/src/App.tsx": {"path":"/Users/user/Desktop/repos/puc/mikbooks/src/App.tsx","statementMap":{"0":{"start":{"line":1,"column":48},"end":{"line":1,"column":null}},"1":{"start":{"line":10,"column":2},"end":{"line":20,"column":null}},"2":{"start":{"line":22,"column":1},"end":{"line":9,"column":15}},"3":{"start":{"line":24,"column":18},"end":{"line":24,"column":null}}},"fnMap":{"0":{"name":"(anonymous_0)","decl":{"start":{"line":1,"column":48},"end":{"line":1,"column":null}},"loc":{"start":{"line":1,"column":48},"end":{"line":1,"column":null}}},"1":{"name":"App","decl":{"start":{"line":9,"column":9},"end":{"line":9,"column":15}},"loc":{"start":{"line":9,"column":15},"end":{"line":22,"column":1}}}},"branchMap":{"0":{"loc":{"start":{"line":1,"column":48},"end":{"line":1,"column":null}},"type":"binary-expr","locations":[{"start":{"line":1,"column":48},"end":{"line":1,"column":null}},{"start":{"line":1,"column":48},"end":{"line":1,"column":null}}]},"1":{"loc":{"start":{"line":1,"column":48},"end":{"line":1,"column":null}},"type":"if","locations":[{"start":{"line":1,"column":48},"end":{"line":1,"column":null}}]}},"s":{"0":8,"1":2,"2":1,"3":1},"f":{"0":1,"1":2},"b":{"0":[2,1],"1":[1]}}
,"/Users/user/Desktop/repos/puc/mikbooks/src/main.tsx": {"path":"/Users/user/Desktop/repos/puc/mikbooks/src/main.tsx","statementMap":{"0":{"start":{"line":10,"column":20},"end":{"line":10,"column":null}},"1":{"start":{"line":12,"column":0},"end":{"line":31,"column":null}}},"fnMap":{},"branchMap":{},"s":{"0":1,"1":1},"f":{},"b":{}}
,"/Users/user/Desktop/repos/puc/mikbooks/src/api/client.ts": {"path":"/Users/user/Desktop/repos/puc/mikbooks/src/api/client.ts","statementMap":{"0":{"start":{"line":7,"column":29},"end":{"line":16,"column":null}},"1":{"start":{"line":8,"column":25},"end":{"line":10,"column":null}},"2":{"start":{"line":9,"column":55},"end":{"line":9,"column":74}},"3":{"start":{"line":11,"column":23},"end":{"line":11,"column":null}},"4":{"start":{"line":12,"column":2},"end":{"line":14,"column":null}},"5":{"start":{"line":13,"column":4},"end":{"line":13,"column":null}},"6":{"start":{"line":15,"column":2},"end":{"line":15,"column":null}},"7":{"start":{"line":18,"column":22},"end":{"line":48,"column":null}},"8":{"start":{"line":23,"column":41},"end":{"line":28,"column":null}},"9":{"start":{"line":30,"column":33},"end":{"line":30,"column":null}},"10":{"start":{"line":32,"column":2},"end":{"line":34,"column":null}},"11":{"start":{"line":33,"column":4},"end":{"line":33,"column":null}},"12":{"start":{"line":36,"column":2},"end":{"line":47,"column":null}},"13":{"start":{"line":37,"column":21},"end":{"line":37,"column":null}},"14":{"start":{"line":39,"column":4},"end":{"line":41,"column":null}},"15":{"start":{"line":40,"column":6},"end":{"line":40,"column":null}},"16":{"start":{"line":43,"column":20},"end":{"line":43,"column":null}},"17":{"start":{"line":44,"column":4},"end":{"line":44,"column":null}},"18":{"start":{"line":46,"column":4},"end":{"line":46,"column":null}},"19":{"start":{"line":59,"column":15},"end":{"line":68,"column":null}},"20":{"start":{"line":59,"column":37},"end":{"line":68,"column":null}},"21":{"start":{"line":61,"column":4},"end":{"line":61,"column":null}},"22":{"start":{"line":63,"column":4},"end":{"line":63,"column":null}},"23":{"start":{"line":65,"column":4},"end":{"line":65,"column":null}},"24":{"start":{"line":67,"column":4},"end":{"line":67,"column":null}}},"fnMap":{"0":{"name":"(anonymous_0)","decl":{"start":{"line":7,"column":29},"end":{"line":7,"column":30}},"loc":{"start":{"line":7,"column":67},"end":{"line":16,"column":null}}},"1":{"name":"(anonymous_1)","decl":{"start":{"line":9,"column":40},"end":{"line":9,"column":41}},"loc":{"start":{"line":9,"column":55},"end":{"line":9,"column":74}}},"2":{"name":"(anonymous_2)","decl":{"start":{"line":18,"column":22},"end":{"line":18,"column":null}},"loc":{"start":{"line":22,"column":17},"end":{"line":48,"column":null}}},"3":{"name":"(anonymous_3)","decl":{"start":{"line":59,"column":15},"end":{"line":59,"column":16}},"loc":{"start":{"line":59,"column":37},"end":{"line":68,"column":null}}},"4":{"name":"(anonymous_4)","decl":{"start":{"line":60,"column":7},"end":{"line":60,"column":11}},"loc":{"start":{"line":61,"column":4},"end":{"line":61,"column":null}}},"5":{"name":"(anonymous_5)","decl":{"start":{"line":62,"column":8},"end":{"line":62,"column":12}},"loc":{"start":{"line":63,"column":4},"end":{"line":63,"column":null}}},"6":{"name":"(anonymous_6)","decl":{"start":{"line":64,"column":7},"end":{"line":64,"column":11}},"loc":{"start":{"line":65,"column":4},"end":{"line":65,"column":null}}},"7":{"name":"(anonymous_7)","decl":{"start":{"line":66,"column":10},"end":{"line":66,"column":14}},"loc":{"start":{"line":67,"column":4},"end":{"line":67,"column":null}}}},"branchMap":{"0":{"loc":{"start":{"line":9,"column":19},"end":{"line":9,"column":31}},"type":"binary-expr","locations":[{"start":{"line":9,"column":19},"end":{"line":9,"column":29}},{"start":{"line":9,"column":29},"end":{"line":9,"column":31}}]},"1":{"loc":{"start":{"line":12,"column":2},"end":{"line":14,"column":null}},"type":"if","locations":[{"start":{"line":12,"column":2},"end":{"line":14,"column":null}}]},"2":{"loc":{"start":{"line":32,"column":2},"end":{"line":34,"column":null}},"type":"if","locations":[{"start":{"line":32,"column":2},"end":{"line":34,"column":null}}]},"3":{"loc":{"start":{"line":39,"column":4},"end":{"line":41,"column":null}},"type":"if","locations":[{"start":{"line":39,"column":4},"end":{"line":41,"column":null}}]},"4":{"loc":{"start":{"line":60,"column":29},"end":{"line":60,"column":null}},"type":"default-arg","locations":[{"start":{"line":60,"column":55},"end":{"line":60,"column":null}}]},"5":{"loc":{"start":{"line":62,"column":46},"end":{"line":62,"column":null}},"type":"default-arg","locations":[{"start":{"line":62,"column":72},"end":{"line":62,"column":null}}]},"6":{"loc":{"start":{"line":64,"column":45},"end":{"line":64,"column":null}},"type":"default-arg","locations":[{"start":{"line":64,"column":71},"end":{"line":64,"column":null}}]},"7":{"loc":{"start":{"line":66,"column":32},"end":{"line":66,"column":null}},"type":"default-arg","locations":[{"start":{"line":66,"column":58},"end":{"line":66,"column":null}}]}},"s":{"0":1,"1":1,"2":9,"3":1,"4":1,"5":1,"6":0,"7":1,"8":1,"9":1,"10":1,"11":1,"12":1,"13":1,"14":0,"15":0,"16":0,"17":0,"18":0,"19":1,"20":2,"21":1,"22":0,"23":0,"24":0},"f":{"0":1,"1":9,"2":1,"3":2,"4":1,"5":0,"6":0,"7":0},"b":{"0":[1,0],"1":[1],"2":[1],"3":[0],"4":[0],"5":[0],"6":[0],"7":[0]}}
,"/Users/user/Desktop/repos/puc/mikbooks/src/components/BookCard.tsx": {"path":"/Users/user/Desktop/repos/puc/mikbooks/src/components/BookCard.tsx","statementMap":{"0":{"start":{"line":1,"column":34},"end":{"line":1,"column":null}},"1":{"start":{"line":1,"column":52},"end":{"line":1,"column":null}},"2":{"start":{"line":16,"column":3},"end":{"line":16,"column":null}},"3":{"start":{"line":17,"column":19},"end":{"line":17,"column":null}},"4":{"start":{"line":18,"column":2},"end":{"line":18,"column":null}},"5":{"start":{"line":18,"column":17},"end":{"line":18,"column":null}},"6":{"start":{"line":19,"column":2},"end":{"line":44,"column":null}},"7":{"start":{"line":23,"column":23},"end":{"line":23,"column":null}},"8":{"start":{"line":46,"column":1},"end":{"line":17,"column":31}},"9":{"start":{"line":8,"column":32},"end":{"line":17,"column":31}},"10":{"start":{"line":17,"column":30},"end":{"line":8,"column":32}},"11":{"start":{"line":48,"column":28},"end":{"line":62,"column":null}},"12":{"start":{"line":49,"column":2},"end":{"line":62,"column":null}},"13":{"start":{"line":63,"column":1},"end":{"line":48,"column":25}},"14":{"start":{"line":48,"column":25},"end":{"line":48,"column":28}}},"fnMap":{"0":{"name":"(anonymous_0)","decl":{"start":{"line":1,"column":52},"end":{"line":1,"column":null}},"loc":{"start":{"line":1,"column":52},"end":{"line":1,"column":null}}},"1":{"name":"BookCard","decl":{"start":{"line":8,"column":24},"end":{"line":8,"column":32}},"loc":{"start":{"line":16,"column":3},"end":{"line":46,"column":1}}},"2":{"name":"(anonymous_2)","decl":{"start":{"line":23,"column":17},"end":{"line":23,"column":23}},"loc":{"start":{"line":23,"column":23},"end":{"line":23,"column":null}}},"3":{"name":"(anonymous_3)","decl":{"start":{"line":8,"column":32},"end":{"line":8,"column":33}},"loc":{"start":{"line":8,"column":32},"end":{"line":17,"column":31}}},"4":{"name":"(anonymous_4)","decl":{"start":{"line":48,"column":28},"end":{"line":48,"column":null}},"loc":{"start":{"line":49,"column":2},"end":{"line":62,"column":null}}}},"branchMap":{"0":{"loc":{"start":{"line":1,"column":34},"end":{"line":1,"column":null}},"type":"binary-expr","locations":[{"start":{"line":1,"column":34},"end":{"line":1,"column":null}},{"start":{"line":1,"column":52},"end":{"line":1,"column":null}}]},"1":{"loc":{"start":{"line":1,"column":52},"end":{"line":1,"column":null}},"type":"if","locations":[{"start":{"line":1,"column":52},"end":{"line":1,"column":null}}]},"2":{"loc":{"start":{"line":1,"column":52},"end":{"line":1,"column":null}},"type":"binary-expr","locations":[{"start":{"line":1,"column":52},"end":{"line":1,"column":null}},{"start":{"line":1,"column":52},"end":{"line":1,"column":null}}]},"3":{"loc":{"start":{"line":10,"column":2},"end":{"line":10,"column":null}},"type":"default-arg","locations":[{"start":{"line":10,"column":14},"end":{"line":10,"column":null}}]},"4":{"loc":{"start":{"line":11,"column":2},"end":{"line":11,"column":null}},"type":"default-arg","locations":[{"start":{"line":11,"column":26},"end":{"line":11,"column":null}}]},"5":{"loc":{"start":{"line":18,"column":2},"end":{"line":18,"column":null}},"type":"if","locations":[{"start":{"line":18,"column":2},"end":{"line":18,"column":null}}]}},"s":{"0":1,"1":9,"2":0,"3":0,"4":0,"5":0,"6":0,"7":0,"8":1,"9":0,"10":1,"11":1,"12":0,"13":1,"14":2},"f":{"0":2,"1":0,"2":0,"3":0,"4":0},"b":{"0":[1,0],"1":[1],"2":[1,1],"3":[0],"4":[0],"5":[0]}}
,"/Users/user/Desktop/repos/puc/mikbooks/src/components/BookImage.tsx": {"path":"/Users/user/Desktop/repos/puc/mikbooks/src/components/BookImage.tsx","statementMap":{"0":{"start":{"line":1,"column":53},"end":{"line":1,"column":null}},"1":{"start":{"line":15,"column":2},"end":{"line":23,"column":null}},"2":{"start":{"line":26,"column":1},"end":{"line":9,"column":33}},"3":{"start":{"line":9,"column":33},"end":{"line":9,"column":34}}},"fnMap":{"0":{"name":"(anonymous_0)","decl":{"start":{"line":1,"column":53},"end":{"line":1,"column":null}},"loc":{"start":{"line":1,"column":53},"end":{"line":1,"column":null}}},"1":{"name":"BookImage","decl":{"start":{"line":9,"column":24},"end":{"line":9,"column":33}},"loc":{"start":{"line":14,"column":19},"end":{"line":26,"column":1}}}},"branchMap":{"0":{"loc":{"start":{"line":1,"column":53},"end":{"line":1,"column":null}},"type":"binary-expr","locations":[{"start":{"line":1,"column":53},"end":{"line":1,"column":null}},{"start":{"line":1,"column":53},"end":{"line":1,"column":null}}]},"1":{"loc":{"start":{"line":1,"column":53},"end":{"line":1,"column":null}},"type":"if","locations":[{"start":{"line":1,"column":53},"end":{"line":1,"column":null}}]},"2":{"loc":{"start":{"line":10,"column":2},"end":{"line":10,"column":null}},"type":"default-arg","locations":[{"start":{"line":10,"column":10},"end":{"line":10,"column":null}}]},"3":{"loc":{"start":{"line":11,"column":2},"end":{"line":11,"column":null}},"type":"default-arg","locations":[{"start":{"line":11,"column":10},"end":{"line":11,"column":null}}]},"4":{"loc":{"start":{"line":12,"column":2},"end":{"line":12,"column":null}},"type":"default-arg","locations":[{"start":{"line":12,"column":18},"end":{"line":12,"column":null}}]},"5":{"loc":{"start":{"line":17,"column":11},"end":{"line":17,"column":null}},"type":"binary-expr","locations":[{"start":{"line":17,"column":11},"end":{"line":17,"column":20}},{"start":{"line":17,"column":20},"end":{"line":17,"column":null}}]}},"s":{"0":8,"1":0,"2":1,"3":1},"f":{"0":1,"1":0},"b":{"0":[2,1],"1":[1],"2":[0],"3":[0],"4":[0],"5":[0,0]}}
,"/Users/user/Desktop/repos/puc/mikbooks/src/components/ClipboardButton.tsx": {"path":"/Users/user/Desktop/repos/puc/mikbooks/src/components/ClipboardButton.tsx","statementMap":{"0":{"start":{"line":1,"column":36},"end":{"line":1,"column":null}},"1":{"start":{"line":1,"column":43},"end":{"line":1,"column":null}},"2":{"start":{"line":5,"column":80},"end":{"line":5,"column":null}},"3":{"start":{"line":6,"column":34},"end":{"line":6,"column":null}},"4":{"start":{"line":7,"column":2},"end":{"line":14,"column":null}},"5":{"start":{"line":8,"column":4},"end":{"line":13,"column":null}},"6":{"start":{"line":9,"column":20},"end":{"line":11,"column":null}},"7":{"start":{"line":10,"column":8},"end":{"line":10,"column":null}},"8":{"start":{"line":12,"column":6},"end":{"line":12,"column":null}},"9":{"start":{"line":12,"column":19},"end":{"line":12,"column":null}},"10":{"start":{"line":15,"column":2},"end":{"line":26,"column":null}},"11":{"start":{"line":19,"column":8},"end":{"line":19,"column":null}},"12":{"start":{"line":20,"column":8},"end":{"line":20,"column":null}},"13":{"start":{"line":28,"column":1},"end":{"line":5,"column":40}},"14":{"start":{"line":5,"column":39},"end":{"line":null,"column":-1}},"15":{"start":{"line":5,"column":39},"end":{"line":5,"column":40}}},"fnMap":{"0":{"name":"(anonymous_0)","decl":{"start":{"line":1,"column":43},"end":{"line":1,"column":null}},"loc":{"start":{"line":1,"column":43},"end":{"line":1,"column":null}}},"1":{"name":"ButtonClipboard","decl":{"start":{"line":5,"column":24},"end":{"line":5,"column":39}},"loc":{"start":{"line":5,"column":80},"end":{"line":28,"column":1}}},"2":{"name":"(anonymous_2)","decl":{"start":{"line":7,"column":12},"end":{"line":7,"column":18}},"loc":{"start":{"line":7,"column":18},"end":{"line":14,"column":5}}},"3":{"name":"(anonymous_3)","decl":{"start":{"line":9,"column":31},"end":{"line":9,"column":37}},"loc":{"start":{"line":9,"column":37},"end":{"line":11,"column":9}}},"4":{"name":"(anonymous_4)","decl":{"start":{"line":12,"column":13},"end":{"line":12,"column":19}},"loc":{"start":{"line":12,"column":19},"end":{"line":12,"column":null}}},"5":{"name":"(anonymous_5)","decl":{"start":{"line":18,"column":15},"end":{"line":18,"column":21}},"loc":{"start":{"line":18,"column":21},"end":{"line":21,"column":null}}}},"branchMap":{"0":{"loc":{"start":{"line":1,"column":36},"end":{"line":1,"column":null}},"type":"binary-expr","locations":[{"start":{"line":1,"column":36},"end":{"line":1,"column":null}},{"start":{"line":1,"column":43},"end":{"line":1,"column":null}}]},"1":{"loc":{"start":{"line":1,"column":43},"end":{"line":1,"column":null}},"type":"if","locations":[{"start":{"line":1,"column":43},"end":{"line":1,"column":null}}]},"2":{"loc":{"start":{"line":1,"column":43},"end":{"line":1,"column":null}},"type":"binary-expr","locations":[{"start":{"line":1,"column":43},"end":{"line":1,"column":null}},{"start":{"line":1,"column":43},"end":{"line":1,"column":null}}]},"3":{"loc":{"start":{"line":8,"column":4},"end":{"line":13,"column":null}},"type":"if","locations":[{"start":{"line":8,"column":4},"end":{"line":13,"column":null}}]},"4":{"loc":{"start":{"line":25,"column":7},"end":{"line":25,"column":null}},"type":"cond-expr","locations":[{"start":{"line":25,"column":18},"end":{"line":25,"column":54}},{"start":{"line":25,"column":54},"end":{"line":25,"column":null}}]}},"s":{"0":1,"1":8,"2":0,"3":0,"4":0,"5":0,"6":0,"7":0,"8":0,"9":0,"10":0,"11":0,"12":0,"13":1,"14":1,"15":1},"f":{"0":1,"1":0,"2":0,"3":0,"4":0,"5":0},"b":{"0":[1,0],"1":[1],"2":[1,1],"3":[0],"4":[0,0]}}
,"/Users/user/Desktop/repos/puc/mikbooks/src/components/FavoriteChip.tsx": {"path":"/Users/user/Desktop/repos/puc/mikbooks/src/components/FavoriteChip.tsx","statementMap":{"0":{"start":{"line":1,"column":50},"end":{"line":1,"column":null}},"1":{"start":{"line":14,"column":2},"end":{"line":22,"column":null}},"2":{"start":{"line":24,"column":1},"end":{"line":9,"column":36}},"3":{"start":{"line":9,"column":36},"end":{"line":9,"column":37}}},"fnMap":{"0":{"name":"(anonymous_0)","decl":{"start":{"line":1,"column":50},"end":{"line":1,"column":null}},"loc":{"start":{"line":1,"column":50},"end":{"line":1,"column":null}}},"1":{"name":"FavoriteChip","decl":{"start":{"line":9,"column":24},"end":{"line":9,"column":36}},"loc":{"start":{"line":13,"column":22},"end":{"line":24,"column":1}}}},"branchMap":{"0":{"loc":{"start":{"line":1,"column":50},"end":{"line":1,"column":null}},"type":"binary-expr","locations":[{"start":{"line":1,"column":50},"end":{"line":1,"column":null}},{"start":{"line":1,"column":50},"end":{"line":1,"column":null}}]},"1":{"loc":{"start":{"line":1,"column":50},"end":{"line":1,"column":null}},"type":"if","locations":[{"start":{"line":1,"column":50},"end":{"line":1,"column":null}}]},"2":{"loc":{"start":{"line":11,"column":2},"end":{"line":11,"column":null}},"type":"default-arg","locations":[{"start":{"line":11,"column":18},"end":{"line":11,"column":null}}]}},"s":{"0":8,"1":0,"2":1,"3":1},"f":{"0":1,"1":0},"b":{"0":[2,1],"1":[1],"2":[0]}}
,"/Users/user/Desktop/repos/puc/mikbooks/src/components/LoadingSpinner.tsx": {"path":"/Users/user/Desktop/repos/puc/mikbooks/src/components/LoadingSpinner.tsx","statementMap":{"0":{"start":{"line":1,"column":47},"end":{"line":1,"column":null}},"1":{"start":{"line":4,"column":2},"end":{"line":7,"column":null}},"2":{"start":{"line":9,"column":1},"end":{"line":3,"column":38}},"3":{"start":{"line":3,"column":38},"end":{"line":3,"column":41}}},"fnMap":{"0":{"name":"(anonymous_0)","decl":{"start":{"line":1,"column":47},"end":{"line":1,"column":null}},"loc":{"start":{"line":1,"column":47},"end":{"line":1,"column":null}}},"1":{"name":"LoadingSpinner","decl":{"start":{"line":3,"column":24},"end":{"line":3,"column":38}},"loc":{"start":{"line":3,"column":41},"end":{"line":9,"column":1}}}},"branchMap":{"0":{"loc":{"start":{"line":1,"column":47},"end":{"line":1,"column":null}},"type":"binary-expr","locations":[{"start":{"line":1,"column":47},"end":{"line":1,"column":null}},{"start":{"line":1,"column":47},"end":{"line":1,"column":null}}]},"1":{"loc":{"start":{"line":1,"column":47},"end":{"line":1,"column":null}},"type":"if","locations":[{"start":{"line":1,"column":47},"end":{"line":1,"column":null}}]}},"s":{"0":8,"1":0,"2":1,"3":1},"f":{"0":1,"1":0},"b":{"0":[2,1],"1":[1]}}
,"/Users/user/Desktop/repos/puc/mikbooks/src/components/Logo.tsx": {"path":"/Users/user/Desktop/repos/puc/mikbooks/src/components/Logo.tsx","statementMap":{"0":{"start":{"line":1,"column":42},"end":{"line":1,"column":null}},"1":{"start":{"line":7,"column":2},"end":{"line":7,"column":null}},"2":{"start":{"line":8,"column":1},"end":{"line":6,"column":28}},"3":{"start":{"line":6,"column":28},"end":{"line":6,"column":29}}},"fnMap":{"0":{"name":"(anonymous_0)","decl":{"start":{"line":1,"column":42},"end":{"line":1,"column":null}},"loc":{"start":{"line":1,"column":42},"end":{"line":1,"column":null}}},"1":{"name":"Logo","decl":{"start":{"line":6,"column":24},"end":{"line":6,"column":28}},"loc":{"start":{"line":6,"column":61},"end":{"line":8,"column":1}}}},"branchMap":{"0":{"loc":{"start":{"line":1,"column":42},"end":{"line":1,"column":null}},"type":"binary-expr","locations":[{"start":{"line":1,"column":42},"end":{"line":1,"column":null}},{"start":{"line":1,"column":42},"end":{"line":1,"column":null}}]},"1":{"loc":{"start":{"line":1,"column":42},"end":{"line":1,"column":null}},"type":"if","locations":[{"start":{"line":1,"column":42},"end":{"line":1,"column":null}}]}},"s":{"0":8,"1":2,"2":1,"3":1},"f":{"0":1,"1":2},"b":{"0":[2,1],"1":[1]}}
,"/Users/user/Desktop/repos/puc/mikbooks/src/components/PasswordInput.tsx": {"path":"/Users/user/Desktop/repos/puc/mikbooks/src/components/PasswordInput.tsx","statementMap":{"0":{"start":{"line":1,"column":39},"end":{"line":1,"column":null}},"1":{"start":{"line":5,"column":19},"end":{"line":33,"column":null}},"2":{"start":{"line":5,"column":92},"end":{"line":5,"column":null}},"3":{"start":{"line":6,"column":42},"end":{"line":6,"column":null}},"4":{"start":{"line":7,"column":29},"end":{"line":7,"column":null}},"5":{"start":{"line":7,"column":35},"end":{"line":7,"column":null}},"6":{"start":{"line":7,"column":61},"end":{"line":7,"column":66}},"7":{"start":{"line":9,"column":2},"end":{"line":31,"column":null}},"8":{"start":{"line":33,"column":2},"end":{"line":5,"column":19}},"9":{"start":{"line":35,"column":28},"end":{"line":35,"column":null}}},"fnMap":{"0":{"name":"(anonymous_0)","decl":{"start":{"line":1,"column":39},"end":{"line":1,"column":null}},"loc":{"start":{"line":1,"column":39},"end":{"line":1,"column":null}}},"1":{"name":"(anonymous_1)","decl":{"start":{"line":5,"column":69},"end":{"line":5,"column":70}},"loc":{"start":{"line":5,"column":92},"end":{"line":33,"column":1}}},"2":{"name":"(anonymous_2)","decl":{"start":{"line":7,"column":29},"end":{"line":7,"column":35}},"loc":{"start":{"line":7,"column":35},"end":{"line":7,"column":null}}},"3":{"name":"(anonymous_3)","decl":{"start":{"line":7,"column":51},"end":{"line":7,"column":52}},"loc":{"start":{"line":7,"column":61},"end":{"line":7,"column":66}}}},"branchMap":{"0":{"loc":{"start":{"line":1,"column":39},"end":{"line":1,"column":null}},"type":"binary-expr","locations":[{"start":{"line":1,"column":39},"end":{"line":1,"column":null}},{"start":{"line":1,"column":39},"end":{"line":1,"column":null}}]},"1":{"loc":{"start":{"line":1,"column":39},"end":{"line":1,"column":null}},"type":"if","locations":[{"start":{"line":1,"column":39},"end":{"line":1,"column":null}}]},"2":{"loc":{"start":{"line":17,"column":14},"end":{"line":17,"column":null}},"type":"cond-expr","locations":[{"start":{"line":17,"column":29},"end":{"line":17,"column":38}},{"start":{"line":17,"column":38},"end":{"line":17,"column":null}}]},"3":{"loc":{"start":{"line":23,"column":13},"end":{"line":26,"column":null}},"type":"cond-expr","locations":[{"start":{"line":24,"column":14},"end":{"line":24,"column":null}},{"start":{"line":26,"column":14},"end":{"line":26,"column":null}}]}},"s":{"0":10,"1":1,"2":0,"3":0,"4":0,"5":0,"6":0,"7":0,"8":1,"9":2},"f":{"0":2,"1":0,"2":0,"3":0},"b":{"0":[2,1],"1":[1],"2":[0,0],"3":[0,0]}}
,"/Users/user/Desktop/repos/puc/mikbooks/src/components/BookDetail/BookDetail.tsx": {"path":"/Users/user/Desktop/repos/puc/mikbooks/src/components/BookDetail/BookDetail.tsx","statementMap":{"0":{"start":{"line":1,"column":42},"end":{"line":1,"column":null}},"1":{"start":{"line":10,"column":2},"end":{"line":35,"column":null}},"2":{"start":{"line":37,"column":1},"end":{"line":9,"column":34}},"3":{"start":{"line":9,"column":34},"end":{"line":9,"column":35}}},"fnMap":{"0":{"name":"(anonymous_0)","decl":{"start":{"line":1,"column":42},"end":{"line":1,"column":null}},"loc":{"start":{"line":1,"column":42},"end":{"line":1,"column":null}}},"1":{"name":"BookDetail","decl":{"start":{"line":9,"column":24},"end":{"line":9,"column":34}},"loc":{"start":{"line":9,"column":89},"end":{"line":37,"column":1}}}},"branchMap":{"0":{"loc":{"start":{"line":1,"column":42},"end":{"line":1,"column":null}},"type":"binary-expr","locations":[{"start":{"line":1,"column":42},"end":{"line":1,"column":null}},{"start":{"line":1,"column":42},"end":{"line":1,"column":null}}]},"1":{"loc":{"start":{"line":1,"column":42},"end":{"line":1,"column":null}},"type":"if","locations":[{"start":{"line":1,"column":42},"end":{"line":1,"column":null}}]}},"s":{"0":8,"1":0,"2":1,"3":1},"f":{"0":1,"1":0},"b":{"0":[2,1],"1":[1]}}
,"/Users/user/Desktop/repos/puc/mikbooks/src/components/BookDetail/PriceTable.tsx": {"path":"/Users/user/Desktop/repos/puc/mikbooks/src/components/BookDetail/PriceTable.tsx","statementMap":{"0":{"start":{"line":1,"column":0},"end":{"line":1,"column":null}},"1":{"start":{"line":13,"column":68},"end":{"line":13,"column":null}},"2":{"start":{"line":14,"column":18},"end":{"line":16,"column":null}},"3":{"start":{"line":19,"column":21},"end":{"line":25,"column":null}},"4":{"start":{"line":20,"column":11},"end":{"line":23,"column":null}},"5":{"start":{"line":26,"column":2},"end":{"line":50,"column":null}},"6":{"start":{"line":29,"column":21},"end":{"line":29,"column":null}},"7":{"start":{"line":33,"column":10},"end":{"line":47,"column":null}},"8":{"start":{"line":35,"column":28},"end":{"line":35,"column":null}},"9":{"start":{"line":36,"column":14},"end":{"line":38,"column":null}},"10":{"start":{"line":37,"column":16},"end":{"line":37,"column":null}},"11":{"start":{"line":39,"column":14},"end":{"line":44,"column":null}},"12":{"start":{"line":52,"column":1},"end":{"line":13,"column":35}},"13":{"start":{"line":13,"column":34},"end":{"line":null,"column":-1}},"14":{"start":{"line":54,"column":21},"end":{"line":57,"column":1}},"15":{"start":{"line":55,"column":20},"end":{"line":55,"column":null}},"16":{"start":{"line":56,"column":2},"end":{"line":56,"column":null}},"17":{"start":{"line":57,"column":1},"end":{"line":57,"column":null}}},"fnMap":{"0":{"name":"(anonymous_0)","decl":{"start":{"line":1,"column":0},"end":{"line":1,"column":null}},"loc":{"start":{"line":1,"column":0},"end":{"line":1,"column":null}}},"1":{"name":"PriceTable","decl":{"start":{"line":13,"column":24},"end":{"line":13,"column":34}},"loc":{"start":{"line":13,"column":68},"end":{"line":52,"column":1}}},"2":{"name":"(anonymous_2)","decl":{"start":{"line":20,"column":4},"end":{"line":20,"column":11}},"loc":{"start":{"line":20,"column":11},"end":{"line":23,"column":null}}},"3":{"name":"(anonymous_3)","decl":{"start":{"line":29,"column":9},"end":{"line":29,"column":10}},"loc":{"start":{"line":29,"column":21},"end":{"line":29,"column":null}}},"4":{"name":"(anonymous_4)","decl":{"start":{"line":32,"column":9},"end":{"line":32,"column":10}},"loc":{"start":{"line":33,"column":10},"end":{"line":47,"column":null}}},"5":{"name":"(anonymous_5)","decl":{"start":{"line":34,"column":13},"end":{"line":34,"column":14}},"loc":{"start":{"line":34,"column":28},"end":{"line":46,"column":null}}},"6":{"name":"(anonymous_6)","decl":{"start":{"line":54,"column":21},"end":{"line":54,"column":22}},"loc":{"start":{"line":54,"column":38},"end":{"line":57,"column":1}}}},"branchMap":{"0":{"loc":{"start":{"line":1,"column":0},"end":{"line":1,"column":null}},"type":"binary-expr","locations":[{"start":{"line":1,"column":0},"end":{"line":1,"column":null}},{"start":{"line":1,"column":0},"end":{"line":1,"column":null}}]},"1":{"loc":{"start":{"line":1,"column":0},"end":{"line":1,"column":null}},"type":"if","locations":[{"start":{"line":1,"column":0},"end":{"line":1,"column":null}}]},"2":{"loc":{"start":{"line":35,"column":28},"end":{"line":35,"column":null}},"type":"binary-expr","locations":[{"start":{"line":35,"column":28},"end":{"line":35,"column":60}},{"start":{"line":35,"column":60},"end":{"line":35,"column":null}}]},"3":{"loc":{"start":{"line":36,"column":14},"end":{"line":38,"column":null}},"type":"if","locations":[{"start":{"line":36,"column":14},"end":{"line":38,"column":null}}]}},"s":{"0":9,"1":0,"2":0,"3":0,"4":0,"5":0,"6":0,"7":0,"8":0,"9":0,"10":0,"11":0,"12":1,"13":1,"14":1,"15":0,"16":0,"17":1},"f":{"0":1,"1":0,"2":0,"3":0,"4":0,"5":0,"6":0},"b":{"0":[2,1],"1":[1],"2":[0,0],"3":[0]}}
,"/Users/user/Desktop/repos/puc/mikbooks/src/components/Rating/Stars.tsx": {"path":"/Users/user/Desktop/repos/puc/mikbooks/src/components/Rating/Stars.tsx","statementMap":{"0":{"start":{"line":1,"column":39},"end":{"line":1,"column":null}},"1":{"start":{"line":5,"column":22},"end":{"line":12,"column":null}},"2":{"start":{"line":6,"column":18},"end":{"line":6,"column":null}},"3":{"start":{"line":7,"column":4},"end":{"line":10,"column":null}},"4":{"start":{"line":7,"column":17},"end":{"line":7,"column":20}},"5":{"start":{"line":8,"column":24},"end":{"line":8,"column":null}},"6":{"start":{"line":9,"column":6},"end":{"line":9,"column":null}},"7":{"start":{"line":11,"column":4},"end":{"line":11,"column":null}},"8":{"start":{"line":13,"column":2},"end":{"line":13,"column":null}},"9":{"start":{"line":14,"column":1},"end":{"line":4,"column":29}},"10":{"start":{"line":4,"column":29},"end":{"line":4,"column":30}}},"fnMap":{"0":{"name":"(anonymous_0)","decl":{"start":{"line":1,"column":39},"end":{"line":1,"column":null}},"loc":{"start":{"line":1,"column":39},"end":{"line":1,"column":null}}},"1":{"name":"Stars","decl":{"start":{"line":4,"column":24},"end":{"line":4,"column":29}},"loc":{"start":{"line":4,"column":62},"end":{"line":14,"column":1}}},"2":{"name":"(anonymous_2)","decl":{"start":{"line":5,"column":22},"end":{"line":5,"column":28}},"loc":{"start":{"line":5,"column":28},"end":{"line":12,"column":null}}}},"branchMap":{"0":{"loc":{"start":{"line":1,"column":39},"end":{"line":1,"column":null}},"type":"binary-expr","locations":[{"start":{"line":1,"column":39},"end":{"line":1,"column":null}},{"start":{"line":1,"column":39},"end":{"line":1,"column":null}}]},"1":{"loc":{"start":{"line":1,"column":39},"end":{"line":1,"column":null}},"type":"if","locations":[{"start":{"line":1,"column":39},"end":{"line":1,"column":null}}]},"2":{"loc":{"start":{"line":8,"column":24},"end":{"line":8,"column":null}},"type":"cond-expr","locations":[{"start":{"line":8,"column":37},"end":{"line":8,"column":58}},{"start":{"line":8,"column":58},"end":{"line":8,"column":null}}]}},"s":{"0":8,"1":0,"2":0,"3":0,"4":0,"5":0,"6":0,"7":0,"8":0,"9":1,"10":1},"f":{"0":1,"1":0,"2":0},"b":{"0":[2,1],"1":[1],"2":[0,0]}}
,"/Users/user/Desktop/repos/puc/mikbooks/src/components/navbar/Navbar.tsx": {"path":"/Users/user/Desktop/repos/puc/mikbooks/src/components/navbar/Navbar.tsx","statementMap":{"0":{"start":{"line":1,"column":28},"end":{"line":1,"column":null}},"1":{"start":{"line":1,"column":46},"end":{"line":1,"column":null}},"2":{"start":{"line":7,"column":33},"end":{"line":7,"column":null}},"3":{"start":{"line":8,"column":19},"end":{"line":8,"column":null}},"4":{"start":{"line":9,"column":2},"end":{"line":23,"column":null}},"5":{"start":{"line":12,"column":63},"end":{"line":12,"column":null}},"6":{"start":{"line":25,"column":1},"end":{"line":8,"column":31}},"7":{"start":{"line":7,"column":30},"end":{"line":8,"column":31}},"8":{"start":{"line":8,"column":30},"end":{"line":7,"column":30}},"9":{"start":{"line":7,"column":30},"end":{"line":7,"column":33}}},"fnMap":{"0":{"name":"(anonymous_0)","decl":{"start":{"line":1,"column":46},"end":{"line":1,"column":null}},"loc":{"start":{"line":1,"column":46},"end":{"line":1,"column":null}}},"1":{"name":"Navbar","decl":{"start":{"line":7,"column":24},"end":{"line":7,"column":30}},"loc":{"start":{"line":7,"column":33},"end":{"line":25,"column":1}}},"2":{"name":"(anonymous_2)","decl":{"start":{"line":12,"column":57},"end":{"line":12,"column":63}},"loc":{"start":{"line":12,"column":63},"end":{"line":12,"column":null}}},"3":{"name":"(anonymous_3)","decl":{"start":{"line":7,"column":30},"end":{"line":7,"column":33}},"loc":{"start":{"line":7,"column":30},"end":{"line":8,"column":31}}}},"branchMap":{"0":{"loc":{"start":{"line":1,"column":28},"end":{"line":1,"column":null}},"type":"binary-expr","locations":[{"start":{"line":1,"column":28},"end":{"line":1,"column":null}},{"start":{"line":1,"column":46},"end":{"line":1,"column":null}}]},"1":{"loc":{"start":{"line":1,"column":46},"end":{"line":1,"column":null}},"type":"if","locations":[{"start":{"line":1,"column":46},"end":{"line":1,"column":null}}]},"2":{"loc":{"start":{"line":1,"column":46},"end":{"line":1,"column":null}},"type":"binary-expr","locations":[{"start":{"line":1,"column":46},"end":{"line":1,"column":null}},{"start":{"line":1,"column":46},"end":{"line":1,"column":null}}]}},"s":{"0":1,"1":8,"2":2,"3":2,"4":2,"5":0,"6":1,"7":1,"8":1,"9":1},"f":{"0":1,"1":2,"2":0,"3":1},"b":{"0":[1,0],"1":[1],"2":[1,1]}}
,"/Users/user/Desktop/repos/puc/mikbooks/src/components/navbar/SearchInput.tsx": {"path":"/Users/user/Desktop/repos/puc/mikbooks/src/components/navbar/SearchInput.tsx","statementMap":{"0":{"start":{"line":1,"column":41},"end":{"line":1,"column":null}},"1":{"start":{"line":8,"column":17},"end":{"line":19,"column":null}},"2":{"start":{"line":11,"column":2},"end":{"line":18,"column":null}},"3":{"start":{"line":12,"column":18},"end":{"line":15,"column":null}},"4":{"start":{"line":13,"column":6},"end":{"line":13,"column":null}},"5":{"start":{"line":14,"column":6},"end":{"line":14,"column":null}},"6":{"start":{"line":16,"column":4},"end":{"line":16,"column":null}},"7":{"start":{"line":17,"column":4},"end":{"line":17,"column":null}},"8":{"start":{"line":21,"column":38},"end":{"line":21,"column":null}},"9":{"start":{"line":22,"column":19},"end":{"line":22,"column":null}},"10":{"start":{"line":23,"column":19},"end":{"line":23,"column":null}},"11":{"start":{"line":24,"column":23},"end":{"line":24,"column":null}},"12":{"start":{"line":25,"column":23},"end":{"line":31,"column":null}},"13":{"start":{"line":26,"column":4},"end":{"line":30,"column":null}},"14":{"start":{"line":27,"column":6},"end":{"line":27,"column":null}},"15":{"start":{"line":29,"column":6},"end":{"line":29,"column":null}},"16":{"start":{"line":32,"column":2},"end":{"line":43,"column":null}},"17":{"start":{"line":42,"column":23},"end":{"line":42,"column":null}},"18":{"start":{"line":46,"column":1},"end":{"line":24,"column":38}},"19":{"start":{"line":21,"column":35},"end":{"line":24,"column":38}},"20":{"start":{"line":24,"column":37},"end":{"line":21,"column":35}},"21":{"start":{"line":21,"column":35},"end":{"line":21,"column":38}}},"fnMap":{"0":{"name":"(anonymous_0)","decl":{"start":{"line":1,"column":41},"end":{"line":1,"column":null}},"loc":{"start":{"line":1,"column":41},"end":{"line":1,"column":null}}},"1":{"name":"(anonymous_1)","decl":{"start":{"line":8,"column":17},"end":{"line":8,"column":18}},"loc":{"start":{"line":8,"column":46},"end":{"line":19,"column":null}}},"2":{"name":"executedFunction","decl":{"start":{"line":11,"column":18},"end":{"line":11,"column":38}},"loc":{"start":{"line":11,"column":49},"end":{"line":18,"column":null}}},"3":{"name":"(anonymous_3)","decl":{"start":{"line":12,"column":18},"end":{"line":12,"column":24}},"loc":{"start":{"line":12,"column":24},"end":{"line":15,"column":null}}},"4":{"name":"SearchInput","decl":{"start":{"line":21,"column":24},"end":{"line":21,"column":35}},"loc":{"start":{"line":21,"column":38},"end":{"line":46,"column":1}}},"5":{"name":"(anonymous_5)","decl":{"start":{"line":25,"column":32},"end":{"line":25,"column":33}},"loc":{"start":{"line":25,"column":51},"end":{"line":31,"column":5}}},"6":{"name":"(anonymous_6)","decl":{"start":{"line":42,"column":16},"end":{"line":42,"column":17}},"loc":{"start":{"line":42,"column":23},"end":{"line":42,"column":null}}},"7":{"name":"(anonymous_7)","decl":{"start":{"line":21,"column":35},"end":{"line":21,"column":38}},"loc":{"start":{"line":21,"column":35},"end":{"line":24,"column":38}}}},"branchMap":{"0":{"loc":{"start":{"line":1,"column":41},"end":{"line":1,"column":null}},"type":"binary-expr","locations":[{"start":{"line":1,"column":41},"end":{"line":1,"column":null}},{"start":{"line":1,"column":41},"end":{"line":1,"column":null}}]},"1":{"loc":{"start":{"line":1,"column":41},"end":{"line":1,"column":null}},"type":"if","locations":[{"start":{"line":1,"column":41},"end":{"line":1,"column":null}}]},"2":{"loc":{"start":{"line":26,"column":4},"end":{"line":30,"column":null}},"type":"if","locations":[{"start":{"line":26,"column":4},"end":{"line":30,"column":null}},{"start":{"line":28,"column":11},"end":{"line":30,"column":null}}]}},"s":{"0":9,"1":1,"2":2,"3":0,"4":0,"5":0,"6":0,"7":0,"8":2,"9":2,"10":2,"11":2,"12":2,"13":0,"14":0,"15":0,"16":2,"17":0,"18":1,"19":1,"20":1,"21":1},"f":{"0":1,"1":2,"2":0,"3":0,"4":2,"5":0,"6":0,"7":1},"b":{"0":[2,1],"1":[1],"2":[0,0]}}
,"/Users/user/Desktop/repos/puc/mikbooks/src/components/navbar/User.tsx": {"path":"/Users/user/Desktop/repos/puc/mikbooks/src/components/navbar/User.tsx","statementMap":{"0":{"start":{"line":1,"column":38},"end":{"line":1,"column":null}},"1":{"start":{"line":1,"column":52},"end":{"line":1,"column":null}},"2":{"start":{"line":12,"column":31},"end":{"line":12,"column":null}},"3":{"start":{"line":13,"column":74},"end":{"line":13,"column":null}},"4":{"start":{"line":14,"column":2},"end":{"line":23,"column":null}},"5":{"start":{"line":14,"column":17},"end":{"line":14,"column":null}},"6":{"start":{"line":14,"column":24},"end":{"line":23,"column":null}},"7":{"start":{"line":16,"column":4},"end":{"line":23,"column":null}},"8":{"start":{"line":20,"column":23},"end":{"line":20,"column":43}},"9":{"start":{"line":25,"column":2},"end":{"line":46,"column":null}},"10":{"start":{"line":40,"column":27},"end":{"line":40,"column":36}},"11":{"start":{"line":48,"column":1},"end":{"line":13,"column":83}},"12":{"start":{"line":12,"column":28},"end":{"line":13,"column":83}},"13":{"start":{"line":13,"column":82},"end":{"line":12,"column":28}},"14":{"start":{"line":12,"column":28},"end":{"line":12,"column":31}}},"fnMap":{"0":{"name":"(anonymous_0)","decl":{"start":{"line":1,"column":52},"end":{"line":1,"column":null}},"loc":{"start":{"line":1,"column":52},"end":{"line":1,"column":null}}},"1":{"name":"User","decl":{"start":{"line":12,"column":24},"end":{"line":12,"column":28}},"loc":{"start":{"line":12,"column":31},"end":{"line":48,"column":1}}},"2":{"name":"(anonymous_2)","decl":{"start":{"line":20,"column":17},"end":{"line":20,"column":23}},"loc":{"start":{"line":20,"column":23},"end":{"line":20,"column":43}}},"3":{"name":"(anonymous_3)","decl":{"start":{"line":40,"column":21},"end":{"line":40,"column":27}},"loc":{"start":{"line":40,"column":27},"end":{"line":40,"column":36}}},"4":{"name":"(anonymous_4)","decl":{"start":{"line":12,"column":28},"end":{"line":12,"column":31}},"loc":{"start":{"line":12,"column":28},"end":{"line":13,"column":83}}}},"branchMap":{"0":{"loc":{"start":{"line":1,"column":38},"end":{"line":1,"column":null}},"type":"binary-expr","locations":[{"start":{"line":1,"column":38},"end":{"line":1,"column":null}},{"start":{"line":1,"column":52},"end":{"line":1,"column":null}}]},"1":{"loc":{"start":{"line":1,"column":52},"end":{"line":1,"column":null}},"type":"if","locations":[{"start":{"line":1,"column":52},"end":{"line":1,"column":null}}]},"2":{"loc":{"start":{"line":1,"column":52},"end":{"line":1,"column":null}},"type":"binary-expr","locations":[{"start":{"line":1,"column":52},"end":{"line":1,"column":null}},{"start":{"line":1,"column":52},"end":{"line":1,"column":null}}]},"3":{"loc":{"start":{"line":14,"column":2},"end":{"line":23,"column":null}},"type":"if","locations":[{"start":{"line":14,"column":2},"end":{"line":23,"column":null}},{"start":{"line":14,"column":24},"end":{"line":23,"column":null}}]},"4":{"loc":{"start":{"line":14,"column":24},"end":{"line":23,"column":null}},"type":"if","locations":[{"start":{"line":14,"column":24},"end":{"line":23,"column":null}}]}},"s":{"0":1,"1":8,"2":4,"3":4,"4":4,"5":2,"6":2,"7":2,"8":0,"9":0,"10":0,"11":1,"12":1,"13":1,"14":1},"f":{"0":1,"1":4,"2":0,"3":0,"4":1},"b":{"0":[1,0],"1":[1],"2":[1,1],"3":[2,2],"4":[2]}}
,"/Users/user/Desktop/repos/puc/mikbooks/src/hooks/useClients.ts": {"path":"/Users/user/Desktop/repos/puc/mikbooks/src/hooks/useClients.ts","statementMap":{"0":{"start":{"line":7,"column":33},"end":{"line":10,"column":null}},"1":{"start":{"line":8,"column":29},"end":{"line":8,"column":null}},"2":{"start":{"line":9,"column":2},"end":{"line":9,"column":null}},"3":{"start":{"line":16,"column":33},"end":{"line":19,"column":null}},"4":{"start":{"line":17,"column":22},"end":{"line":17,"column":null}},"5":{"start":{"line":18,"column":2},"end":{"line":18,"column":null}}},"fnMap":{"0":{"name":"(anonymous_0)","decl":{"start":{"line":7,"column":33},"end":{"line":7,"column":39}},"loc":{"start":{"line":7,"column":39},"end":{"line":10,"column":null}}},"1":{"name":"(anonymous_1)","decl":{"start":{"line":16,"column":33},"end":{"line":16,"column":39}},"loc":{"start":{"line":16,"column":39},"end":{"line":19,"column":null}}}},"branchMap":{},"s":{"0":1,"1":0,"2":0,"3":1,"4":2,"5":2},"f":{"0":0,"1":2},"b":{}}
,"/Users/user/Desktop/repos/puc/mikbooks/src/hooks/useQueryParams.ts": {"path":"/Users/user/Desktop/repos/puc/mikbooks/src/hooks/useQueryParams.ts","statementMap":{"0":{"start":{"line":13,"column":30},"end":{"line":37,"column":null}},"1":{"start":{"line":14,"column":19},"end":{"line":14,"column":null}},"2":{"start":{"line":15,"column":31},"end":{"line":15,"column":null}},"3":{"start":{"line":16,"column":16},"end":{"line":16,"column":null}},"4":{"start":{"line":16,"column":30},"end":{"line":16,"column":59}},"5":{"start":{"line":17,"column":22},"end":{"line":17,"column":null}},"6":{"start":{"line":17,"column":36},"end":{"line":17,"column":63}},"7":{"start":{"line":19,"column":19},"end":{"line":23,"column":null}},"8":{"start":{"line":20,"column":21},"end":{"line":20,"column":null}},"9":{"start":{"line":21,"column":4},"end":{"line":21,"column":null}},"10":{"start":{"line":22,"column":4},"end":{"line":22,"column":null}},"11":{"start":{"line":25,"column":22},"end":{"line":29,"column":null}},"12":{"start":{"line":26,"column":21},"end":{"line":26,"column":null}},"13":{"start":{"line":27,"column":4},"end":{"line":27,"column":null}},"14":{"start":{"line":28,"column":4},"end":{"line":28,"column":null}},"15":{"start":{"line":31,"column":2},"end":{"line":36,"column":null}}},"fnMap":{"0":{"name":"(anonymous_0)","decl":{"start":{"line":13,"column":30},"end":{"line":13,"column":36}},"loc":{"start":{"line":13,"column":36},"end":{"line":37,"column":null}}},"1":{"name":"(anonymous_1)","decl":{"start":{"line":16,"column":24},"end":{"line":16,"column":30}},"loc":{"start":{"line":16,"column":30},"end":{"line":16,"column":59}}},"2":{"name":"(anonymous_2)","decl":{"start":{"line":17,"column":30},"end":{"line":17,"column":36}},"loc":{"start":{"line":17,"column":36},"end":{"line":17,"column":63}}},"3":{"name":"(anonymous_3)","decl":{"start":{"line":19,"column":19},"end":{"line":19,"column":20}},"loc":{"start":{"line":19,"column":51},"end":{"line":23,"column":null}}},"4":{"name":"(anonymous_4)","decl":{"start":{"line":25,"column":22},"end":{"line":25,"column":23}},"loc":{"start":{"line":25,"column":39},"end":{"line":29,"column":null}}}},"branchMap":{},"s":{"0":1,"1":2,"2":2,"3":2,"4":2,"5":2,"6":2,"7":2,"8":0,"9":0,"10":0,"11":2,"12":0,"13":0,"14":0,"15":2},"f":{"0":2,"1":2,"2":2,"3":0,"4":0},"b":{}}
,"/Users/user/Desktop/repos/puc/mikbooks/src/hooks/queries/useBooks/apiCalls.ts": {"path":"/Users/user/Desktop/repos/puc/mikbooks/src/hooks/queries/useBooks/apiCalls.ts","statementMap":{"0":{"start":{"line":4,"column":32},"end":{"line":45,"column":null}},"1":{"start":{"line":5,"column":17},"end":{"line":5,"column":null}},"2":{"start":{"line":11,"column":21},"end":{"line":35,"column":null}},"3":{"start":{"line":22,"column":4},"end":{"line":34,"column":null}},"4":{"start":{"line":37,"column":26},"end":{"line":39,"column":null}},"5":{"start":{"line":38,"column":4},"end":{"line":38,"column":null}},"6":{"start":{"line":41,"column":2},"end":{"line":44,"column":null}}},"fnMap":{"0":{"name":"(anonymous_0)","decl":{"start":{"line":4,"column":32},"end":{"line":4,"column":38}},"loc":{"start":{"line":4,"column":38},"end":{"line":45,"column":null}}},"1":{"name":"(anonymous_1)","decl":{"start":{"line":11,"column":21},"end":{"line":11,"column":28}},"loc":{"start":{"line":21,"column":19},"end":{"line":35,"column":null}}},"2":{"name":"(anonymous_2)","decl":{"start":{"line":37,"column":26},"end":{"line":37,"column":33}},"loc":{"start":{"line":37,"column":50},"end":{"line":39,"column":null}}}},"branchMap":{},"s":{"0":1,"1":2,"2":2,"3":1,"4":2,"5":0,"6":2},"f":{"0":2,"1":1,"2":0},"b":{}}
,"/Users/user/Desktop/repos/puc/mikbooks/src/hooks/queries/useBooks/dataTransforms.ts": {"path":"/Users/user/Desktop/repos/puc/mikbooks/src/hooks/queries/useBooks/dataTransforms.ts","statementMap":{"0":{"start":{"line":7,"column":34},"end":{"line":33,"column":null}},"1":{"start":{"line":8,"column":19},"end":{"line":15,"column":null}},"2":{"start":{"line":9,"column":23},"end":{"line":9,"column":null}},"3":{"start":{"line":10,"column":4},"end":{"line":14,"column":null}},"4":{"start":{"line":17,"column":18},"end":{"line":27,"column":null}},"5":{"start":{"line":18,"column":4},"end":{"line":26,"column":null}},"6":{"start":{"line":21,"column":42},"end":{"line":24,"column":8}},"7":{"start":{"line":29,"column":2},"end":{"line":32,"column":null}},"8":{"start":{"line":35,"column":19},"end":{"line":42,"column":null}},"9":{"start":{"line":36,"column":20},"end":{"line":36,"column":null}},"10":{"start":{"line":38,"column":2},"end":{"line":40,"column":null}},"11":{"start":{"line":39,"column":4},"end":{"line":39,"column":null}},"12":{"start":{"line":41,"column":2},"end":{"line":41,"column":null}},"13":{"start":{"line":44,"column":21},"end":{"line":46,"column":null}},"14":{"start":{"line":45,"column":2},"end":{"line":45,"column":null}},"15":{"start":{"line":45,"column":39},"end":{"line":45,"column":75}},"16":{"start":{"line":53,"column":18},"end":{"line":57,"column":null}},"17":{"start":{"line":54,"column":2},"end":{"line":54,"column":null}},"18":{"start":{"line":54,"column":13},"end":{"line":54,"column":null}},"19":{"start":{"line":55,"column":29},"end":{"line":55,"column":null}},"20":{"start":{"line":56,"column":2},"end":{"line":56,"column":null}}},"fnMap":{"0":{"name":"(anonymous_0)","decl":{"start":{"line":7,"column":34},"end":{"line":7,"column":40}},"loc":{"start":{"line":7,"column":40},"end":{"line":33,"column":null}}},"1":{"name":"(anonymous_1)","decl":{"start":{"line":8,"column":19},"end":{"line":8,"column":20}},"loc":{"start":{"line":8,"column":48},"end":{"line":15,"column":null}}},"2":{"name":"(anonymous_2)","decl":{"start":{"line":17,"column":18},"end":{"line":17,"column":19}},"loc":{"start":{"line":17,"column":42},"end":{"line":27,"column":null}}},"3":{"name":"(anonymous_3)","decl":{"start":{"line":21,"column":30},"end":{"line":21,"column":31}},"loc":{"start":{"line":21,"column":42},"end":{"line":24,"column":8}}},"4":{"name":"(anonymous_4)","decl":{"start":{"line":35,"column":19},"end":{"line":35,"column":20}},"loc":{"start":{"line":35,"column":38},"end":{"line":42,"column":null}}},"5":{"name":"(anonymous_5)","decl":{"start":{"line":44,"column":21},"end":{"line":44,"column":22}},"loc":{"start":{"line":44,"column":50},"end":{"line":46,"column":null}}},"6":{"name":"(anonymous_6)","decl":{"start":{"line":45,"column":23},"end":{"line":45,"column":24}},"loc":{"start":{"line":45,"column":39},"end":{"line":45,"column":75}}},"7":{"name":"(anonymous_7)","decl":{"start":{"line":53,"column":18},"end":{"line":53,"column":19}},"loc":{"start":{"line":53,"column":44},"end":{"line":57,"column":null}}}},"branchMap":{"0":{"loc":{"start":{"line":38,"column":2},"end":{"line":40,"column":null}},"type":"if","locations":[{"start":{"line":38,"column":2},"end":{"line":40,"column":null}}]},"1":{"loc":{"start":{"line":45,"column":39},"end":{"line":45,"column":75}},"type":"cond-expr","locations":[{"start":{"line":45,"column":64},"end":{"line":45,"column":70}},{"start":{"line":45,"column":70},"end":{"line":45,"column":75}}]},"2":{"loc":{"start":{"line":54,"column":2},"end":{"line":54,"column":null}},"type":"if","locations":[{"start":{"line":54,"column":2},"end":{"line":54,"column":null}}]}},"s":{"0":1,"1":2,"2":0,"3":0,"4":2,"5":0,"6":0,"7":2,"8":1,"9":0,"10":0,"11":0,"12":0,"13":1,"14":0,"15":0,"16":1,"17":0,"18":0,"19":0,"20":0},"f":{"0":2,"1":0,"2":0,"3":0,"4":0,"5":0,"6":0,"7":0},"b":{"0":[0],"1":[0,0],"2":[0]}}
,"/Users/user/Desktop/repos/puc/mikbooks/src/hooks/queries/useBooks/index.ts": {"path":"/Users/user/Desktop/repos/puc/mikbooks/src/hooks/queries/useBooks/index.ts","statementMap":{"0":{"start":{"line":14,"column":29},"end":{"line":23,"column":null}},"1":{"start":{"line":15,"column":19},"end":{"line":15,"column":null}},"2":{"start":{"line":16,"column":23},"end":{"line":16,"column":null}},"3":{"start":{"line":17,"column":25},"end":{"line":17,"column":null}},"4":{"start":{"line":18,"column":16},"end":{"line":21,"column":null}},"5":{"start":{"line":20,"column":19},"end":{"line":20,"column":null}},"6":{"start":{"line":22,"column":2},"end":{"line":22,"column":null}},"7":{"start":{"line":30,"column":34},"end":{"line":39,"column":null}},"8":{"start":{"line":31,"column":19},"end":{"line":31,"column":null}},"9":{"start":{"line":32,"column":22},"end":{"line":32,"column":null}},"10":{"start":{"line":33,"column":30},"end":{"line":33,"column":null}},"11":{"start":{"line":34,"column":16},"end":{"line":37,"column":null}},"12":{"start":{"line":36,"column":19},"end":{"line":36,"column":null}},"13":{"start":{"line":38,"column":2},"end":{"line":38,"column":null}}},"fnMap":{"0":{"name":"(anonymous_0)","decl":{"start":{"line":14,"column":29},"end":{"line":14,"column":30}},"loc":{"start":{"line":14,"column":57},"end":{"line":23,"column":null}}},"1":{"name":"(anonymous_1)","decl":{"start":{"line":20,"column":13},"end":{"line":20,"column":19}},"loc":{"start":{"line":20,"column":19},"end":{"line":20,"column":null}}},"2":{"name":"(anonymous_2)","decl":{"start":{"line":30,"column":34},"end":{"line":30,"column":35}},"loc":{"start":{"line":30,"column":52},"end":{"line":39,"column":null}}},"3":{"name":"(anonymous_3)","decl":{"start":{"line":36,"column":13},"end":{"line":36,"column":19}},"loc":{"start":{"line":36,"column":19},"end":{"line":36,"column":null}}}},"branchMap":{},"s":{"0":1,"1":2,"2":2,"3":2,"4":2,"5":1,"6":2,"7":1,"8":0,"9":0,"10":0,"11":0,"12":0,"13":0},"f":{"0":2,"1":1,"2":0,"3":0},"b":{}}
,"/Users/user/Desktop/repos/puc/mikbooks/src/hooks/queries/useBooks/queryKeys.ts": {"path":"/Users/user/Desktop/repos/puc/mikbooks/src/hooks/queries/useBooks/queryKeys.ts","statementMap":{"0":{"start":{"line":3,"column":25},"end":{"line":7,"column":null}},"1":{"start":{"line":5,"column":32},"end":{"line":5,"column":null}},"2":{"start":{"line":6,"column":28},"end":{"line":6,"column":null}}},"fnMap":{"0":{"name":"(anonymous_0)","decl":{"start":{"line":5,"column":10},"end":{"line":5,"column":11}},"loc":{"start":{"line":5,"column":32},"end":{"line":5,"column":null}}},"1":{"name":"(anonymous_1)","decl":{"start":{"line":6,"column":10},"end":{"line":6,"column":11}},"loc":{"start":{"line":6,"column":28},"end":{"line":6,"column":null}}}},"branchMap":{},"s":{"0":1,"1":2,"2":0},"f":{"0":2,"1":0},"b":{}}
,"/Users/user/Desktop/repos/puc/mikbooks/src/pages/Admin.tsx": {"path":"/Users/user/Desktop/repos/puc/mikbooks/src/pages/Admin.tsx","statementMap":{"0":{"start":{"line":1,"column":0},"end":{"line":1,"column":null}},"1":{"start":{"line":9,"column":32},"end":{"line":9,"column":null}},"2":{"start":{"line":10,"column":71},"end":{"line":10,"column":null}},"3":{"start":{"line":11,"column":28},"end":{"line":11,"column":null}},"4":{"start":{"line":12,"column":2},"end":{"line":18,"column":null}},"5":{"start":{"line":13,"column":4},"end":{"line":17,"column":null}},"6":{"start":{"line":14,"column":6},"end":{"line":16,"column":null}},"7":{"start":{"line":15,"column":8},"end":{"line":15,"column":null}},"8":{"start":{"line":19,"column":2},"end":{"line":20,"column":null}},"9":{"start":{"line":19,"column":17},"end":{"line":19,"column":null}},"10":{"start":{"line":19,"column":39},"end":{"line":20,"column":null}},"11":{"start":{"line":20,"column":29},"end":{"line":20,"column":null}},"12":{"start":{"line":21,"column":2},"end":{"line":37,"column":null}},"13":{"start":{"line":39,"column":1},"end":{"line":10,"column":80}},"14":{"start":{"line":9,"column":29},"end":{"line":10,"column":80}},"15":{"start":{"line":10,"column":79},"end":{"line":9,"column":29}},"16":{"start":{"line":9,"column":29},"end":{"line":9,"column":32}}},"fnMap":{"0":{"name":"(anonymous_0)","decl":{"start":{"line":1,"column":0},"end":{"line":1,"column":null}},"loc":{"start":{"line":1,"column":0},"end":{"line":1,"column":null}}},"1":{"name":"Admin","decl":{"start":{"line":9,"column":24},"end":{"line":9,"column":29}},"loc":{"start":{"line":9,"column":32},"end":{"line":39,"column":1}}},"2":{"name":"(anonymous_2)","decl":{"start":{"line":12,"column":12},"end":{"line":12,"column":18}},"loc":{"start":{"line":12,"column":18},"end":{"line":18,"column":5}}},"3":{"name":"(anonymous_3)","decl":{"start":{"line":14,"column":36},"end":{"line":14,"column":37}},"loc":{"start":{"line":14,"column":51},"end":{"line":16,"column":7}}},"4":{"name":"(anonymous_4)","decl":{"start":{"line":9,"column":29},"end":{"line":9,"column":32}},"loc":{"start":{"line":9,"column":29},"end":{"line":10,"column":80}}}},"branchMap":{"0":{"loc":{"start":{"line":1,"column":0},"end":{"line":1,"column":null}},"type":"binary-expr","locations":[{"start":{"line":1,"column":0},"end":{"line":1,"column":null}},{"start":{"line":1,"column":0},"end":{"line":1,"column":null}}]},"1":{"loc":{"start":{"line":1,"column":0},"end":{"line":1,"column":null}},"type":"if","locations":[{"start":{"line":1,"column":0},"end":{"line":1,"column":null}}]},"2":{"loc":{"start":{"line":13,"column":4},"end":{"line":17,"column":null}},"type":"if","locations":[{"start":{"line":13,"column":4},"end":{"line":17,"column":null}}]},"3":{"loc":{"start":{"line":19,"column":2},"end":{"line":20,"column":null}},"type":"if","locations":[{"start":{"line":19,"column":2},"end":{"line":20,"column":null}},{"start":{"line":19,"column":39},"end":{"line":20,"column":null}}]},"4":{"loc":{"start":{"line":19,"column":39},"end":{"line":20,"column":null}},"type":"if","locations":[{"start":{"line":19,"column":39},"end":{"line":20,"column":null}}]}},"s":{"0":9,"1":0,"2":0,"3":0,"4":0,"5":0,"6":0,"7":0,"8":0,"9":0,"10":0,"11":0,"12":0,"13":1,"14":0,"15":1,"16":1},"f":{"0":1,"1":0,"2":0,"3":0,"4":0},"b":{"0":[2,1],"1":[1],"2":[0],"3":[0,0],"4":[0]}}
,"/Users/user/Desktop/repos/puc/mikbooks/src/pages/NotFound.tsx": {"path":"/Users/user/Desktop/repos/puc/mikbooks/src/pages/NotFound.tsx","statementMap":{"0":{"start":{"line":1,"column":35},"end":{"line":1,"column":null}},"1":{"start":{"line":2,"column":2},"end":{"line":2,"column":null}},"2":{"start":{"line":3,"column":1},"end":{"line":1,"column":32}},"3":{"start":{"line":1,"column":32},"end":{"line":1,"column":35}}},"fnMap":{"0":{"name":"(anonymous_0)","decl":{"start":{"line":1,"column":35},"end":{"line":1,"column":null}},"loc":{"start":{"line":1,"column":35},"end":{"line":1,"column":null}}}},"branchMap":{"0":{"loc":{"start":{"line":1,"column":35},"end":{"line":1,"column":null}},"type":"binary-expr","locations":[{"start":{"line":1,"column":35},"end":{"line":1,"column":null}},{"start":{"line":1,"column":35},"end":{"line":1,"column":null}}]},"1":{"loc":{"start":{"line":1,"column":35},"end":{"line":1,"column":null}},"type":"if","locations":[{"start":{"line":1,"column":35},"end":{"line":1,"column":null}}]}},"s":{"0":8,"1":0,"2":1,"3":1},"f":{"0":1},"b":{"0":[2,1],"1":[1]}}
,"/Users/user/Desktop/repos/puc/mikbooks/src/pages/book-detail/BookDetailPage.tsx": {"path":"/Users/user/Desktop/repos/puc/mikbooks/src/pages/book-detail/BookDetailPage.tsx","statementMap":{"0":{"start":{"line":1,"column":18},"end":{"line":1,"column":null}},"1":{"start":{"line":1,"column":44},"end":{"line":1,"column":null}},"2":{"start":{"line":6,"column":41},"end":{"line":6,"column":null}},"3":{"start":{"line":7,"column":19},"end":{"line":7,"column":null}},"4":{"start":{"line":8,"column":2},"end":{"line":8,"column":null}},"5":{"start":{"line":8,"column":13},"end":{"line":8,"column":null}},"6":{"start":{"line":9,"column":2},"end":{"line":9,"column":null}},"7":{"start":{"line":10,"column":1},"end":{"line":7,"column":29}},"8":{"start":{"line":6,"column":38},"end":{"line":7,"column":29}},"9":{"start":{"line":7,"column":28},"end":{"line":6,"column":38}},"10":{"start":{"line":12,"column":26},"end":{"line":23,"column":1}},"11":{"start":{"line":12,"column":58},"end":{"line":12,"column":null}},"12":{"start":{"line":13,"column":24},"end":{"line":13,"column":null}},"13":{"start":{"line":14,"column":2},"end":{"line":14,"column":null}},"14":{"start":{"line":14,"column":31},"end":{"line":14,"column":null}},"15":{"start":{"line":15,"column":19},"end":{"line":15,"column":null}},"16":{"start":{"line":16,"column":2},"end":{"line":21,"column":null}},"17":{"start":{"line":23,"column":1},"end":{"line":13,"column":43}},"18":{"start":{"line":12,"column":23},"end":{"line":13,"column":43}},"19":{"start":{"line":13,"column":42},"end":{"line":12,"column":23}},"20":{"start":{"line":12,"column":23},"end":{"line":12,"column":26}}},"fnMap":{"0":{"name":"(anonymous_0)","decl":{"start":{"line":1,"column":44},"end":{"line":1,"column":null}},"loc":{"start":{"line":1,"column":44},"end":{"line":1,"column":null}}},"1":{"name":"BookDetailPage","decl":{"start":{"line":6,"column":24},"end":{"line":6,"column":38}},"loc":{"start":{"line":6,"column":41},"end":{"line":10,"column":1}}},"2":{"name":"(anonymous_2)","decl":{"start":{"line":6,"column":38},"end":{"line":6,"column":41}},"loc":{"start":{"line":6,"column":38},"end":{"line":7,"column":29}}},"3":{"name":"(anonymous_3)","decl":{"start":{"line":12,"column":26},"end":{"line":12,"column":27}},"loc":{"start":{"line":12,"column":58},"end":{"line":23,"column":1}}},"4":{"name":"(anonymous_4)","decl":{"start":{"line":12,"column":23},"end":{"line":12,"column":26}},"loc":{"start":{"line":12,"column":23},"end":{"line":13,"column":43}}}},"branchMap":{"0":{"loc":{"start":{"line":1,"column":18},"end":{"line":1,"column":null}},"type":"binary-expr","locations":[{"start":{"line":1,"column":18},"end":{"line":1,"column":null}},{"start":{"line":1,"column":44},"end":{"line":1,"column":null}}]},"1":{"loc":{"start":{"line":1,"column":44},"end":{"line":1,"column":null}},"type":"if","locations":[{"start":{"line":1,"column":44},"end":{"line":1,"column":null}}]},"2":{"loc":{"start":{"line":1,"column":44},"end":{"line":1,"column":null}},"type":"binary-expr","locations":[{"start":{"line":1,"column":44},"end":{"line":1,"column":null}},{"start":{"line":1,"column":44},"end":{"line":1,"column":null}}]},"3":{"loc":{"start":{"line":8,"column":2},"end":{"line":8,"column":null}},"type":"if","locations":[{"start":{"line":8,"column":2},"end":{"line":8,"column":null}}]},"4":{"loc":{"start":{"line":14,"column":2},"end":{"line":14,"column":null}},"type":"if","locations":[{"start":{"line":14,"column":2},"end":{"line":14,"column":null}}]},"5":{"loc":{"start":{"line":15,"column":19},"end":{"line":15,"column":null}},"type":"binary-expr","locations":[{"start":{"line":15,"column":19},"end":{"line":15,"column":42}},{"start":{"line":15,"column":42},"end":{"line":15,"column":null}}]}},"s":{"0":1,"1":10,"2":0,"3":0,"4":0,"5":0,"6":0,"7":1,"8":0,"9":1,"10":1,"11":0,"12":0,"13":0,"14":0,"15":0,"16":0,"17":1,"18":0,"19":1,"20":2},"f":{"0":2,"1":0,"2":0,"3":0,"4":0},"b":{"0":[1,0],"1":[1],"2":[1,1],"3":[0],"4":[0],"5":[0,0]}}
,"/Users/user/Desktop/repos/puc/mikbooks/src/pages/landing-page/LandingPage.tsx": {"path":"/Users/user/Desktop/repos/puc/mikbooks/src/pages/landing-page/LandingPage.tsx","statementMap":{"0":{"start":{"line":1,"column":31},"end":{"line":1,"column":null}},"1":{"start":{"line":1,"column":53},"end":{"line":1,"column":null}},"2":{"start":{"line":4,"column":38},"end":{"line":4,"column":null}},"3":{"start":{"line":5,"column":21},"end":{"line":5,"column":null}},"4":{"start":{"line":6,"column":16},"end":{"line":6,"column":null}},"5":{"start":{"line":7,"column":2},"end":{"line":7,"column":null}},"6":{"start":{"line":7,"column":28},"end":{"line":7,"column":null}},"7":{"start":{"line":8,"column":2},"end":{"line":12,"column":null}},"8":{"start":{"line":14,"column":1},"end":{"line":5,"column":35}},"9":{"start":{"line":4,"column":35},"end":{"line":5,"column":35}},"10":{"start":{"line":5,"column":34},"end":{"line":4,"column":35}},"11":{"start":{"line":4,"column":35},"end":{"line":4,"column":38}}},"fnMap":{"0":{"name":"(anonymous_0)","decl":{"start":{"line":1,"column":53},"end":{"line":1,"column":null}},"loc":{"start":{"line":1,"column":53},"end":{"line":1,"column":null}}},"1":{"name":"LandingPage","decl":{"start":{"line":4,"column":24},"end":{"line":4,"column":35}},"loc":{"start":{"line":4,"column":38},"end":{"line":14,"column":1}}},"2":{"name":"(anonymous_2)","decl":{"start":{"line":4,"column":35},"end":{"line":4,"column":38}},"loc":{"start":{"line":4,"column":35},"end":{"line":5,"column":35}}}},"branchMap":{"0":{"loc":{"start":{"line":1,"column":31},"end":{"line":1,"column":null}},"type":"binary-expr","locations":[{"start":{"line":1,"column":31},"end":{"line":1,"column":null}},{"start":{"line":1,"column":53},"end":{"line":1,"column":null}}]},"1":{"loc":{"start":{"line":1,"column":53},"end":{"line":1,"column":null}},"type":"if","locations":[{"start":{"line":1,"column":53},"end":{"line":1,"column":null}}]},"2":{"loc":{"start":{"line":1,"column":53},"end":{"line":1,"column":null}},"type":"binary-expr","locations":[{"start":{"line":1,"column":53},"end":{"line":1,"column":null}},{"start":{"line":1,"column":53},"end":{"line":1,"column":null}}]},"3":{"loc":{"start":{"line":6,"column":16},"end":{"line":6,"column":null}},"type":"binary-expr","locations":[{"start":{"line":6,"column":16},"end":{"line":6,"column":41}},{"start":{"line":6,"column":41},"end":{"line":6,"column":null}}]},"4":{"loc":{"start":{"line":7,"column":2},"end":{"line":7,"column":null}},"type":"if","locations":[{"start":{"line":7,"column":2},"end":{"line":7,"column":null}}]}},"s":{"0":1,"1":8,"2":2,"3":2,"4":2,"5":2,"6":2,"7":0,"8":1,"9":1,"10":1,"11":1},"f":{"0":1,"1":2,"2":1},"b":{"0":[1,0],"1":[1],"2":[1,1],"3":[2,2],"4":[2]}}
,"/Users/user/Desktop/repos/puc/mikbooks/src/pages/landing-page/LandingPageSection.tsx": {"path":"/Users/user/Desktop/repos/puc/mikbooks/src/pages/landing-page/LandingPageSection.tsx","statementMap":{"0":{"start":{"line":1,"column":48},"end":{"line":1,"column":null}},"1":{"start":{"line":12,"column":2},"end":{"line":22,"column":null}},"2":{"start":{"line":18,"column":12},"end":{"line":18,"column":null}},"3":{"start":{"line":24,"column":1},"end":{"line":5,"column":42}},"4":{"start":{"line":5,"column":42},"end":{"line":5,"column":43}}},"fnMap":{"0":{"name":"(anonymous_0)","decl":{"start":{"line":1,"column":48},"end":{"line":1,"column":null}},"loc":{"start":{"line":1,"column":48},"end":{"line":1,"column":null}}},"1":{"name":"LandingPageSection","decl":{"start":{"line":5,"column":24},"end":{"line":5,"column":42}},"loc":{"start":{"line":11,"column":3},"end":{"line":24,"column":1}}},"2":{"name":"(anonymous_2)","decl":{"start":{"line":17,"column":21},"end":{"line":17,"column":22}},"loc":{"start":{"line":18,"column":12},"end":{"line":18,"column":null}}}},"branchMap":{"0":{"loc":{"start":{"line":1,"column":48},"end":{"line":1,"column":null}},"type":"binary-expr","locations":[{"start":{"line":1,"column":48},"end":{"line":1,"column":null}},{"start":{"line":1,"column":48},"end":{"line":1,"column":null}}]},"1":{"loc":{"start":{"line":1,"column":48},"end":{"line":1,"column":null}},"type":"if","locations":[{"start":{"line":1,"column":48},"end":{"line":1,"column":null}}]}},"s":{"0":8,"1":0,"2":0,"3":1,"4":1},"f":{"0":1,"1":0,"2":0},"b":{"0":[2,1],"1":[1]}}
,"/Users/user/Desktop/repos/puc/mikbooks/src/pages/search/Search.tsx": {"path":"/Users/user/Desktop/repos/puc/mikbooks/src/pages/search/Search.tsx","statementMap":{"0":{"start":{"line":1,"column":32},"end":{"line":1,"column":null}},"1":{"start":{"line":10,"column":33},"end":{"line":10,"column":null}},"2":{"start":{"line":11,"column":36},"end":{"line":11,"column":null}},"3":{"start":{"line":12,"column":40},"end":{"line":12,"column":null}},"4":{"start":{"line":13,"column":21},"end":{"line":13,"column":null}},"5":{"start":{"line":15,"column":21},"end":{"line":15,"column":null}},"6":{"start":{"line":17,"column":25},"end":{"line":20,"column":null}},"7":{"start":{"line":18,"column":4},"end":{"line":18,"column":null}},"8":{"start":{"line":19,"column":4},"end":{"line":19,"column":null}},"9":{"start":{"line":21,"column":2},"end":{"line":23,"column":null}},"10":{"start":{"line":22,"column":4},"end":{"line":22,"column":null}},"11":{"start":{"line":25,"column":2},"end":{"line":50,"column":null}},"12":{"start":{"line":36,"column":54},"end":{"line":36,"column":86}},"13":{"start":{"line":52,"column":1},"end":{"line":13,"column":35}},"14":{"start":{"line":10,"column":30},"end":{"line":13,"column":35}},"15":{"start":{"line":13,"column":34},"end":{"line":10,"column":30}},"16":{"start":{"line":10,"column":30},"end":{"line":10,"column":33}}},"fnMap":{"0":{"name":"(anonymous_0)","decl":{"start":{"line":1,"column":32},"end":{"line":1,"column":null}},"loc":{"start":{"line":1,"column":32},"end":{"line":1,"column":null}}},"1":{"name":"Search","decl":{"start":{"line":10,"column":24},"end":{"line":10,"column":30}},"loc":{"start":{"line":10,"column":33},"end":{"line":52,"column":1}}},"2":{"name":"(anonymous_2)","decl":{"start":{"line":17,"column":25},"end":{"line":17,"column":26}},"loc":{"start":{"line":17,"column":43},"end":{"line":20,"column":null}}},"3":{"name":"(anonymous_3)","decl":{"start":{"line":36,"column":41},"end":{"line":36,"column":42}},"loc":{"start":{"line":36,"column":54},"end":{"line":36,"column":86}}},"4":{"name":"(anonymous_4)","decl":{"start":{"line":10,"column":30},"end":{"line":10,"column":33}},"loc":{"start":{"line":10,"column":30},"end":{"line":13,"column":35}}}},"branchMap":{"0":{"loc":{"start":{"line":1,"column":32},"end":{"line":1,"column":null}},"type":"binary-expr","locations":[{"start":{"line":1,"column":32},"end":{"line":1,"column":null}},{"start":{"line":1,"column":32},"end":{"line":1,"column":null}}]},"1":{"loc":{"start":{"line":1,"column":32},"end":{"line":1,"column":null}},"type":"if","locations":[{"start":{"line":1,"column":32},"end":{"line":1,"column":null}}]},"2":{"loc":{"start":{"line":12,"column":49},"end":{"line":12,"column":98}},"type":"cond-expr","locations":[{"start":{"line":12,"column":68},"end":{"line":12,"column":97}},{"start":{"line":12,"column":97},"end":{"line":12,"column":98}}]},"3":{"loc":{"start":{"line":15,"column":21},"end":{"line":15,"column":null}},"type":"binary-expr","locations":[{"start":{"line":15,"column":21},"end":{"line":15,"column":52}},{"start":{"line":15,"column":52},"end":{"line":15,"column":null}}]},"4":{"loc":{"start":{"line":21,"column":2},"end":{"line":23,"column":null}},"type":"if","locations":[{"start":{"line":21,"column":2},"end":{"line":23,"column":null}}]},"5":{"loc":{"start":{"line":28,"column":7},"end":{"line":39,"column":null}},"type":"cond-expr","locations":[{"start":{"line":29,"column":8},"end":{"line":29,"column":null}},{"start":{"line":31,"column":8},"end":{"line":39,"column":null}}]},"6":{"loc":{"start":{"line":32,"column":11},"end":{"line":37,"column":null}},"type":"cond-expr","locations":[{"start":{"line":33,"column":12},"end":{"line":33,"column":null}},{"start":{"line":35,"column":12},"end":{"line":37,"column":null}}]}},"s":{"0":9,"1":0,"2":0,"3":0,"4":0,"5":0,"6":0,"7":0,"8":0,"9":0,"10":0,"11":0,"12":0,"13":1,"14":0,"15":1,"16":1},"f":{"0":1,"1":0,"2":0,"3":0,"4":0},"b":{"0":[2,1],"1":[1],"2":[0,0],"3":[0,0],"4":[0],"5":[0,0],"6":[0,0]}}
,"/Users/user/Desktop/repos/puc/mikbooks/src/pages/search/SearchNoResults.tsx": {"path":"/Users/user/Desktop/repos/puc/mikbooks/src/pages/search/SearchNoResults.tsx","statementMap":{"0":{"start":{"line":1,"column":42},"end":{"line":1,"column":null}},"1":{"start":{"line":4,"column":2},"end":{"line":9,"column":null}},"2":{"start":{"line":11,"column":1},"end":{"line":3,"column":39}},"3":{"start":{"line":3,"column":39},"end":{"line":3,"column":42}}},"fnMap":{"0":{"name":"(anonymous_0)","decl":{"start":{"line":1,"column":42},"end":{"line":1,"column":null}},"loc":{"start":{"line":1,"column":42},"end":{"line":1,"column":null}}},"1":{"name":"SearchNoResults","decl":{"start":{"line":3,"column":24},"end":{"line":3,"column":39}},"loc":{"start":{"line":3,"column":42},"end":{"line":11,"column":1}}}},"branchMap":{"0":{"loc":{"start":{"line":1,"column":42},"end":{"line":1,"column":null}},"type":"binary-expr","locations":[{"start":{"line":1,"column":42},"end":{"line":1,"column":null}},{"start":{"line":1,"column":42},"end":{"line":1,"column":null}}]},"1":{"loc":{"start":{"line":1,"column":42},"end":{"line":1,"column":null}},"type":"if","locations":[{"start":{"line":1,"column":42},"end":{"line":1,"column":null}}]}},"s":{"0":8,"1":0,"2":1,"3":1},"f":{"0":1,"1":0},"b":{"0":[2,1],"1":[1]}}
,"/Users/user/Desktop/repos/puc/mikbooks/src/pages/search/filters/SearchFilters.tsx": {"path":"/Users/user/Desktop/repos/puc/mikbooks/src/pages/search/filters/SearchFilters.tsx","statementMap":{"0":{"start":{"line":1,"column":36},"end":{"line":1,"column":null}},"1":{"start":{"line":1,"column":63},"end":{"line":1,"column":null}},"2":{"start":{"line":6,"column":40},"end":{"line":6,"column":null}},"3":{"start":{"line":7,"column":26},"end":{"line":7,"column":null}},"4":{"start":{"line":8,"column":2},"end":{"line":18,"column":null}},"5":{"start":{"line":20,"column":1},"end":{"line":7,"column":41}},"6":{"start":{"line":6,"column":37},"end":{"line":7,"column":41}},"7":{"start":{"line":7,"column":40},"end":{"line":6,"column":37}},"8":{"start":{"line":6,"column":37},"end":{"line":6,"column":40}}},"fnMap":{"0":{"name":"(anonymous_0)","decl":{"start":{"line":1,"column":63},"end":{"line":1,"column":null}},"loc":{"start":{"line":1,"column":63},"end":{"line":1,"column":null}}},"1":{"name":"SearchFilters","decl":{"start":{"line":6,"column":24},"end":{"line":6,"column":37}},"loc":{"start":{"line":6,"column":40},"end":{"line":20,"column":1}}},"2":{"name":"(anonymous_2)","decl":{"start":{"line":6,"column":37},"end":{"line":6,"column":40}},"loc":{"start":{"line":6,"column":37},"end":{"line":7,"column":41}}}},"branchMap":{"0":{"loc":{"start":{"line":1,"column":36},"end":{"line":1,"column":null}},"type":"binary-expr","locations":[{"start":{"line":1,"column":36},"end":{"line":1,"column":null}},{"start":{"line":1,"column":63},"end":{"line":1,"column":null}}]},"1":{"loc":{"start":{"line":1,"column":63},"end":{"line":1,"column":null}},"type":"if","locations":[{"start":{"line":1,"column":63},"end":{"line":1,"column":null}}]},"2":{"loc":{"start":{"line":1,"column":63},"end":{"line":1,"column":null}},"type":"binary-expr","locations":[{"start":{"line":1,"column":63},"end":{"line":1,"column":null}},{"start":{"line":1,"column":63},"end":{"line":1,"column":null}}]}},"s":{"0":1,"1":8,"2":0,"3":0,"4":0,"5":1,"6":0,"7":1,"8":1},"f":{"0":1,"1":0,"2":0},"b":{"0":[1,0],"1":[1],"2":[1,1]}}
,"/Users/user/Desktop/repos/puc/mikbooks/src/pages/search/filters/SearchFiltersItemsPerPage.tsx": {"path":"/Users/user/Desktop/repos/puc/mikbooks/src/pages/search/filters/SearchFiltersItemsPerPage.tsx","statementMap":{"0":{"start":{"line":1,"column":32},"end":{"line":1,"column":null}},"1":{"start":{"line":5,"column":51},"end":{"line":5,"column":null}},"2":{"start":{"line":6,"column":36},"end":{"line":6,"column":null}},"3":{"start":{"line":7,"column":42},"end":{"line":7,"column":null}},"4":{"start":{"line":8,"column":23},"end":{"line":11,"column":null}},"5":{"start":{"line":9,"column":4},"end":{"line":9,"column":null}},"6":{"start":{"line":10,"column":4},"end":{"line":10,"column":null}},"7":{"start":{"line":13,"column":2},"end":{"line":26,"column":null}},"8":{"start":{"line":20,"column":25},"end":{"line":20,"column":null}},"9":{"start":{"line":28,"column":1},"end":{"line":6,"column":51}},"10":{"start":{"line":5,"column":48},"end":{"line":6,"column":51}},"11":{"start":{"line":6,"column":50},"end":{"line":5,"column":48}},"12":{"start":{"line":5,"column":48},"end":{"line":5,"column":51}}},"fnMap":{"0":{"name":"(anonymous_0)","decl":{"start":{"line":1,"column":32},"end":{"line":1,"column":null}},"loc":{"start":{"line":1,"column":32},"end":{"line":1,"column":null}}},"1":{"name":"SearchFiltersItemsByPage","decl":{"start":{"line":5,"column":24},"end":{"line":5,"column":48}},"loc":{"start":{"line":5,"column":51},"end":{"line":28,"column":1}}},"2":{"name":"(anonymous_2)","decl":{"start":{"line":8,"column":23},"end":{"line":8,"column":24}},"loc":{"start":{"line":8,"column":49},"end":{"line":11,"column":null}}},"3":{"name":"(anonymous_3)","decl":{"start":{"line":20,"column":18},"end":{"line":20,"column":19}},"loc":{"start":{"line":20,"column":25},"end":{"line":20,"column":null}}},"4":{"name":"(anonymous_4)","decl":{"start":{"line":5,"column":48},"end":{"line":5,"column":51}},"loc":{"start":{"line":5,"column":48},"end":{"line":6,"column":51}}}},"branchMap":{"0":{"loc":{"start":{"line":1,"column":32},"end":{"line":1,"column":null}},"type":"binary-expr","locations":[{"start":{"line":1,"column":32},"end":{"line":1,"column":null}},{"start":{"line":1,"column":32},"end":{"line":1,"column":null}}]},"1":{"loc":{"start":{"line":1,"column":32},"end":{"line":1,"column":null}},"type":"if","locations":[{"start":{"line":1,"column":32},"end":{"line":1,"column":null}}]},"2":{"loc":{"start":{"line":7,"column":51},"end":{"line":7,"column":76}},"type":"binary-expr","locations":[{"start":{"line":7,"column":51},"end":{"line":7,"column":72}},{"start":{"line":7,"column":72},"end":{"line":7,"column":76}}]}},"s":{"0":9,"1":0,"2":0,"3":0,"4":0,"5":0,"6":0,"7":0,"8":0,"9":1,"10":0,"11":1,"12":1},"f":{"0":1,"1":0,"2":0,"3":0,"4":0},"b":{"0":[2,1],"1":[1],"2":[0,0]}}
,"/Users/user/Desktop/repos/puc/mikbooks/src/pages/search/filters/SearchFiltersPriceRange.tsx": {"path":"/Users/user/Desktop/repos/puc/mikbooks/src/pages/search/filters/SearchFiltersPriceRange.tsx","statementMap":{"0":{"start":{"line":1,"column":32},"end":{"line":1,"column":null}},"1":{"start":{"line":10,"column":50},"end":{"line":10,"column":null}},"2":{"start":{"line":11,"column":36},"end":{"line":11,"column":null}},"3":{"start":{"line":12,"column":40},"end":{"line":15,"column":null}},"4":{"start":{"line":17,"column":33},"end":{"line":28,"column":null}},"5":{"start":{"line":18,"column":4},"end":{"line":20,"column":null}},"6":{"start":{"line":19,"column":6},"end":{"line":19,"column":null}},"7":{"start":{"line":21,"column":4},"end":{"line":23,"column":null}},"8":{"start":{"line":22,"column":6},"end":{"line":22,"column":null}},"9":{"start":{"line":24,"column":4},"end":{"line":27,"column":null}},"10":{"start":{"line":25,"column":29},"end":{"line":25,"column":null}},"11":{"start":{"line":26,"column":6},"end":{"line":26,"column":null}},"12":{"start":{"line":29,"column":2},"end":{"line":56,"column":null}},"13":{"start":{"line":41,"column":12},"end":{"line":41,"column":null}},"14":{"start":{"line":52,"column":12},"end":{"line":52,"column":null}},"15":{"start":{"line":58,"column":1},"end":{"line":11,"column":51}},"16":{"start":{"line":10,"column":47},"end":{"line":11,"column":51}},"17":{"start":{"line":11,"column":50},"end":{"line":10,"column":47}},"18":{"start":{"line":10,"column":47},"end":{"line":10,"column":50}}},"fnMap":{"0":{"name":"(anonymous_0)","decl":{"start":{"line":1,"column":32},"end":{"line":1,"column":null}},"loc":{"start":{"line":1,"column":32},"end":{"line":1,"column":null}}},"1":{"name":"SearchFiltersPriceRange","decl":{"start":{"line":10,"column":24},"end":{"line":10,"column":47}},"loc":{"start":{"line":10,"column":50},"end":{"line":58,"column":1}}},"2":{"name":"(anonymous_2)","decl":{"start":{"line":17,"column":33},"end":{"line":17,"column":34}},"loc":{"start":{"line":17,"column":72},"end":{"line":28,"column":null}}},"3":{"name":"(anonymous_3)","decl":{"start":{"line":24,"column":19},"end":{"line":24,"column":20}},"loc":{"start":{"line":24,"column":42},"end":{"line":27,"column":5}}},"4":{"name":"(anonymous_4)","decl":{"start":{"line":40,"column":20},"end":{"line":40,"column":21}},"loc":{"start":{"line":40,"column":27},"end":{"line":42,"column":12}}},"5":{"name":"(anonymous_5)","decl":{"start":{"line":51,"column":20},"end":{"line":51,"column":21}},"loc":{"start":{"line":51,"column":27},"end":{"line":53,"column":12}}},"6":{"name":"(anonymous_6)","decl":{"start":{"line":10,"column":47},"end":{"line":10,"column":50}},"loc":{"start":{"line":10,"column":47},"end":{"line":11,"column":51}}}},"branchMap":{"0":{"loc":{"start":{"line":1,"column":32},"end":{"line":1,"column":null}},"type":"binary-expr","locations":[{"start":{"line":1,"column":32},"end":{"line":1,"column":null}},{"start":{"line":1,"column":32},"end":{"line":1,"column":null}}]},"1":{"loc":{"start":{"line":1,"column":32},"end":{"line":1,"column":null}},"type":"if","locations":[{"start":{"line":1,"column":32},"end":{"line":1,"column":null}}]},"2":{"loc":{"start":{"line":13,"column":14},"end":{"line":13,"column":null}},"type":"binary-expr","locations":[{"start":{"line":13,"column":14},"end":{"line":13,"column":38}},{"start":{"line":13,"column":38},"end":{"line":13,"column":null}}]},"3":{"loc":{"start":{"line":14,"column":14},"end":{"line":14,"column":null}},"type":"binary-expr","locations":[{"start":{"line":14,"column":14},"end":{"line":14,"column":38}},{"start":{"line":14,"column":38},"end":{"line":14,"column":null}}]},"4":{"loc":{"start":{"line":18,"column":4},"end":{"line":20,"column":null}},"type":"if","locations":[{"start":{"line":18,"column":4},"end":{"line":20,"column":null}}]},"5":{"loc":{"start":{"line":21,"column":4},"end":{"line":23,"column":null}},"type":"if","locations":[{"start":{"line":21,"column":4},"end":{"line":23,"column":null}}]}},"s":{"0":9,"1":0,"2":0,"3":0,"4":0,"5":0,"6":0,"7":0,"8":0,"9":0,"10":0,"11":0,"12":0,"13":0,"14":0,"15":1,"16":0,"17":1,"18":1},"f":{"0":1,"1":0,"2":0,"3":0,"4":0,"5":0,"6":0},"b":{"0":[2,1],"1":[1],"2":[0,0],"3":[0,0],"4":[0],"5":[0]}}
}
