TN:
SF:src/App.tsx
FN:1,(anonymous_0)
FN:9,App
FNF:2
FNH:2
FNDA:68,(anonymous_0)
FNDA:140,App
DA:1,544
DA:10,140
DA:22,68
DA:24,68
LF:4
LH:4
BRDA:1,0,0,136
BRDA:1,0,1,68
BRDA:1,1,0,68
BRF:3
BRH:3
end_of_record
TN:
SF:src/main.tsx
FNF:0
FNH:0
DA:10,68
DA:12,68
LF:2
LH:2
BRF:0
BRH:0
end_of_record
TN:
SF:src/api/client.ts
FN:7,(anonymous_0)
FN:9,(anonymous_1)
FN:18,(anonymous_2)
FN:59,(anonymous_3)
FN:60,(anonymous_4)
FN:62,(anonymous_5)
FN:64,(anonymous_6)
FN:66,(anonymous_7)
FNF:8
FNH:5
FNDA:53,(anonymous_0)
FNDA:477,(anonymous_1)
FNDA:69,(anonymous_2)
FNDA:252,(anonymous_3)
FNDA:69,(anonymous_4)
FNDA:0,(anonymous_5)
FNDA:0,(anonymous_6)
FNDA:0,(anonymous_7)
DA:7,68
DA:8,53
DA:9,477
DA:11,53
DA:12,53
DA:13,53
DA:15,0
DA:18,68
DA:23,69
DA:30,69
DA:32,69
DA:33,53
DA:36,69
DA:37,69
DA:39,53
DA:40,0
DA:43,53
DA:44,53
DA:46,0
DA:59,252
DA:61,69
DA:63,0
DA:65,0
DA:67,0
LF:24
LH:18
BRDA:9,0,0,53
BRDA:9,0,1,0
BRDA:12,1,0,53
BRDA:32,2,0,53
BRDA:39,3,0,0
BRDA:60,4,0,16
BRDA:62,5,0,0
BRDA:64,6,0,0
BRDA:66,7,0,0
BRF:9
BRH:4
end_of_record
TN:
SF:src/components/BookCard.tsx
FN:1,(anonymous_0)
FN:7,BookCard
FN:17,(anonymous_2)
FN:7,(anonymous_3)
FN:48,(anonymous_4)
FN:50,(anonymous_3)
FNF:6
FNH:4
FNDA:136,(anonymous_0)
FNDA:3280,BookCard
FNDA:0,(anonymous_2)
FNDA:1602,(anonymous_3)
FNDA:0,(anonymous_4)
FNDA:35,(anonymous_3)
DA:1,612
DA:7,1680
DA:8,1680
DA:9,1680
DA:10,1680
DA:17,0
DA:46,1602
DA:48,136
DA:49,0
DA:50,105
DA:52,68
DA:63,68
LF:12
LH:10
BRDA:1,0,0,68
BRDA:1,0,1,0
BRDA:1,1,0,68
BRDA:1,2,0,68
BRDA:1,2,1,68
BRDA:7,3,0,1680
BRDA:9,4,0,0
BRF:7
BRH:5
end_of_record
TN:
SF:src/components/BookImage.tsx
FN:1,(anonymous_0)
FN:9,BookImage
FNF:2
FNH:2
FNDA:68,(anonymous_0)
FNDA:1720,BookImage
DA:1,544
DA:9,68
DA:15,1720
DA:26,68
LF:4
LH:4
BRDA:1,0,0,136
BRDA:1,0,1,68
BRDA:1,1,0,68
BRDA:10,2,0,0
BRDA:11,3,0,0
BRDA:12,4,0,0
BRDA:17,5,0,1720
BRDA:17,5,1,1700
BRF:8
BRH:5
end_of_record
TN:
SF:src/components/ClipboardButton.tsx
FN:1,(anonymous_0)
FN:5,ButtonClipboard
FN:7,(anonymous_2)
FN:9,(anonymous_3)
FN:12,(anonymous_4)
FN:18,(anonymous_5)
FNF:6
FNH:1
FNDA:68,(anonymous_0)
FNDA:0,ButtonClipboard
FNDA:0,(anonymous_2)
FNDA:0,(anonymous_3)
FNDA:0,(anonymous_4)
FNDA:0,(anonymous_5)
DA:1,544
DA:5,68
DA:6,0
DA:7,0
DA:8,0
DA:9,0
DA:10,0
DA:12,0
DA:15,0
DA:19,0
DA:20,0
DA:28,68
LF:12
LH:3
BRDA:1,0,0,68
BRDA:1,0,1,0
BRDA:1,1,0,68
BRDA:1,2,0,68
BRDA:1,2,1,68
BRDA:8,3,0,0
BRDA:25,4,0,0
BRDA:25,4,1,0
BRF:8
BRH:4
end_of_record
TN:
SF:src/components/FiltersMenu.tsx
FN:1,(anonymous_0)
FN:5,FiltersMenu
FNF:2
FNH:1
FNDA:68,(anonymous_0)
FNDA:0,FiltersMenu
DA:1,476
DA:5,68
DA:14,0
DA:32,68
LF:4
LH:3
BRDA:1,0,0,68
BRDA:1,0,1,0
BRDA:1,1,0,68
BRDA:1,2,0,68
BRDA:1,2,1,68
BRF:5
BRH:4
end_of_record
TN:
SF:src/components/LoadingSpinner.tsx
FN:1,(anonymous_0)
FN:3,LoadingSpinner
FNF:2
FNH:1
FNDA:68,(anonymous_0)
FNDA:0,LoadingSpinner
DA:1,544
DA:3,68
DA:4,0
DA:9,68
LF:4
LH:3
BRDA:1,0,0,136
BRDA:1,0,1,68
BRDA:1,1,0,68
BRF:3
BRH:3
end_of_record
TN:
SF:src/components/Logo.tsx
FN:1,(anonymous_0)
FN:6,Logo
FNF:2
FNH:2
FNDA:68,(anonymous_0)
FNDA:138,Logo
DA:1,544
DA:6,68
DA:7,138
DA:8,68
LF:4
LH:4
BRDA:1,0,0,136
BRDA:1,0,1,68
BRDA:1,1,0,68
BRF:3
BRH:3
end_of_record
TN:
SF:src/components/PasswordInput.tsx
FN:1,(anonymous_0)
FN:5,(anonymous_1)
FN:7,(anonymous_2)
FN:7,(anonymous_3)
FNF:4
FNH:1
FNDA:136,(anonymous_0)
FNDA:0,(anonymous_1)
FNDA:0,(anonymous_2)
FNDA:0,(anonymous_3)
DA:1,680
DA:5,68
DA:6,0
DA:7,0
DA:9,0
DA:33,68
DA:35,136
LF:7
LH:4
BRDA:1,0,0,136
BRDA:1,0,1,68
BRDA:1,1,0,68
BRDA:17,2,0,0
BRDA:17,2,1,0
BRDA:23,3,0,0
BRDA:23,3,1,0
BRF:7
BRH:3
end_of_record
TN:
SF:src/components/BookDetail/BookDetail.tsx
FN:1,(anonymous_0)
FN:6,BookDetail
FNF:2
FNH:2
FNDA:68,(anonymous_0)
FNDA:40,BookDetail
DA:1,544
DA:6,68
DA:7,40
DA:28,68
LF:4
LH:4
BRDA:1,0,0,136
BRDA:1,0,1,68
BRDA:1,1,0,68
BRF:3
BRH:3
end_of_record
TN:
SF:src/components/BookDetail/PriceTable.tsx
FN:1,(anonymous_0)
FN:13,PriceTable
FN:20,(anonymous_2)
FN:29,(anonymous_3)
FN:32,(anonymous_4)
FN:34,(anonymous_5)
FN:54,(anonymous_6)
FNF:7
FNH:7
FNDA:68,(anonymous_0)
FNDA:40,PriceTable
FNDA:40,(anonymous_2)
FNDA:80,(anonymous_3)
FNDA:40,(anonymous_4)
FNDA:64,(anonymous_5)
FNDA:40,(anonymous_6)
DA:1,612
DA:13,68
DA:14,40
DA:19,40
DA:20,40
DA:26,40
DA:29,80
DA:33,40
DA:35,64
DA:36,64
DA:37,24
DA:39,40
DA:52,68
DA:54,68
DA:55,40
DA:56,24
DA:57,68
LF:17
LH:17
BRDA:1,0,0,136
BRDA:1,0,1,68
BRDA:1,1,0,68
BRDA:35,2,0,64
BRDA:35,2,1,16
BRDA:36,3,0,24
BRF:6
BRH:6
end_of_record
TN:
SF:src/components/Rating/Stars.tsx
FN:1,(anonymous_0)
FN:4,Stars
FN:5,(anonymous_2)
FNF:3
FNH:3
FNDA:68,(anonymous_0)
FNDA:40,Stars
FNDA:40,(anonymous_2)
DA:1,544
DA:4,68
DA:5,40
DA:6,40
DA:7,40
DA:8,200
DA:9,200
DA:11,40
DA:13,40
DA:14,68
LF:10
LH:10
BRDA:1,0,0,136
BRDA:1,0,1,68
BRDA:1,1,0,68
BRDA:8,2,0,0
BRDA:8,2,1,200
BRF:5
BRH:4
end_of_record
TN:
SF:src/components/navbar/Navbar.tsx
FN:1,(anonymous_0)
FN:7,Navbar
FN:12,(anonymous_2)
FN:7,(anonymous_3)
FNF:4
FNH:3
FNDA:68,(anonymous_0)
FNDA:138,Navbar
FNDA:0,(anonymous_2)
FNDA:68,(anonymous_3)
DA:1,544
DA:7,138
DA:8,138
DA:9,138
DA:12,0
DA:25,68
LF:6
LH:5
BRDA:1,0,0,68
BRDA:1,0,1,0
BRDA:1,1,0,68
BRDA:1,2,0,68
BRDA:1,2,1,68
BRF:5
BRH:4
end_of_record
TN:
SF:src/components/navbar/SearchInput.tsx
FN:1,(anonymous_0)
FN:7,SearchInput
FN:12,(anonymous_2)
FN:30,(anonymous_3)
FN:33,(anonymous_4)
FN:39,(anonymous_5)
FN:7,(anonymous_6)
FNF:7
FNH:3
FNDA:68,(anonymous_0)
FNDA:138,SearchInput
FNDA:0,(anonymous_2)
FNDA:0,(anonymous_3)
FNDA:0,(anonymous_4)
FNDA:0,(anonymous_5)
FNDA:68,(anonymous_6)
DA:1,612
DA:7,138
DA:8,138
DA:9,138
DA:10,138
DA:11,138
DA:12,138
DA:13,0
DA:14,0
DA:16,0
DA:19,138
DA:31,0
DA:33,0
DA:39,0
DA:46,68
LF:15
LH:9
BRDA:1,0,0,136
BRDA:1,0,1,68
BRDA:1,1,0,68
BRDA:11,2,0,138
BRDA:11,2,1,138
BRDA:13,3,0,0
BRDA:13,3,1,0
BRDA:31,4,0,0
BRF:8
BRH:5
end_of_record
TN:
SF:src/components/navbar/User.tsx
FN:1,(anonymous_0)
FN:12,User
FN:20,(anonymous_2)
FN:40,(anonymous_3)
FN:12,(anonymous_4)
FNF:5
FNH:3
FNDA:68,(anonymous_0)
FNDA:274,User
FNDA:0,(anonymous_2)
FNDA:0,(anonymous_3)
FNDA:68,(anonymous_4)
DA:1,544
DA:12,274
DA:13,274
DA:14,274
DA:16,138
DA:20,0
DA:25,0
DA:40,0
DA:48,68
LF:9
LH:6
BRDA:1,0,0,68
BRDA:1,0,1,0
BRDA:1,1,0,68
BRDA:1,2,0,68
BRDA:1,2,1,68
BRDA:14,3,0,136
BRDA:14,3,1,138
BRDA:14,4,0,138
BRF:8
BRH:7
end_of_record
TN:
SF:src/hooks/useClients.ts
FN:7,(anonymous_0)
FN:16,(anonymous_1)
FNF:2
FNH:1
FNDA:0,(anonymous_0)
FNDA:252,(anonymous_1)
DA:7,68
DA:8,0
DA:9,0
DA:16,68
DA:17,252
DA:18,252
LF:6
LH:4
BRF:0
BRH:0
end_of_record
TN:
SF:src/hooks/useQueryParams.ts
FN:12,(anonymous_0)
FN:15,(anonymous_1)
FN:16,(anonymous_2)
FN:18,(anonymous_3)
FN:26,(anonymous_4)
FN:31,(anonymous_5)
FNF:6
FNH:3
FNDA:138,(anonymous_0)
FNDA:136,(anonymous_1)
FNDA:136,(anonymous_2)
FNDA:0,(anonymous_3)
FNDA:0,(anonymous_4)
FNDA:0,(anonymous_5)
DA:12,68
DA:13,138
DA:14,138
DA:15,138
DA:16,138
DA:18,138
DA:25,0
DA:26,0
DA:27,0
DA:28,0
DA:31,0
DA:32,0
DA:34,0
DA:37,138
LF:14
LH:7
BRDA:19,0,0,0
BRDA:20,1,0,0
BRDA:27,2,0,0
BRF:3
BRH:0
end_of_record
TN:
SF:src/hooks/queries/useBooks/apiCalls.ts
FN:4,(anonymous_0)
FN:11,(anonymous_1)
FN:37,(anonymous_2)
FNF:3
FNH:3
FNDA:252,(anonymous_0)
FNDA:53,(anonymous_1)
FNDA:16,(anonymous_2)
DA:4,68
DA:5,252
DA:11,252
DA:22,53
DA:37,252
DA:38,16
DA:41,252
LF:7
LH:7
BRF:0
BRH:0
end_of_record
TN:
SF:src/hooks/queries/useBooks/dataTransforms.ts
FN:7,(anonymous_0)
FN:8,(anonymous_1)
FN:17,(anonymous_2)
FN:21,(anonymous_3)
FN:35,(anonymous_4)
FN:39,(anonymous_5)
FN:40,(anonymous_6)
FN:48,(anonymous_7)
FNF:8
FNH:8
FNDA:252,(anonymous_0)
FNDA:37,(anonymous_1)
FNDA:436,(anonymous_2)
FNDA:446,(anonymous_3)
FNDA:882,(anonymous_4)
FNDA:436,(anonymous_5)
FNDA:10,(anonymous_6)
FNDA:436,(anonymous_7)
DA:7,68
DA:8,252
DA:9,37
DA:10,37
DA:17,252
DA:18,436
DA:21,446
DA:29,252
DA:35,68
DA:36,882
DA:39,68
DA:40,436
DA:48,68
DA:49,436
DA:50,10
DA:51,10
LF:16
LH:16
BRDA:40,0,0,10
BRDA:40,0,1,0
BRDA:49,1,0,426
BRF:3
BRH:2
end_of_record
TN:
SF:src/hooks/queries/useBooks/index.ts
FN:14,(anonymous_0)
FN:20,(anonymous_1)
FN:30,(anonymous_2)
FN:36,(anonymous_3)
FNF:4
FNH:4
FNDA:180,(anonymous_0)
FNDA:53,(anonymous_1)
FNDA:72,(anonymous_2)
FNDA:16,(anonymous_3)
DA:14,68
DA:15,180
DA:16,180
DA:17,180
DA:18,180
DA:20,53
DA:22,180
DA:30,68
DA:31,72
DA:32,72
DA:33,72
DA:34,72
DA:36,16
DA:38,72
LF:14
LH:14
BRF:0
BRH:0
end_of_record
TN:
SF:src/hooks/queries/useBooks/queryKeys.ts
FN:5,(anonymous_0)
FN:6,(anonymous_1)
FNF:2
FNH:2
FNDA:180,(anonymous_0)
FNDA:72,(anonymous_1)
DA:3,68
DA:5,180
DA:6,72
LF:3
LH:3
BRF:0
BRH:0
end_of_record
TN:
SF:src/pages/Admin.tsx
FN:1,(anonymous_0)
FN:9,Admin
FN:12,(anonymous_2)
FN:14,(anonymous_3)
FN:9,(anonymous_4)
FNF:5
FNH:1
FNDA:68,(anonymous_0)
FNDA:0,Admin
FNDA:0,(anonymous_2)
FNDA:0,(anonymous_3)
FNDA:0,(anonymous_4)
DA:1,612
DA:9,68
DA:10,68
DA:11,0
DA:12,0
DA:13,0
DA:14,0
DA:15,0
DA:19,0
DA:20,0
DA:21,0
DA:39,68
LF:12
LH:4
BRDA:1,0,0,136
BRDA:1,0,1,68
BRDA:1,1,0,68
BRDA:13,2,0,0
BRDA:19,3,0,0
BRDA:19,3,1,0
BRDA:19,4,0,0
BRF:7
BRH:3
end_of_record
TN:
SF:src/pages/NotFound.tsx
FN:1,(anonymous_0)
FNF:1
FNH:1
FNDA:68,(anonymous_0)
DA:1,544
DA:2,0
DA:3,68
LF:3
LH:2
BRDA:1,0,0,136
BRDA:1,0,1,68
BRDA:1,1,0,68
BRF:3
BRH:3
end_of_record
TN:
SF:src/pages/book-detail/BookDetailPage.tsx
FN:1,(anonymous_0)
FN:6,BookDetailPage
FN:6,(anonymous_2)
FN:12,(anonymous_3)
FN:12,(anonymous_4)
FN:13,(anonymous_4)
FNF:6
FNH:6
FNDA:136,(anonymous_0)
FNDA:36,BookDetailPage
FNDA:16,(anonymous_2)
FNDA:120,(anonymous_3)
FNDA:4,(anonymous_4)
FNDA:12,(anonymous_4)
DA:1,680
DA:6,36
DA:7,68
DA:8,32
DA:9,32
DA:10,68
DA:12,170
DA:13,72
DA:14,72
DA:15,40
DA:16,50
DA:18,24
DA:23,34
LF:13
LH:13
BRDA:1,0,0,68
BRDA:1,0,1,0
BRDA:1,1,0,68
BRDA:1,2,0,68
BRDA:1,2,1,68
BRDA:8,3,0,0
BRDA:14,4,0,32
BRDA:15,5,0,40
BRDA:15,5,1,0
BRF:9
BRH:6
end_of_record
TN:
SF:src/pages/landing-page/LandingPage.tsx
FN:1,(anonymous_0)
FN:4,LandingPage
FN:4,(anonymous_2)
FN:15,(anonymous_2)
FNF:4
FNH:4
FNDA:68,(anonymous_0)
FNDA:280,LandingPage
FNDA:30,(anonymous_2)
FNDA:23,(anonymous_2)
DA:1,544
DA:4,180
DA:5,180
DA:6,180
DA:7,180
DA:8,74
DA:9,40
DA:15,57
LF:8
LH:8
BRDA:1,0,0,68
BRDA:1,0,1,0
BRDA:1,1,0,68
BRDA:1,2,0,68
BRDA:1,2,1,68
BRDA:6,3,0,180
BRDA:6,3,1,106
BRDA:7,4,0,106
BRDA:4,5,0,34
BRDA:4,5,1,34
BRF:10
BRH:9
end_of_record
TN:
SF:src/pages/landing-page/LandingPageSection.tsx
FN:1,(anonymous_0)
FN:5,LandingPageSection
FN:17,(anonymous_2)
FNF:3
FNH:3
FNDA:68,(anonymous_0)
FNDA:148,LandingPageSection
FNDA:1680,(anonymous_2)
DA:1,544
DA:5,68
DA:12,148
DA:18,1680
DA:24,68
LF:5
LH:5
BRDA:1,0,0,136
BRDA:1,0,1,68
BRDA:1,1,0,68
BRF:3
BRH:3
end_of_record
TN:
SF:src/pages/search/SearchNoResults.tsx
FN:1,(anonymous_0)
FN:3,SearchNoResults
FNF:2
FNH:1
FNDA:68,(anonymous_0)
FNDA:0,SearchNoResults
DA:1,544
DA:3,68
DA:4,0
DA:11,68
LF:4
LH:3
BRDA:1,0,0,136
BRDA:1,0,1,68
BRDA:1,1,0,68
BRF:3
BRH:3
end_of_record
TN:
SF:src/pages/search/SearchPage.tsx
FN:1,(anonymous_0)
FN:10,SearchPage
FN:17,(anonymous_2)
FN:33,(anonymous_3)
FN:10,(anonymous_4)
FNF:5
FNH:1
FNDA:68,(anonymous_0)
FNDA:0,SearchPage
FNDA:0,(anonymous_2)
FNDA:0,(anonymous_3)
FNDA:0,(anonymous_4)
DA:1,612
DA:10,68
DA:11,0
DA:12,0
DA:13,68
DA:15,0
DA:17,0
DA:18,0
DA:19,0
DA:22,0
DA:33,0
DA:49,68
LF:12
LH:4
BRDA:1,0,0,136
BRDA:1,0,1,68
BRDA:1,1,0,68
BRDA:12,2,0,0
BRDA:12,2,1,0
BRDA:15,3,0,0
BRDA:15,3,1,0
BRDA:25,4,0,0
BRDA:25,4,1,0
BRDA:29,5,0,0
BRDA:29,5,1,0
BRF:11
BRH:3
end_of_record
TN:
SF:src/pages/search/filters/SearchFilters.tsx
FN:1,(anonymous_0)
FN:6,SearchFilters
FN:6,(anonymous_2)
FNF:3
FNH:1
FNDA:68,(anonymous_0)
FNDA:0,SearchFilters
FNDA:0,(anonymous_2)
DA:1,544
DA:6,68
DA:7,68
DA:8,0
DA:20,68
LF:5
LH:4
BRDA:1,0,0,68
BRDA:1,0,1,0
BRDA:1,1,0,68
BRDA:1,2,0,68
BRDA:1,2,1,68
BRF:5
BRH:4
end_of_record
TN:
SF:src/pages/search/filters/SearchFiltersItemsPerPage.tsx
FN:1,(anonymous_0)
FN:5,SearchFiltersItemsByPage
FN:8,(anonymous_2)
FN:20,(anonymous_3)
FN:5,(anonymous_4)
FNF:5
FNH:1
FNDA:68,(anonymous_0)
FNDA:0,SearchFiltersItemsByPage
FNDA:0,(anonymous_2)
FNDA:0,(anonymous_3)
FNDA:0,(anonymous_4)
DA:1,612
DA:5,68
DA:6,68
DA:7,0
DA:8,0
DA:9,0
DA:10,0
DA:13,0
DA:20,0
DA:28,68
LF:10
LH:4
BRDA:1,0,0,136
BRDA:1,0,1,68
BRDA:1,1,0,68
BRDA:7,2,0,0
BRDA:7,2,1,0
BRF:5
BRH:3
end_of_record
TN:
SF:src/pages/search/filters/SearchFiltersPriceRange.tsx
FN:1,(anonymous_0)
FN:11,SearchFiltersPriceRange
FN:18,(anonymous_2)
FN:19,(anonymous_3)
FN:25,(anonymous_4)
FN:46,(anonymous_5)
FN:57,(anonymous_6)
FN:11,(anonymous_7)
FNF:8
FNH:1
FNDA:68,(anonymous_0)
FNDA:0,SearchFiltersPriceRange
FNDA:0,(anonymous_2)
FNDA:0,(anonymous_3)
FNDA:0,(anonymous_4)
FNDA:0,(anonymous_5)
FNDA:0,(anonymous_6)
FNDA:0,(anonymous_7)
DA:1,612
DA:11,68
DA:12,68
DA:13,0
DA:18,0
DA:19,0
DA:20,0
DA:21,0
DA:25,0
DA:26,0
DA:33,0
DA:47,0
DA:58,0
DA:66,68
LF:14
LH:4
BRDA:1,0,0,136
BRDA:1,0,1,68
BRDA:1,1,0,68
BRDA:14,2,0,0
BRDA:14,2,1,0
BRDA:15,3,0,0
BRDA:15,3,1,0
BRF:7
BRH:3
end_of_record
