TN:
SF:src/App.tsx
FN:1,(anonymous_0)
FN:9,App
FNF:2
FNH:2
FNDA:1,(anonymous_0)
FNDA:2,App
DA:1,8
DA:10,2
DA:22,1
DA:24,1
LF:4
LH:4
BRDA:1,0,0,2
BRDA:1,0,1,1
BRDA:1,1,0,1
BRF:3
BRH:3
end_of_record
TN:
SF:src/main.tsx
FNF:0
FNH:0
DA:10,1
DA:12,1
LF:2
LH:2
BRF:0
BRH:0
end_of_record
TN:
SF:src/api/client.ts
FN:7,(anonymous_0)
FN:9,(anonymous_1)
FN:18,(anonymous_2)
FN:59,(anonymous_3)
FN:60,(anonymous_4)
FN:62,(anonymous_5)
FN:64,(anonymous_6)
FN:66,(anonymous_7)
FNF:8
FNH:5
FNDA:1,(anonymous_0)
FNDA:9,(anonymous_1)
FNDA:1,(anonymous_2)
FNDA:2,(anonymous_3)
FNDA:1,(anonymous_4)
FNDA:0,(anonymous_5)
FNDA:0,(anonymous_6)
FNDA:0,(anonymous_7)
DA:7,1
DA:8,1
DA:9,9
DA:11,1
DA:12,1
DA:13,1
DA:15,0
DA:18,1
DA:23,1
DA:30,1
DA:32,1
DA:33,1
DA:36,1
DA:37,1
DA:39,0
DA:40,0
DA:43,0
DA:44,0
DA:46,0
DA:59,2
DA:61,1
DA:63,0
DA:65,0
DA:67,0
LF:24
LH:15
BRDA:9,0,0,1
BRDA:9,0,1,0
BRDA:12,1,0,1
BRDA:32,2,0,1
BRDA:39,3,0,0
BRDA:60,4,0,0
BRDA:62,5,0,0
BRDA:64,6,0,0
BRDA:66,7,0,0
BRF:9
BRH:3
end_of_record
TN:
SF:src/components/BookCard.tsx
FN:1,(anonymous_0)
FN:8,BookCard
FN:23,(anonymous_2)
FN:8,(anonymous_3)
FN:48,(anonymous_4)
FNF:5
FNH:1
FNDA:2,(anonymous_0)
FNDA:0,BookCard
FNDA:0,(anonymous_2)
FNDA:0,(anonymous_3)
FNDA:0,(anonymous_4)
DA:1,9
DA:8,0
DA:16,0
DA:17,1
DA:18,0
DA:19,0
DA:23,0
DA:46,1
DA:48,2
DA:49,0
DA:63,1
LF:11
LH:5
BRDA:1,0,0,1
BRDA:1,0,1,0
BRDA:1,1,0,1
BRDA:1,2,0,1
BRDA:1,2,1,1
BRDA:10,3,0,0
BRDA:11,4,0,0
BRDA:18,5,0,0
BRF:8
BRH:4
end_of_record
TN:
SF:src/components/BookImage.tsx
FN:1,(anonymous_0)
FN:9,BookImage
FNF:2
FNH:1
FNDA:1,(anonymous_0)
FNDA:0,BookImage
DA:1,8
DA:9,1
DA:15,0
DA:26,1
LF:4
LH:3
BRDA:1,0,0,2
BRDA:1,0,1,1
BRDA:1,1,0,1
BRDA:10,2,0,0
BRDA:11,3,0,0
BRDA:12,4,0,0
BRDA:17,5,0,0
BRDA:17,5,1,0
BRF:8
BRH:3
end_of_record
TN:
SF:src/components/ClipboardButton.tsx
FN:1,(anonymous_0)
FN:5,ButtonClipboard
FN:7,(anonymous_2)
FN:9,(anonymous_3)
FN:12,(anonymous_4)
FN:18,(anonymous_5)
FNF:6
FNH:1
FNDA:1,(anonymous_0)
FNDA:0,ButtonClipboard
FNDA:0,(anonymous_2)
FNDA:0,(anonymous_3)
FNDA:0,(anonymous_4)
FNDA:0,(anonymous_5)
DA:1,8
DA:5,1
DA:6,0
DA:7,0
DA:8,0
DA:9,0
DA:10,0
DA:12,0
DA:15,0
DA:19,0
DA:20,0
DA:28,1
LF:12
LH:3
BRDA:1,0,0,1
BRDA:1,0,1,0
BRDA:1,1,0,1
BRDA:1,2,0,1
BRDA:1,2,1,1
BRDA:8,3,0,0
BRDA:25,4,0,0
BRDA:25,4,1,0
BRF:8
BRH:4
end_of_record
TN:
SF:src/components/FavoriteChip.tsx
FN:1,(anonymous_0)
FN:9,FavoriteChip
FNF:2
FNH:1
FNDA:1,(anonymous_0)
FNDA:0,FavoriteChip
DA:1,8
DA:9,1
DA:14,0
DA:24,1
LF:4
LH:3
BRDA:1,0,0,2
BRDA:1,0,1,1
BRDA:1,1,0,1
BRDA:11,2,0,0
BRF:4
BRH:3
end_of_record
TN:
SF:src/components/LoadingSpinner.tsx
FN:1,(anonymous_0)
FN:3,LoadingSpinner
FNF:2
FNH:1
FNDA:1,(anonymous_0)
FNDA:0,LoadingSpinner
DA:1,8
DA:3,1
DA:4,0
DA:9,1
LF:4
LH:3
BRDA:1,0,0,2
BRDA:1,0,1,1
BRDA:1,1,0,1
BRF:3
BRH:3
end_of_record
TN:
SF:src/components/Logo.tsx
FN:1,(anonymous_0)
FN:6,Logo
FNF:2
FNH:2
FNDA:1,(anonymous_0)
FNDA:2,Logo
DA:1,8
DA:6,1
DA:7,2
DA:8,1
LF:4
LH:4
BRDA:1,0,0,2
BRDA:1,0,1,1
BRDA:1,1,0,1
BRF:3
BRH:3
end_of_record
TN:
SF:src/components/PasswordInput.tsx
FN:1,(anonymous_0)
FN:5,(anonymous_1)
FN:7,(anonymous_2)
FN:7,(anonymous_3)
FNF:4
FNH:1
FNDA:2,(anonymous_0)
FNDA:0,(anonymous_1)
FNDA:0,(anonymous_2)
FNDA:0,(anonymous_3)
DA:1,10
DA:5,1
DA:6,0
DA:7,0
DA:9,0
DA:33,1
DA:35,2
LF:7
LH:4
BRDA:1,0,0,2
BRDA:1,0,1,1
BRDA:1,1,0,1
BRDA:17,2,0,0
BRDA:17,2,1,0
BRDA:23,3,0,0
BRDA:23,3,1,0
BRF:7
BRH:3
end_of_record
TN:
SF:src/components/BookDetail/BookDetail.tsx
FN:1,(anonymous_0)
FN:9,BookDetail
FNF:2
FNH:1
FNDA:1,(anonymous_0)
FNDA:0,BookDetail
DA:1,8
DA:9,1
DA:10,0
DA:37,1
LF:4
LH:3
BRDA:1,0,0,2
BRDA:1,0,1,1
BRDA:1,1,0,1
BRF:3
BRH:3
end_of_record
TN:
SF:src/components/BookDetail/PriceTable.tsx
FN:1,(anonymous_0)
FN:13,PriceTable
FN:20,(anonymous_2)
FN:29,(anonymous_3)
FN:32,(anonymous_4)
FN:34,(anonymous_5)
FN:54,(anonymous_6)
FNF:7
FNH:1
FNDA:1,(anonymous_0)
FNDA:0,PriceTable
FNDA:0,(anonymous_2)
FNDA:0,(anonymous_3)
FNDA:0,(anonymous_4)
FNDA:0,(anonymous_5)
FNDA:0,(anonymous_6)
DA:1,9
DA:13,1
DA:14,0
DA:19,0
DA:20,0
DA:26,0
DA:29,0
DA:33,0
DA:35,0
DA:36,0
DA:37,0
DA:39,0
DA:52,1
DA:54,1
DA:55,0
DA:56,0
DA:57,1
LF:17
LH:5
BRDA:1,0,0,2
BRDA:1,0,1,1
BRDA:1,1,0,1
BRDA:35,2,0,0
BRDA:35,2,1,0
BRDA:36,3,0,0
BRF:6
BRH:3
end_of_record
TN:
SF:src/components/Rating/Stars.tsx
FN:1,(anonymous_0)
FN:4,Stars
FN:5,(anonymous_2)
FNF:3
FNH:1
FNDA:1,(anonymous_0)
FNDA:0,Stars
FNDA:0,(anonymous_2)
DA:1,8
DA:4,1
DA:5,0
DA:6,0
DA:7,0
DA:8,0
DA:9,0
DA:11,0
DA:13,0
DA:14,1
LF:10
LH:3
BRDA:1,0,0,2
BRDA:1,0,1,1
BRDA:1,1,0,1
BRDA:8,2,0,0
BRDA:8,2,1,0
BRF:5
BRH:3
end_of_record
TN:
SF:src/components/navbar/Navbar.tsx
FN:1,(anonymous_0)
FN:7,Navbar
FN:12,(anonymous_2)
FN:7,(anonymous_3)
FNF:4
FNH:3
FNDA:1,(anonymous_0)
FNDA:2,Navbar
FNDA:0,(anonymous_2)
FNDA:1,(anonymous_3)
DA:1,8
DA:7,2
DA:8,2
DA:9,2
DA:12,0
DA:25,1
LF:6
LH:5
BRDA:1,0,0,1
BRDA:1,0,1,0
BRDA:1,1,0,1
BRDA:1,2,0,1
BRDA:1,2,1,1
BRF:5
BRH:4
end_of_record
TN:
SF:src/components/navbar/SearchInput.tsx
FN:1,(anonymous_0)
FN:8,(anonymous_1)
FN:11,executedFunction
FN:12,(anonymous_3)
FN:21,SearchInput
FN:25,(anonymous_5)
FN:42,(anonymous_6)
FN:21,(anonymous_7)
FNF:8
FNH:4
FNDA:1,(anonymous_0)
FNDA:2,(anonymous_1)
FNDA:0,executedFunction
FNDA:0,(anonymous_3)
FNDA:2,SearchInput
FNDA:0,(anonymous_5)
FNDA:0,(anonymous_6)
FNDA:1,(anonymous_7)
DA:1,9
DA:8,1
DA:11,2
DA:12,0
DA:13,0
DA:14,0
DA:16,0
DA:17,0
DA:21,2
DA:22,2
DA:23,2
DA:24,2
DA:25,2
DA:26,0
DA:27,0
DA:29,0
DA:32,2
DA:42,0
DA:46,1
LF:19
LH:10
BRDA:1,0,0,2
BRDA:1,0,1,1
BRDA:1,1,0,1
BRDA:26,2,0,0
BRDA:26,2,1,0
BRF:5
BRH:3
end_of_record
TN:
SF:src/components/navbar/User.tsx
FN:1,(anonymous_0)
FN:12,User
FN:20,(anonymous_2)
FN:40,(anonymous_3)
FN:12,(anonymous_4)
FNF:5
FNH:3
FNDA:1,(anonymous_0)
FNDA:4,User
FNDA:0,(anonymous_2)
FNDA:0,(anonymous_3)
FNDA:1,(anonymous_4)
DA:1,8
DA:12,4
DA:13,4
DA:14,4
DA:16,2
DA:20,0
DA:25,0
DA:40,0
DA:48,1
LF:9
LH:6
BRDA:1,0,0,1
BRDA:1,0,1,0
BRDA:1,1,0,1
BRDA:1,2,0,1
BRDA:1,2,1,1
BRDA:14,3,0,2
BRDA:14,3,1,2
BRDA:14,4,0,2
BRF:8
BRH:7
end_of_record
TN:
SF:src/hooks/useClients.ts
FN:7,(anonymous_0)
FN:16,(anonymous_1)
FNF:2
FNH:1
FNDA:0,(anonymous_0)
FNDA:2,(anonymous_1)
DA:7,1
DA:8,0
DA:9,0
DA:16,1
DA:17,2
DA:18,2
LF:6
LH:4
BRF:0
BRH:0
end_of_record
TN:
SF:src/hooks/useQueryParams.ts
FN:13,(anonymous_0)
FN:16,(anonymous_1)
FN:17,(anonymous_2)
FN:19,(anonymous_3)
FN:25,(anonymous_4)
FNF:5
FNH:3
FNDA:2,(anonymous_0)
FNDA:2,(anonymous_1)
FNDA:2,(anonymous_2)
FNDA:0,(anonymous_3)
FNDA:0,(anonymous_4)
DA:13,1
DA:14,2
DA:15,2
DA:16,2
DA:17,2
DA:19,2
DA:20,0
DA:21,0
DA:22,0
DA:25,2
DA:26,0
DA:27,0
DA:28,0
DA:31,2
LF:14
LH:8
BRF:0
BRH:0
end_of_record
TN:
SF:src/hooks/queries/useBooks/apiCalls.ts
FN:4,(anonymous_0)
FN:11,(anonymous_1)
FN:37,(anonymous_2)
FNF:3
FNH:2
FNDA:2,(anonymous_0)
FNDA:1,(anonymous_1)
FNDA:0,(anonymous_2)
DA:4,1
DA:5,2
DA:11,2
DA:22,1
DA:37,2
DA:38,0
DA:41,2
LF:7
LH:6
BRF:0
BRH:0
end_of_record
TN:
SF:src/hooks/queries/useBooks/dataTransforms.ts
FN:7,(anonymous_0)
FN:8,(anonymous_1)
FN:17,(anonymous_2)
FN:21,(anonymous_3)
FN:35,(anonymous_4)
FN:44,(anonymous_5)
FN:45,(anonymous_6)
FN:53,(anonymous_7)
FNF:8
FNH:1
FNDA:2,(anonymous_0)
FNDA:0,(anonymous_1)
FNDA:0,(anonymous_2)
FNDA:0,(anonymous_3)
FNDA:0,(anonymous_4)
FNDA:0,(anonymous_5)
FNDA:0,(anonymous_6)
FNDA:0,(anonymous_7)
DA:7,1
DA:8,2
DA:9,0
DA:10,0
DA:17,2
DA:18,0
DA:21,0
DA:29,2
DA:35,1
DA:36,0
DA:38,0
DA:39,0
DA:41,0
DA:44,1
DA:45,0
DA:53,1
DA:54,0
DA:55,0
DA:56,0
LF:19
LH:7
BRDA:38,0,0,0
BRDA:45,1,0,0
BRDA:45,1,1,0
BRDA:54,2,0,0
BRF:4
BRH:0
end_of_record
TN:
SF:src/hooks/queries/useBooks/index.ts
FN:14,(anonymous_0)
FN:20,(anonymous_1)
FN:30,(anonymous_2)
FN:36,(anonymous_3)
FNF:4
FNH:2
FNDA:2,(anonymous_0)
FNDA:1,(anonymous_1)
FNDA:0,(anonymous_2)
FNDA:0,(anonymous_3)
DA:14,1
DA:15,2
DA:16,2
DA:17,2
DA:18,2
DA:20,1
DA:22,2
DA:30,1
DA:31,0
DA:32,0
DA:33,0
DA:34,0
DA:36,0
DA:38,0
LF:14
LH:8
BRF:0
BRH:0
end_of_record
TN:
SF:src/hooks/queries/useBooks/queryKeys.ts
FN:5,(anonymous_0)
FN:6,(anonymous_1)
FNF:2
FNH:1
FNDA:2,(anonymous_0)
FNDA:0,(anonymous_1)
DA:3,1
DA:5,2
DA:6,0
LF:3
LH:2
BRF:0
BRH:0
end_of_record
TN:
SF:src/pages/Admin.tsx
FN:1,(anonymous_0)
FN:9,Admin
FN:12,(anonymous_2)
FN:14,(anonymous_3)
FN:9,(anonymous_4)
FNF:5
FNH:1
FNDA:1,(anonymous_0)
FNDA:0,Admin
FNDA:0,(anonymous_2)
FNDA:0,(anonymous_3)
FNDA:0,(anonymous_4)
DA:1,9
DA:9,1
DA:10,1
DA:11,0
DA:12,0
DA:13,0
DA:14,0
DA:15,0
DA:19,0
DA:20,0
DA:21,0
DA:39,1
LF:12
LH:4
BRDA:1,0,0,2
BRDA:1,0,1,1
BRDA:1,1,0,1
BRDA:13,2,0,0
BRDA:19,3,0,0
BRDA:19,3,1,0
BRDA:19,4,0,0
BRF:7
BRH:3
end_of_record
TN:
SF:src/pages/NotFound.tsx
FN:1,(anonymous_0)
FNF:1
FNH:1
FNDA:1,(anonymous_0)
DA:1,8
DA:2,0
DA:3,1
LF:3
LH:2
BRDA:1,0,0,2
BRDA:1,0,1,1
BRDA:1,1,0,1
BRF:3
BRH:3
end_of_record
TN:
SF:src/pages/book-detail/BookDetailPage.tsx
FN:1,(anonymous_0)
FN:6,BookDetailPage
FN:6,(anonymous_2)
FN:12,(anonymous_3)
FN:12,(anonymous_4)
FNF:5
FNH:1
FNDA:2,(anonymous_0)
FNDA:0,BookDetailPage
FNDA:0,(anonymous_2)
FNDA:0,(anonymous_3)
FNDA:0,(anonymous_4)
DA:1,10
DA:6,0
DA:7,1
DA:8,0
DA:9,0
DA:10,1
DA:12,2
DA:13,1
DA:14,0
DA:15,0
DA:16,0
DA:23,1
LF:12
LH:6
BRDA:1,0,0,1
BRDA:1,0,1,0
BRDA:1,1,0,1
BRDA:1,2,0,1
BRDA:1,2,1,1
BRDA:8,3,0,0
BRDA:14,4,0,0
BRDA:15,5,0,0
BRDA:15,5,1,0
BRF:9
BRH:4
end_of_record
TN:
SF:src/pages/landing-page/LandingPage.tsx
FN:1,(anonymous_0)
FN:4,LandingPage
FN:4,(anonymous_2)
FNF:3
FNH:3
FNDA:1,(anonymous_0)
FNDA:2,LandingPage
FNDA:1,(anonymous_2)
DA:1,8
DA:4,2
DA:5,2
DA:6,2
DA:7,2
DA:8,0
DA:14,1
LF:7
LH:6
BRDA:1,0,0,1
BRDA:1,0,1,0
BRDA:1,1,0,1
BRDA:1,2,0,1
BRDA:1,2,1,1
BRDA:6,3,0,2
BRDA:6,3,1,2
BRDA:7,4,0,2
BRF:8
BRH:7
end_of_record
TN:
SF:src/pages/landing-page/LandingPageSection.tsx
FN:1,(anonymous_0)
FN:5,LandingPageSection
FN:17,(anonymous_2)
FNF:3
FNH:1
FNDA:1,(anonymous_0)
FNDA:0,LandingPageSection
FNDA:0,(anonymous_2)
DA:1,8
DA:5,1
DA:12,0
DA:18,0
DA:24,1
LF:5
LH:3
BRDA:1,0,0,2
BRDA:1,0,1,1
BRDA:1,1,0,1
BRF:3
BRH:3
end_of_record
TN:
SF:src/pages/search/Search.tsx
FN:1,(anonymous_0)
FN:10,Search
FN:17,(anonymous_2)
FN:36,(anonymous_3)
FN:10,(anonymous_4)
FNF:5
FNH:1
FNDA:1,(anonymous_0)
FNDA:0,Search
FNDA:0,(anonymous_2)
FNDA:0,(anonymous_3)
FNDA:0,(anonymous_4)
DA:1,9
DA:10,1
DA:11,0
DA:12,0
DA:13,1
DA:15,0
DA:17,0
DA:18,0
DA:19,0
DA:21,0
DA:22,0
DA:25,0
DA:36,0
DA:52,1
LF:14
LH:4
BRDA:1,0,0,2
BRDA:1,0,1,1
BRDA:1,1,0,1
BRDA:12,2,0,0
BRDA:12,2,1,0
BRDA:15,3,0,0
BRDA:15,3,1,0
BRDA:21,4,0,0
BRDA:28,5,0,0
BRDA:28,5,1,0
BRDA:32,6,0,0
BRDA:32,6,1,0
BRF:12
BRH:3
end_of_record
TN:
SF:src/pages/search/SearchNoResults.tsx
FN:1,(anonymous_0)
FN:3,SearchNoResults
FNF:2
FNH:1
FNDA:1,(anonymous_0)
FNDA:0,SearchNoResults
DA:1,8
DA:3,1
DA:4,0
DA:11,1
LF:4
LH:3
BRDA:1,0,0,2
BRDA:1,0,1,1
BRDA:1,1,0,1
BRF:3
BRH:3
end_of_record
TN:
SF:src/pages/search/filters/SearchFilters.tsx
FN:1,(anonymous_0)
FN:6,SearchFilters
FN:6,(anonymous_2)
FNF:3
FNH:1
FNDA:1,(anonymous_0)
FNDA:0,SearchFilters
FNDA:0,(anonymous_2)
DA:1,8
DA:6,1
DA:7,1
DA:8,0
DA:20,1
LF:5
LH:4
BRDA:1,0,0,1
BRDA:1,0,1,0
BRDA:1,1,0,1
BRDA:1,2,0,1
BRDA:1,2,1,1
BRF:5
BRH:4
end_of_record
TN:
SF:src/pages/search/filters/SearchFiltersItemsPerPage.tsx
FN:1,(anonymous_0)
FN:5,SearchFiltersItemsByPage
FN:8,(anonymous_2)
FN:20,(anonymous_3)
FN:5,(anonymous_4)
FNF:5
FNH:1
FNDA:1,(anonymous_0)
FNDA:0,SearchFiltersItemsByPage
FNDA:0,(anonymous_2)
FNDA:0,(anonymous_3)
FNDA:0,(anonymous_4)
DA:1,9
DA:5,1
DA:6,1
DA:7,0
DA:8,0
DA:9,0
DA:10,0
DA:13,0
DA:20,0
DA:28,1
LF:10
LH:4
BRDA:1,0,0,2
BRDA:1,0,1,1
BRDA:1,1,0,1
BRDA:7,2,0,0
BRDA:7,2,1,0
BRF:5
BRH:3
end_of_record
TN:
SF:src/pages/search/filters/SearchFiltersPriceRange.tsx
FN:1,(anonymous_0)
FN:10,SearchFiltersPriceRange
FN:17,(anonymous_2)
FN:24,(anonymous_3)
FN:40,(anonymous_4)
FN:51,(anonymous_5)
FN:10,(anonymous_6)
FNF:7
FNH:1
FNDA:1,(anonymous_0)
FNDA:0,SearchFiltersPriceRange
FNDA:0,(anonymous_2)
FNDA:0,(anonymous_3)
FNDA:0,(anonymous_4)
FNDA:0,(anonymous_5)
FNDA:0,(anonymous_6)
DA:1,9
DA:10,1
DA:11,1
DA:12,0
DA:17,0
DA:18,0
DA:19,0
DA:21,0
DA:22,0
DA:24,0
DA:25,0
DA:26,0
DA:29,0
DA:41,0
DA:52,0
DA:58,1
LF:16
LH:4
BRDA:1,0,0,2
BRDA:1,0,1,1
BRDA:1,1,0,1
BRDA:13,2,0,0
BRDA:13,2,1,0
BRDA:14,3,0,0
BRDA:14,3,1,0
BRDA:18,4,0,0
BRDA:21,5,0,0
BRF:9
BRH:3
end_of_record
